2018-10-15 08:42:32,942 INFO o.a.j.u.JMeterUtils: Setting Locale to en_EN
2018-10-15 08:42:32,959 INFO o.a.j.JMeter: Loading user properties from: /jmeter/apache-jmeter-5.0/bin/user.properties
2018-10-15 08:42:32,959 INFO o.a.j.JMeter: Loading system properties from: /jmeter/apache-jmeter-5.0/bin/system.properties
2018-10-15 08:42:32,968 INFO o.a.j.JMeter: Copyright (c) 1998-2018 The Apache Software Foundation
2018-10-15 08:42:32,968 INFO o.a.j.JMeter: Version 5.0 r1840935
2018-10-15 08:42:32,969 INFO o.a.j.JMeter: java.version=1.8.0_171
2018-10-15 08:42:32,969 INFO o.a.j.JMeter: java.vm.name=OpenJDK 64-Bit Server VM
2018-10-15 08:42:32,969 INFO o.a.j.JMeter: os.name=Linux
2018-10-15 08:42:32,969 INFO o.a.j.JMeter: os.arch=amd64
2018-10-15 08:42:32,969 INFO o.a.j.JMeter: os.version=3.10.0-862.9.1.el7.x86_64
2018-10-15 08:42:32,969 INFO o.a.j.JMeter: file.encoding=UTF-8
2018-10-15 08:42:32,969 INFO o.a.j.JMeter: Max memory     =1073741824
2018-10-15 08:42:32,969 INFO o.a.j.JMeter: Available Processors =4
2018-10-15 08:42:32,976 INFO o.a.j.JMeter: Default Locale=English (EN)
2018-10-15 08:42:32,976 INFO o.a.j.JMeter: JMeter  Locale=English (EN)
2018-10-15 08:42:32,976 INFO o.a.j.JMeter: JMeterHome=/jmeter/apache-jmeter-5.0
2018-10-15 08:42:32,976 INFO o.a.j.JMeter: user.dir  =/usr/app/jmt_result/outputs/result150
2018-10-15 08:42:32,976 INFO o.a.j.JMeter: PWD       =/usr/app/jmt_result/outputs/result150
2018-10-15 08:42:32,977 INFO o.a.j.JMeter: IP: 10.42.5.59 Name: jmeter-58cb58fc89-j48sl FullName: jmeter-58cb58fc89-j48sl
2018-10-15 08:42:32,979 INFO o.a.j.JMeter: Setting property 'jmeter.reportgenerator.outputdir' to:'/usr/app/jmt_result/outputs/result150/./out_ssi'
2018-10-15 08:42:32,981 INFO o.a.j.s.FileServer: Default base='/usr/app/jmt_result/outputs/result150'
2018-10-15 08:42:32,992 INFO o.a.j.s.FileServer: Set new base='/usr/app/jmt_result/outputs/result150'
2018-10-15 08:42:33,209 INFO o.a.j.s.SaveService: Testplan (JMX) version: 2.2. Testlog (JTL) version: 2.2
2018-10-15 08:42:33,228 INFO o.a.j.s.SaveService: Using SaveService properties file encoding UTF-8
2018-10-15 08:42:33,234 INFO o.a.j.s.SaveService: Using SaveService properties version 5.0
2018-10-15 08:42:33,241 INFO o.a.j.s.SaveService: Loading file: load_jmeter_150.jmx
2018-10-15 08:42:33,305 INFO o.a.j.p.h.s.HTTPSamplerBase: Parser for text/html is org.apache.jmeter.protocol.http.parser.LagartoBasedHtmlParser
2018-10-15 08:42:33,305 INFO o.a.j.p.h.s.HTTPSamplerBase: Parser for application/xhtml+xml is org.apache.jmeter.protocol.http.parser.LagartoBasedHtmlParser
2018-10-15 08:42:33,305 INFO o.a.j.p.h.s.HTTPSamplerBase: Parser for application/xml is org.apache.jmeter.protocol.http.parser.LagartoBasedHtmlParser
2018-10-15 08:42:33,305 INFO o.a.j.p.h.s.HTTPSamplerBase: Parser for text/xml is org.apache.jmeter.protocol.http.parser.LagartoBasedHtmlParser
2018-10-15 08:42:33,306 INFO o.a.j.p.h.s.HTTPSamplerBase: Parser for text/vnd.wap.wml is org.apache.jmeter.protocol.http.parser.RegexpHTMLParser
2018-10-15 08:42:33,306 INFO o.a.j.p.h.s.HTTPSamplerBase: Parser for text/css is org.apache.jmeter.protocol.http.parser.CssParser
2018-10-15 08:42:33,344 INFO o.a.j.JMeter: Creating summariser <summary>
2018-10-15 08:42:33,350 INFO o.a.j.r.d.ReportGenerator: ReportGenerator will use for Parsing the separator: ','
2018-10-15 08:42:33,350 INFO o.a.j.r.d.ReportGenerator: Will generate report at end of test from  results file: result.jtl
2018-10-15 08:42:33,350 INFO o.a.j.r.d.ReportGenerator: Reading report generator properties from: /jmeter/apache-jmeter-5.0/bin/reportgenerator.properties
2018-10-15 08:42:33,351 INFO o.a.j.r.d.ReportGenerator: Merging with JMeter properties
2018-10-15 08:42:33,357 INFO o.a.j.r.c.ReportGeneratorConfiguration: Property 'jmeter.reportgenerator.temp_dir' not found, using default value 'temp' instead.
2018-10-15 08:42:33,360 INFO o.a.j.r.c.ReportGeneratorConfiguration: Property 'jmeter.reportgenerator.apdex_per_transaction' not found, using default value 'null' instead.
2018-10-15 08:42:33,360 INFO o.a.j.r.c.ReportGeneratorConfiguration: apdex_per_transaction : {} is empty, not APDEX per transaction customization
2018-10-15 08:42:33,360 INFO o.a.j.r.c.ReportGeneratorConfiguration: Property 'jmeter.reportgenerator.sample_filter' not found, using default value 'null' instead.
2018-10-15 08:42:33,361 INFO o.a.j.r.c.ReportGeneratorConfiguration: Property 'jmeter.reportgenerator.report_title' not found, using default value 'null' instead.
2018-10-15 08:42:33,361 INFO o.a.j.r.c.ReportGeneratorConfiguration: Property 'jmeter.reportgenerator.start_date' not found, using default value 'null' instead.
2018-10-15 08:42:33,361 INFO o.a.j.r.c.ReportGeneratorConfiguration: Property 'jmeter.reportgenerator.end_date' not found, using default value 'null' instead.
2018-10-15 08:42:33,361 INFO o.a.j.r.c.ReportGeneratorConfiguration: Property 'jmeter.reportgenerator.date_format' not found, using default value 'null' instead.
2018-10-15 08:42:33,362 INFO o.a.j.r.c.ReportGeneratorConfiguration: Will use date range start date: null, end date: null
2018-10-15 08:42:33,369 INFO o.a.j.r.c.ReportGeneratorConfiguration: Property 'jmeter.reportgenerator.graph.totalTPS.exclude_controllers' not found, using default value 'false' instead.
2018-10-15 08:42:33,369 INFO o.a.j.r.c.ReportGeneratorConfiguration: Property 'jmeter.reportgenerator.graph.activeThreadsOverTime.exclude_controllers' not found, using default value 'false' instead.
2018-10-15 08:42:33,369 INFO o.a.j.r.c.ReportGeneratorConfiguration: Property 'jmeter.reportgenerator.graph.timeVsThreads.exclude_controllers' not found, using default value 'false' instead.
2018-10-15 08:42:33,370 INFO o.a.j.r.c.ReportGeneratorConfiguration: Property 'jmeter.reportgenerator.graph.responseTimeDistribution.exclude_controllers' not found, using default value 'false' instead.
2018-10-15 08:42:33,370 INFO o.a.j.r.c.ReportGeneratorConfiguration: Property 'jmeter.reportgenerator.graph.transactionsPerSecond.exclude_controllers' not found, using default value 'false' instead.
2018-10-15 08:42:33,370 INFO o.a.j.r.c.ReportGeneratorConfiguration: Property 'jmeter.reportgenerator.graph.responseTimePercentiles.exclude_controllers' not found, using default value 'false' instead.
2018-10-15 08:42:33,370 INFO o.a.j.r.c.ReportGeneratorConfiguration: Property 'jmeter.reportgenerator.graph.responseTimePercentilesOverTime.exclude_controllers' not found, using default value 'false' instead.
2018-10-15 08:42:33,370 INFO o.a.j.r.c.ReportGeneratorConfiguration: Property 'jmeter.reportgenerator.graph.responseTimesOverTime.exclude_controllers' not found, using default value 'false' instead.
2018-10-15 08:42:33,371 INFO o.a.j.r.c.ReportGeneratorConfiguration: Property 'jmeter.reportgenerator.graph.connectTimeOverTime.exclude_controllers' not found, using default value 'false' instead.
2018-10-15 08:42:33,371 INFO o.a.j.r.c.ReportGeneratorConfiguration: Property 'jmeter.reportgenerator.graph.latenciesOverTime.exclude_controllers' not found, using default value 'false' instead.
2018-10-15 08:42:33,372 INFO o.a.j.r.c.ReportGeneratorConfiguration: Property 'jmeter.reportgenerator.exporter.html.filters_only_sample_series' not found, using default value 'true' instead.
2018-10-15 08:42:33,372 INFO o.a.j.r.c.ReportGeneratorConfiguration: Property 'jmeter.reportgenerator.exporter.html.series_filter' not found, using default value '' instead.
2018-10-15 08:42:33,372 INFO o.a.j.r.c.ReportGeneratorConfiguration: Property 'jmeter.reportgenerator.exporter.html.show_controllers_only' not found, using default value 'false' instead.
2018-10-15 08:42:33,378 INFO o.a.j.e.StandardJMeterEngine: Running the test!
2018-10-15 08:42:33,379 INFO o.a.j.s.SampleEvent: List of sample_variables: []
2018-10-15 08:42:33,379 INFO o.a.j.s.SampleEvent: List of sample_variables: []
2018-10-15 08:42:33,387 INFO o.a.j.e.u.CompoundVariable: Note: Function class names must contain the string: '.functions.'
2018-10-15 08:42:33,387 INFO o.a.j.e.u.CompoundVariable: Note: Function class names must not contain the string: '.gui.'
2018-10-15 08:42:33,855 INFO o.a.j.JMeter: Running test (1539592953855)
2018-10-15 08:42:33,904 INFO o.a.j.e.StandardJMeterEngine: Starting ThreadGroup: 1 : G1
2018-10-15 08:42:33,904 INFO o.a.j.e.StandardJMeterEngine: Starting 150 threads for group G1.
2018-10-15 08:42:33,904 INFO o.a.j.e.StandardJMeterEngine: Thread will continue on error
2018-10-15 08:42:33,904 INFO o.a.j.t.ThreadGroup: Starting thread group... number=1 threads=150 ramp-up=5 perThread=33.333332 delayedStart=false
2018-10-15 08:42:33,920 INFO o.a.j.t.JMeterThread: Thread started: G1 1-1
2018-10-15 08:42:33,922 INFO o.a.j.c.LoopController: iterationStart called on Loop Controller with source org.apache.jmeter.control.LoopController@7b56c3b3 and iteration 1
2018-10-15 08:42:33,954 INFO o.a.j.t.JMeterThread: Thread started: G1 1-2
2018-10-15 08:42:33,954 INFO o.a.j.c.LoopController: iterationStart called on Loop Controller with source org.apache.jmeter.control.LoopController@1f0647ca and iteration 1
2018-10-15 08:42:33,977 INFO o.a.j.p.h.s.HTTPHCAbstractImpl: Local host = jmeter-58cb58fc89-j48sl
2018-10-15 08:42:33,987 INFO o.a.j.t.JMeterThread: Thread started: G1 1-3
2018-10-15 08:42:33,987 INFO o.a.j.c.LoopController: iterationStart called on Loop Controller with source org.apache.jmeter.control.LoopController@5065c52f and iteration 1
2018-10-15 08:42:33,992 INFO o.a.j.p.h.s.HTTPHC4Impl: HTTP request retry count = 0
2018-10-15 08:42:33,997 INFO o.a.j.s.SampleResult: Note: Sample TimeStamps are START times
2018-10-15 08:42:33,998 INFO o.a.j.s.SampleResult: sampleresult.default.encoding is set to ISO-8859-1
2018-10-15 08:42:33,998 INFO o.a.j.s.SampleResult: sampleresult.useNanoTime=true
2018-10-15 08:42:33,998 INFO o.a.j.s.SampleResult: sampleresult.nanoThreadSleep=5000
2018-10-15 08:42:34,020 INFO o.a.j.t.JMeterThread: Thread started: G1 1-4
2018-10-15 08:42:34,020 INFO o.a.j.c.LoopController: iterationStart called on Loop Controller with source org.apache.jmeter.control.LoopController@61fa2bc6 and iteration 1
2018-10-15 08:42:34,040 INFO o.a.j.t.ThreadGroup: Started thread group number 1
2018-10-15 08:42:34,040 INFO o.a.j.e.StandardJMeterEngine: All thread groups have been started
2018-10-15 08:42:34,054 INFO o.a.j.t.JMeterThread: Thread started: G1 1-5
2018-10-15 08:42:34,054 INFO o.a.j.c.LoopController: iterationStart called on Loop Controller with source org.apache.jmeter.control.LoopController@5830fcc and iteration 1
2018-10-15 08:42:34,086 INFO o.a.j.t.JMeterThread: Thread started: G1 1-6
2018-10-15 08:42:34,087 INFO o.a.j.c.LoopController: iterationStart called on Loop Controller with source org.apache.jmeter.control.LoopController@5e6f5e1e and iteration 1
2018-10-15 08:42:34,120 INFO o.a.j.t.JMeterThread: Thread started: G1 1-7
2018-10-15 08:42:34,121 INFO o.a.j.c.LoopController: iterationStart called on Loop Controller with source org.apache.jmeter.control.LoopController@73d6233c and iteration 1
2018-10-15 08:42:34,154 INFO o.a.j.r.Summariser: summary +      1 in 00:00:00 =    3.4/s Avg:    49 Min:    49 Max:    49 Err:     0 (0.00%) Active: 7 Started: 7 Finished: 0
2018-10-15 08:42:34,154 INFO o.a.j.t.JMeterThread: Thread started: G1 1-8
2018-10-15 08:42:34,155 INFO o.a.j.c.LoopController: iterationStart called on Loop Controller with source org.apache.jmeter.control.LoopController@6c7510 and iteration 1
2018-10-15 08:42:34,149 INFO o.a.j.r.Summariser: Generate Summary Results +      1 in 00:00:00 =    3.3/s Avg:    41 Min:    41 Max:    41 Err:     0 (0.00%) Active: 7 Started: 7 Finished: 0
2018-10-15 08:42:34,186 INFO o.a.j.t.JMeterThread: Thread started: G1 1-9
2018-10-15 08:42:34,187 INFO o.a.j.c.LoopController: iterationStart called on Loop Controller with source org.apache.jmeter.control.LoopController@7a86e196 and iteration 1
2018-10-15 08:42:34,221 INFO o.a.j.t.JMeterThread: Thread started: G1 1-10
2018-10-15 08:42:34,221 INFO o.a.j.c.LoopController: iterationStart called on Loop Controller with source org.apache.jmeter.control.LoopController@72fe1f3f and iteration 1
2018-10-15 08:42:34,255 INFO o.a.j.t.JMeterThread: Thread started: G1 1-11
2018-10-15 08:42:34,256 INFO o.a.j.c.LoopController: iterationStart called on Loop Controller with source org.apache.jmeter.control.LoopController@17737942 and iteration 1
2018-10-15 08:42:34,288 INFO o.a.j.t.JMeterThread: Thread started: G1 1-12
2018-10-15 08:42:34,289 INFO o.a.j.c.LoopController: iterationStart called on Loop Controller with source org.apache.jmeter.control.LoopController@11b38ffa and iteration 1
2018-10-15 08:42:34,323 INFO o.a.j.t.JMeterThread: Thread started: G1 1-13
2018-10-15 08:42:34,324 INFO o.a.j.c.LoopController: iterationStart called on Loop Controller with source org.apache.jmeter.control.LoopController@7524637b and iteration 1
2018-10-15 08:42:34,357 INFO o.a.j.t.JMeterThread: Thread started: G1 1-14
2018-10-15 08:42:34,358 INFO o.a.j.c.LoopController: iterationStart called on Loop Controller with source org.apache.jmeter.control.LoopController@71e72b6d and iteration 1
2018-10-15 08:42:34,391 INFO o.a.j.t.JMeterThread: Thread started: G1 1-15
2018-10-15 08:42:34,391 INFO o.a.j.c.LoopController: iterationStart called on Loop Controller with source org.apache.jmeter.control.LoopController@1ccd9187 and iteration 1
2018-10-15 08:42:34,424 INFO o.a.j.t.JMeterThread: Thread started: G1 1-16
2018-10-15 08:42:34,425 INFO o.a.j.c.LoopController: iterationStart called on Loop Controller with source org.apache.jmeter.control.LoopController@24481f3c and iteration 1
2018-10-15 08:42:34,459 INFO o.a.j.t.JMeterThread: Thread started: G1 1-17
2018-10-15 08:42:34,460 INFO o.a.j.c.LoopController: iterationStart called on Loop Controller with source org.apache.jmeter.control.LoopController@4293367b and iteration 1
2018-10-15 08:42:34,493 INFO o.a.j.t.JMeterThread: Thread started: G1 1-18
2018-10-15 08:42:34,493 INFO o.a.j.c.LoopController: iterationStart called on Loop Controller with source org.apache.jmeter.control.LoopController@642e050 and iteration 1
2018-10-15 08:42:34,527 INFO o.a.j.t.JMeterThread: Thread started: G1 1-19
2018-10-15 08:42:34,527 INFO o.a.j.c.LoopController: iterationStart called on Loop Controller with source org.apache.jmeter.control.LoopController@39211d3e and iteration 1
2018-10-15 08:42:34,561 INFO o.a.j.t.JMeterThread: Thread started: G1 1-20
2018-10-15 08:42:34,561 INFO o.a.j.c.LoopController: iterationStart called on Loop Controller with source org.apache.jmeter.control.LoopController@19b56588 and iteration 1
2018-10-15 08:42:34,612 INFO o.a.j.t.JMeterThread: Thread started: G1 1-21
2018-10-15 08:42:34,613 INFO o.a.j.c.LoopController: iterationStart called on Loop Controller with source org.apache.jmeter.control.LoopController@3d3a135 and iteration 1
2018-10-15 08:42:34,632 INFO o.a.j.t.JMeterThread: Thread started: G1 1-22
2018-10-15 08:42:34,633 INFO o.a.j.c.LoopController: iterationStart called on Loop Controller with source org.apache.jmeter.control.LoopController@7982a862 and iteration 1
2018-10-15 08:42:34,665 INFO o.a.j.t.JMeterThread: Thread started: G1 1-23
2018-10-15 08:42:34,665 INFO o.a.j.c.LoopController: iterationStart called on Loop Controller with source org.apache.jmeter.control.LoopController@745fb9dd and iteration 1
2018-10-15 08:42:34,701 INFO o.a.j.t.JMeterThread: Thread started: G1 1-24
2018-10-15 08:42:34,701 INFO o.a.j.c.LoopController: iterationStart called on Loop Controller with source org.apache.jmeter.control.LoopController@2756e1ee and iteration 1
2018-10-15 08:42:34,732 INFO o.a.j.t.JMeterThread: Thread started: G1 1-25
2018-10-15 08:42:34,732 INFO o.a.j.c.LoopController: iterationStart called on Loop Controller with source org.apache.jmeter.control.LoopController@3a4d3500 and iteration 1
2018-10-15 08:42:34,765 INFO o.a.j.t.JMeterThread: Thread started: G1 1-26
2018-10-15 08:42:34,765 INFO o.a.j.c.LoopController: iterationStart called on Loop Controller with source org.apache.jmeter.control.LoopController@129e2379 and iteration 1
2018-10-15 08:42:34,801 INFO o.a.j.t.JMeterThread: Thread started: G1 1-27
2018-10-15 08:42:34,802 INFO o.a.j.c.LoopController: iterationStart called on Loop Controller with source org.apache.jmeter.control.LoopController@1ba04b96 and iteration 1
2018-10-15 08:42:34,834 INFO o.a.j.t.JMeterThread: Thread started: G1 1-28
2018-10-15 08:42:34,835 INFO o.a.j.c.LoopController: iterationStart called on Loop Controller with source org.apache.jmeter.control.LoopController@9d20abd and iteration 1
2018-10-15 08:42:34,868 INFO o.a.j.t.JMeterThread: Thread started: G1 1-29
2018-10-15 08:42:34,869 INFO o.a.j.c.LoopController: iterationStart called on Loop Controller with source org.apache.jmeter.control.LoopController@77c59c66 and iteration 1
2018-10-15 08:42:34,901 INFO o.a.j.t.JMeterThread: Thread started: G1 1-30
2018-10-15 08:42:34,902 INFO o.a.j.c.LoopController: iterationStart called on Loop Controller with source org.apache.jmeter.control.LoopController@5b1416d6 and iteration 1
2018-10-15 08:42:34,934 INFO o.a.j.t.JMeterThread: Thread started: G1 1-31
2018-10-15 08:42:34,934 INFO o.a.j.c.LoopController: iterationStart called on Loop Controller with source org.apache.jmeter.control.LoopController@d72693e and iteration 1
2018-10-15 08:42:34,972 INFO o.a.j.t.JMeterThread: Thread started: G1 1-32
2018-10-15 08:42:34,972 INFO o.a.j.c.LoopController: iterationStart called on Loop Controller with source org.apache.jmeter.control.LoopController@60636622 and iteration 1
2018-10-15 08:42:35,020 INFO o.a.j.t.JMeterThread: Thread started: G1 1-33
2018-10-15 08:42:35,020 INFO o.a.j.c.LoopController: iterationStart called on Loop Controller with source org.apache.jmeter.control.LoopController@5d5aaadd and iteration 1
2018-10-15 08:42:35,050 INFO o.a.j.t.JMeterThread: Thread started: G1 1-34
2018-10-15 08:42:35,050 INFO o.a.j.c.LoopController: iterationStart called on Loop Controller with source org.apache.jmeter.control.LoopController@c8dee20 and iteration 1
2018-10-15 08:42:35,072 INFO o.a.j.t.JMeterThread: Thread started: G1 1-35
2018-10-15 08:42:35,072 INFO o.a.j.c.LoopController: iterationStart called on Loop Controller with source org.apache.jmeter.control.LoopController@2065488e and iteration 1
2018-10-15 08:42:35,110 INFO o.a.j.t.JMeterThread: Thread started: G1 1-36
2018-10-15 08:42:35,111 INFO o.a.j.c.LoopController: iterationStart called on Loop Controller with source org.apache.jmeter.control.LoopController@65b5d739 and iteration 1
2018-10-15 08:42:35,144 INFO o.a.j.t.JMeterThread: Thread started: G1 1-37
2018-10-15 08:42:35,145 INFO o.a.j.c.LoopController: iterationStart called on Loop Controller with source org.apache.jmeter.control.LoopController@4ad05033 and iteration 1
2018-10-15 08:42:35,180 INFO o.a.j.t.JMeterThread: Thread started: G1 1-38
2018-10-15 08:42:35,181 INFO o.a.j.c.LoopController: iterationStart called on Loop Controller with source org.apache.jmeter.control.LoopController@752c4786 and iteration 1
2018-10-15 08:42:35,213 INFO o.a.j.t.JMeterThread: Thread started: G1 1-39
2018-10-15 08:42:35,214 INFO o.a.j.c.LoopController: iterationStart called on Loop Controller with source org.apache.jmeter.control.LoopController@12175f99 and iteration 1
2018-10-15 08:42:35,243 INFO o.a.j.t.JMeterThread: Thread started: G1 1-40
2018-10-15 08:42:35,243 INFO o.a.j.c.LoopController: iterationStart called on Loop Controller with source org.apache.jmeter.control.LoopController@1a502dff and iteration 1
2018-10-15 08:42:35,275 INFO o.a.j.t.JMeterThread: Thread started: G1 1-41
2018-10-15 08:42:35,276 INFO o.a.j.c.LoopController: iterationStart called on Loop Controller with source org.apache.jmeter.control.LoopController@182c894a and iteration 1
2018-10-15 08:42:35,313 INFO o.a.j.t.JMeterThread: Thread started: G1 1-42
2018-10-15 08:42:35,314 INFO o.a.j.c.LoopController: iterationStart called on Loop Controller with source org.apache.jmeter.control.LoopController@1d76315 and iteration 1
2018-10-15 08:42:35,347 INFO o.a.j.t.JMeterThread: Thread started: G1 1-43
2018-10-15 08:42:35,351 INFO o.a.j.c.LoopController: iterationStart called on Loop Controller with source org.apache.jmeter.control.LoopController@4b343b36 and iteration 1
2018-10-15 08:42:35,380 INFO o.a.j.t.JMeterThread: Thread started: G1 1-44
2018-10-15 08:42:35,381 INFO o.a.j.c.LoopController: iterationStart called on Loop Controller with source org.apache.jmeter.control.LoopController@2c6cde3a and iteration 1
2018-10-15 08:42:35,413 INFO o.a.j.t.JMeterThread: Thread started: G1 1-45
2018-10-15 08:42:35,414 INFO o.a.j.c.LoopController: iterationStart called on Loop Controller with source org.apache.jmeter.control.LoopController@1b2f182a and iteration 1
2018-10-15 08:42:35,447 INFO o.a.j.t.JMeterThread: Thread started: G1 1-46
2018-10-15 08:42:35,460 INFO o.a.j.c.LoopController: iterationStart called on Loop Controller with source org.apache.jmeter.control.LoopController@2a9fe1ba and iteration 1
2018-10-15 08:42:35,483 INFO o.a.j.t.JMeterThread: Thread started: G1 1-47
2018-10-15 08:42:35,484 INFO o.a.j.c.LoopController: iterationStart called on Loop Controller with source org.apache.jmeter.control.LoopController@4146e328 and iteration 1
2018-10-15 08:42:35,518 INFO o.a.j.t.JMeterThread: Thread started: G1 1-48
2018-10-15 08:42:35,519 INFO o.a.j.c.LoopController: iterationStart called on Loop Controller with source org.apache.jmeter.control.LoopController@247e7f82 and iteration 1
2018-10-15 08:42:35,553 INFO o.a.j.t.JMeterThread: Thread started: G1 1-49
2018-10-15 08:42:35,554 INFO o.a.j.c.LoopController: iterationStart called on Loop Controller with source org.apache.jmeter.control.LoopController@6c008730 and iteration 1
2018-10-15 08:42:35,584 INFO o.a.j.t.JMeterThread: Thread started: G1 1-50
2018-10-15 08:42:35,584 INFO o.a.j.c.LoopController: iterationStart called on Loop Controller with source org.apache.jmeter.control.LoopController@a436b1c and iteration 1
2018-10-15 08:42:35,617 INFO o.a.j.t.JMeterThread: Thread started: G1 1-51
2018-10-15 08:42:35,618 INFO o.a.j.c.LoopController: iterationStart called on Loop Controller with source org.apache.jmeter.control.LoopController@ecff91a and iteration 1
2018-10-15 08:42:35,651 INFO o.a.j.t.JMeterThread: Thread started: G1 1-52
2018-10-15 08:42:35,653 INFO o.a.j.c.LoopController: iterationStart called on Loop Controller with source org.apache.jmeter.control.LoopController@6f0b81a4 and iteration 1
2018-10-15 08:42:35,686 INFO o.a.j.t.JMeterThread: Thread started: G1 1-53
2018-10-15 08:42:35,687 INFO o.a.j.c.LoopController: iterationStart called on Loop Controller with source org.apache.jmeter.control.LoopController@2f3b09c3 and iteration 1
2018-10-15 08:42:35,724 INFO o.a.j.t.JMeterThread: Thread started: G1 1-54
2018-10-15 08:42:35,724 INFO o.a.j.c.LoopController: iterationStart called on Loop Controller with source org.apache.jmeter.control.LoopController@7f423494 and iteration 1
2018-10-15 08:42:35,756 INFO o.a.j.t.JMeterThread: Thread started: G1 1-55
2018-10-15 08:42:35,758 INFO o.a.j.c.LoopController: iterationStart called on Loop Controller with source org.apache.jmeter.control.LoopController@569f4aa0 and iteration 1
2018-10-15 08:42:35,792 INFO o.a.j.t.JMeterThread: Thread started: G1 1-56
2018-10-15 08:42:35,792 INFO o.a.j.c.LoopController: iterationStart called on Loop Controller with source org.apache.jmeter.control.LoopController@553b193c and iteration 1
2018-10-15 08:42:35,824 INFO o.a.j.t.JMeterThread: Thread started: G1 1-57
2018-10-15 08:42:35,824 INFO o.a.j.c.LoopController: iterationStart called on Loop Controller with source org.apache.jmeter.control.LoopController@ea84ea2 and iteration 1
2018-10-15 08:42:35,853 INFO o.a.j.t.JMeterThread: Thread started: G1 1-58
2018-10-15 08:42:35,853 INFO o.a.j.c.LoopController: iterationStart called on Loop Controller with source org.apache.jmeter.control.LoopController@563295ac and iteration 1
2018-10-15 08:42:35,890 INFO o.a.j.t.JMeterThread: Thread started: G1 1-59
2018-10-15 08:42:35,893 INFO o.a.j.c.LoopController: iterationStart called on Loop Controller with source org.apache.jmeter.control.LoopController@523650d2 and iteration 1
2018-10-15 08:42:35,925 INFO o.a.j.t.JMeterThread: Thread started: G1 1-60
2018-10-15 08:42:35,925 INFO o.a.j.c.LoopController: iterationStart called on Loop Controller with source org.apache.jmeter.control.LoopController@1aaf9150 and iteration 1
2018-10-15 08:42:35,957 INFO o.a.j.t.JMeterThread: Thread started: G1 1-61
2018-10-15 08:42:35,958 INFO o.a.j.c.LoopController: iterationStart called on Loop Controller with source org.apache.jmeter.control.LoopController@5029a2ea and iteration 1
2018-10-15 08:42:35,991 INFO o.a.j.t.JMeterThread: Thread started: G1 1-62
2018-10-15 08:42:35,992 INFO o.a.j.c.LoopController: iterationStart called on Loop Controller with source org.apache.jmeter.control.LoopController@29a85b50 and iteration 1
2018-10-15 08:42:36,025 INFO o.a.j.t.JMeterThread: Thread started: G1 1-63
2018-10-15 08:42:36,026 INFO o.a.j.c.LoopController: iterationStart called on Loop Controller with source org.apache.jmeter.control.LoopController@61d9c2ae and iteration 1
2018-10-15 08:42:36,061 INFO o.a.j.t.JMeterThread: Thread started: G1 1-64
2018-10-15 08:42:36,062 INFO o.a.j.c.LoopController: iterationStart called on Loop Controller with source org.apache.jmeter.control.LoopController@7adb1599 and iteration 1
2018-10-15 08:42:36,135 INFO o.a.j.t.JMeterThread: Thread started: G1 1-66
2018-10-15 08:42:36,136 INFO o.a.j.c.LoopController: iterationStart called on Loop Controller with source org.apache.jmeter.control.LoopController@2bc8aad4 and iteration 1
2018-10-15 08:42:36,142 INFO o.a.j.t.JMeterThread: Thread started: G1 1-65
2018-10-15 08:42:36,142 INFO o.a.j.c.LoopController: iterationStart called on Loop Controller with source org.apache.jmeter.control.LoopController@7a4c6380 and iteration 1
2018-10-15 08:42:36,167 INFO o.a.j.t.JMeterThread: Thread started: G1 1-67
2018-10-15 08:42:36,167 INFO o.a.j.c.LoopController: iterationStart called on Loop Controller with source org.apache.jmeter.control.LoopController@709f9bd7 and iteration 1
2018-10-15 08:42:36,197 INFO o.a.j.t.JMeterThread: Thread started: G1 1-68
2018-10-15 08:42:36,197 INFO o.a.j.c.LoopController: iterationStart called on Loop Controller with source org.apache.jmeter.control.LoopController@336ab33 and iteration 1
2018-10-15 08:42:36,230 INFO o.a.j.t.JMeterThread: Thread started: G1 1-69
2018-10-15 08:42:36,230 INFO o.a.j.c.LoopController: iterationStart called on Loop Controller with source org.apache.jmeter.control.LoopController@d915bed and iteration 1
2018-10-15 08:42:36,272 INFO o.a.j.t.JMeterThread: Thread started: G1 1-70
2018-10-15 08:42:36,272 INFO o.a.j.c.LoopController: iterationStart called on Loop Controller with source org.apache.jmeter.control.LoopController@53618ec5 and iteration 1
2018-10-15 08:42:36,298 INFO o.a.j.t.JMeterThread: Thread started: G1 1-71
2018-10-15 08:42:36,299 INFO o.a.j.c.LoopController: iterationStart called on Loop Controller with source org.apache.jmeter.control.LoopController@2705de32 and iteration 1
2018-10-15 08:42:36,330 INFO o.a.j.t.JMeterThread: Thread started: G1 1-72
2018-10-15 08:42:36,330 INFO o.a.j.c.LoopController: iterationStart called on Loop Controller with source org.apache.jmeter.control.LoopController@e272218 and iteration 1
2018-10-15 08:42:36,365 INFO o.a.j.t.JMeterThread: Thread started: G1 1-73
2018-10-15 08:42:36,366 INFO o.a.j.c.LoopController: iterationStart called on Loop Controller with source org.apache.jmeter.control.LoopController@8fbb94a and iteration 1
2018-10-15 08:42:36,409 INFO o.a.j.t.JMeterThread: Thread started: G1 1-74
2018-10-15 08:42:36,409 INFO o.a.j.c.LoopController: iterationStart called on Loop Controller with source org.apache.jmeter.control.LoopController@3b98a87a and iteration 1
2018-10-15 08:42:36,441 INFO o.a.j.t.JMeterThread: Thread started: G1 1-75
2018-10-15 08:42:36,441 INFO o.a.j.c.LoopController: iterationStart called on Loop Controller with source org.apache.jmeter.control.LoopController@cfb5f97 and iteration 1
2018-10-15 08:42:36,473 INFO o.a.j.t.JMeterThread: Thread started: G1 1-76
2018-10-15 08:42:36,474 INFO o.a.j.c.LoopController: iterationStart called on Loop Controller with source org.apache.jmeter.control.LoopController@67b94b16 and iteration 1
2018-10-15 08:42:36,505 INFO o.a.j.t.JMeterThread: Thread started: G1 1-77
2018-10-15 08:42:36,505 INFO o.a.j.c.LoopController: iterationStart called on Loop Controller with source org.apache.jmeter.control.LoopController@85418d2 and iteration 1
2018-10-15 08:42:36,541 INFO o.a.j.t.JMeterThread: Thread started: G1 1-78
2018-10-15 08:42:36,541 INFO o.a.j.c.LoopController: iterationStart called on Loop Controller with source org.apache.jmeter.control.LoopController@ab7421d and iteration 1
2018-10-15 08:42:36,575 INFO o.a.j.t.JMeterThread: Thread started: G1 1-79
2018-10-15 08:42:36,576 INFO o.a.j.c.LoopController: iterationStart called on Loop Controller with source org.apache.jmeter.control.LoopController@c7b2691 and iteration 1
2018-10-15 08:42:36,608 INFO o.a.j.t.JMeterThread: Thread started: G1 1-80
2018-10-15 08:42:36,609 INFO o.a.j.c.LoopController: iterationStart called on Loop Controller with source org.apache.jmeter.control.LoopController@37c041f7 and iteration 1
2018-10-15 08:42:36,641 INFO o.a.j.t.JMeterThread: Thread started: G1 1-81
2018-10-15 08:42:36,641 INFO o.a.j.c.LoopController: iterationStart called on Loop Controller with source org.apache.jmeter.control.LoopController@226051cb and iteration 1
2018-10-15 08:42:36,676 INFO o.a.j.t.JMeterThread: Thread started: G1 1-82
2018-10-15 08:42:36,676 INFO o.a.j.c.LoopController: iterationStart called on Loop Controller with source org.apache.jmeter.control.LoopController@3b9f02b8 and iteration 1
2018-10-15 08:42:36,708 INFO o.a.j.t.JMeterThread: Thread started: G1 1-83
2018-10-15 08:42:36,709 INFO o.a.j.c.LoopController: iterationStart called on Loop Controller with source org.apache.jmeter.control.LoopController@44849428 and iteration 1
2018-10-15 08:42:36,741 INFO o.a.j.t.JMeterThread: Thread started: G1 1-84
2018-10-15 08:42:36,742 INFO o.a.j.c.LoopController: iterationStart called on Loop Controller with source org.apache.jmeter.control.LoopController@12e7f152 and iteration 1
2018-10-15 08:42:36,776 INFO o.a.j.t.JMeterThread: Thread started: G1 1-85
2018-10-15 08:42:36,776 INFO o.a.j.c.LoopController: iterationStart called on Loop Controller with source org.apache.jmeter.control.LoopController@2fd74041 and iteration 1
2018-10-15 08:42:36,810 INFO o.a.j.t.JMeterThread: Thread started: G1 1-86
2018-10-15 08:42:36,811 INFO o.a.j.c.LoopController: iterationStart called on Loop Controller with source org.apache.jmeter.control.LoopController@2e7744fd and iteration 1
2018-10-15 08:42:36,848 INFO o.a.j.t.JMeterThread: Thread started: G1 1-87
2018-10-15 08:42:36,849 INFO o.a.j.c.LoopController: iterationStart called on Loop Controller with source org.apache.jmeter.control.LoopController@2f26cb32 and iteration 1
2018-10-15 08:42:36,883 INFO o.a.j.t.JMeterThread: Thread started: G1 1-88
2018-10-15 08:42:36,884 INFO o.a.j.c.LoopController: iterationStart called on Loop Controller with source org.apache.jmeter.control.LoopController@4dda972e and iteration 1
2018-10-15 08:42:36,917 INFO o.a.j.t.JMeterThread: Thread started: G1 1-89
2018-10-15 08:42:36,918 INFO o.a.j.c.LoopController: iterationStart called on Loop Controller with source org.apache.jmeter.control.LoopController@d9e273f and iteration 1
2018-10-15 08:42:36,949 INFO o.a.j.t.JMeterThread: Thread started: G1 1-90
2018-10-15 08:42:36,950 INFO o.a.j.c.LoopController: iterationStart called on Loop Controller with source org.apache.jmeter.control.LoopController@1054ee49 and iteration 1
2018-10-15 08:42:36,989 INFO o.a.j.t.JMeterThread: Thread started: G1 1-91
2018-10-15 08:42:36,989 INFO o.a.j.c.LoopController: iterationStart called on Loop Controller with source org.apache.jmeter.control.LoopController@31a57e61 and iteration 1
2018-10-15 08:42:37,021 INFO o.a.j.t.JMeterThread: Thread started: G1 1-92
2018-10-15 08:42:37,022 INFO o.a.j.c.LoopController: iterationStart called on Loop Controller with source org.apache.jmeter.control.LoopController@5c47a92a and iteration 1
2018-10-15 08:42:37,052 INFO o.a.j.t.JMeterThread: Thread started: G1 1-93
2018-10-15 08:42:37,052 INFO o.a.j.c.LoopController: iterationStart called on Loop Controller with source org.apache.jmeter.control.LoopController@77814ed7 and iteration 1
2018-10-15 08:42:37,087 INFO o.a.j.t.JMeterThread: Thread started: G1 1-94
2018-10-15 08:42:37,087 INFO o.a.j.c.LoopController: iterationStart called on Loop Controller with source org.apache.jmeter.control.LoopController@be14cd9 and iteration 1
2018-10-15 08:42:37,119 INFO o.a.j.t.JMeterThread: Thread started: G1 1-95
2018-10-15 08:42:37,119 INFO o.a.j.c.LoopController: iterationStart called on Loop Controller with source org.apache.jmeter.control.LoopController@345dfbef and iteration 1
2018-10-15 08:42:37,152 INFO o.a.j.t.JMeterThread: Thread started: G1 1-96
2018-10-15 08:42:37,153 INFO o.a.j.c.LoopController: iterationStart called on Loop Controller with source org.apache.jmeter.control.LoopController@2bf037c and iteration 1
2018-10-15 08:42:37,186 INFO o.a.j.t.JMeterThread: Thread started: G1 1-97
2018-10-15 08:42:37,188 INFO o.a.j.c.LoopController: iterationStart called on Loop Controller with source org.apache.jmeter.control.LoopController@79d172eb and iteration 1
2018-10-15 08:42:37,223 INFO o.a.j.t.JMeterThread: Thread started: G1 1-98
2018-10-15 08:42:37,232 INFO o.a.j.c.LoopController: iterationStart called on Loop Controller with source org.apache.jmeter.control.LoopController@7ca1a5fa and iteration 1
2018-10-15 08:42:37,253 INFO o.a.j.t.JMeterThread: Thread started: G1 1-99
2018-10-15 08:42:37,254 INFO o.a.j.c.LoopController: iterationStart called on Loop Controller with source org.apache.jmeter.control.LoopController@597f14f0 and iteration 1
2018-10-15 08:42:37,283 INFO o.a.j.t.JMeterThread: Thread started: G1 1-100
2018-10-15 08:42:37,284 INFO o.a.j.c.LoopController: iterationStart called on Loop Controller with source org.apache.jmeter.control.LoopController@14c16b12 and iteration 1
2018-10-15 08:42:37,317 INFO o.a.j.t.JMeterThread: Thread started: G1 1-101
2018-10-15 08:42:37,317 INFO o.a.j.c.LoopController: iterationStart called on Loop Controller with source org.apache.jmeter.control.LoopController@4384212f and iteration 1
2018-10-15 08:42:37,354 INFO o.a.j.t.JMeterThread: Thread started: G1 1-102
2018-10-15 08:42:37,356 INFO o.a.j.c.LoopController: iterationStart called on Loop Controller with source org.apache.jmeter.control.LoopController@4a8c3765 and iteration 1
2018-10-15 08:42:37,387 INFO o.a.j.t.JMeterThread: Thread started: G1 1-103
2018-10-15 08:42:37,387 INFO o.a.j.c.LoopController: iterationStart called on Loop Controller with source org.apache.jmeter.control.LoopController@684b9a6a and iteration 1
2018-10-15 08:42:37,422 INFO o.a.j.t.JMeterThread: Thread started: G1 1-104
2018-10-15 08:42:37,422 INFO o.a.j.c.LoopController: iterationStart called on Loop Controller with source org.apache.jmeter.control.LoopController@3da8278c and iteration 1
2018-10-15 08:42:37,456 INFO o.a.j.t.JMeterThread: Thread started: G1 1-105
2018-10-15 08:42:37,456 INFO o.a.j.c.LoopController: iterationStart called on Loop Controller with source org.apache.jmeter.control.LoopController@2796052 and iteration 1
2018-10-15 08:42:37,489 INFO o.a.j.t.JMeterThread: Thread started: G1 1-106
2018-10-15 08:42:37,490 INFO o.a.j.c.LoopController: iterationStart called on Loop Controller with source org.apache.jmeter.control.LoopController@697f2738 and iteration 1
2018-10-15 08:42:37,529 INFO o.a.j.t.JMeterThread: Thread started: G1 1-107
2018-10-15 08:42:37,530 INFO o.a.j.c.LoopController: iterationStart called on Loop Controller with source org.apache.jmeter.control.LoopController@13fc929 and iteration 1
2018-10-15 08:42:37,574 INFO o.a.j.t.JMeterThread: Thread started: G1 1-108
2018-10-15 08:42:37,574 INFO o.a.j.c.LoopController: iterationStart called on Loop Controller with source org.apache.jmeter.control.LoopController@7a0abcc3 and iteration 1
2018-10-15 08:42:37,632 INFO o.a.j.t.JMeterThread: Thread started: G1 1-110
2018-10-15 08:42:37,634 INFO o.a.j.c.LoopController: iterationStart called on Loop Controller with source org.apache.jmeter.control.LoopController@3d6b5ea9 and iteration 1
2018-10-15 08:42:37,638 INFO o.a.j.t.JMeterThread: Thread started: G1 1-109
2018-10-15 08:42:37,639 INFO o.a.j.c.LoopController: iterationStart called on Loop Controller with source org.apache.jmeter.control.LoopController@2c085642 and iteration 1
2018-10-15 08:42:37,663 INFO o.a.j.t.JMeterThread: Thread started: G1 1-111
2018-10-15 08:42:37,663 INFO o.a.j.c.LoopController: iterationStart called on Loop Controller with source org.apache.jmeter.control.LoopController@9f8e82e and iteration 1
2018-10-15 08:42:37,695 INFO o.a.j.t.JMeterThread: Thread started: G1 1-112
2018-10-15 08:42:37,695 INFO o.a.j.c.LoopController: iterationStart called on Loop Controller with source org.apache.jmeter.control.LoopController@560e6421 and iteration 1
2018-10-15 08:42:37,729 INFO o.a.j.t.JMeterThread: Thread started: G1 1-113
2018-10-15 08:42:37,729 INFO o.a.j.c.LoopController: iterationStart called on Loop Controller with source org.apache.jmeter.control.LoopController@b9a243c and iteration 1
2018-10-15 08:42:37,764 INFO o.a.j.t.JMeterThread: Thread started: G1 1-114
2018-10-15 08:42:37,765 INFO o.a.j.c.LoopController: iterationStart called on Loop Controller with source org.apache.jmeter.control.LoopController@6a56eb2e and iteration 1
2018-10-15 08:42:37,795 INFO o.a.j.t.JMeterThread: Thread started: G1 1-115
2018-10-15 08:42:37,796 INFO o.a.j.c.LoopController: iterationStart called on Loop Controller with source org.apache.jmeter.control.LoopController@3f1dd29c and iteration 1
2018-10-15 08:42:37,830 INFO o.a.j.t.JMeterThread: Thread started: G1 1-116
2018-10-15 08:42:37,830 INFO o.a.j.c.LoopController: iterationStart called on Loop Controller with source org.apache.jmeter.control.LoopController@6602ca78 and iteration 1
2018-10-15 08:42:37,863 INFO o.a.j.t.JMeterThread: Thread started: G1 1-117
2018-10-15 08:42:37,864 INFO o.a.j.c.LoopController: iterationStart called on Loop Controller with source org.apache.jmeter.control.LoopController@3e76eae0 and iteration 1
2018-10-15 08:42:37,902 INFO o.a.j.t.JMeterThread: Thread started: G1 1-118
2018-10-15 08:42:37,902 INFO o.a.j.c.LoopController: iterationStart called on Loop Controller with source org.apache.jmeter.control.LoopController@751aff90 and iteration 1
2018-10-15 08:42:37,935 INFO o.a.j.t.JMeterThread: Thread started: G1 1-119
2018-10-15 08:42:37,936 INFO o.a.j.c.LoopController: iterationStart called on Loop Controller with source org.apache.jmeter.control.LoopController@4fc9e5fe and iteration 1
2018-10-15 08:42:37,967 INFO o.a.j.t.JMeterThread: Thread started: G1 1-120
2018-10-15 08:42:37,968 INFO o.a.j.c.LoopController: iterationStart called on Loop Controller with source org.apache.jmeter.control.LoopController@4e8d06f0 and iteration 1
2018-10-15 08:42:38,016 INFO o.a.j.t.JMeterThread: Thread started: G1 1-121
2018-10-15 08:42:38,030 INFO o.a.j.c.LoopController: iterationStart called on Loop Controller with source org.apache.jmeter.control.LoopController@42985976 and iteration 1
2018-10-15 08:42:38,051 INFO o.a.j.t.JMeterThread: Thread started: G1 1-122
2018-10-15 08:42:38,052 INFO o.a.j.c.LoopController: iterationStart called on Loop Controller with source org.apache.jmeter.control.LoopController@4d9db496 and iteration 1
2018-10-15 08:42:38,084 INFO o.a.j.t.JMeterThread: Thread started: G1 1-123
2018-10-15 08:42:38,096 INFO o.a.j.c.LoopController: iterationStart called on Loop Controller with source org.apache.jmeter.control.LoopController@2f9bab00 and iteration 1
2018-10-15 08:42:38,117 INFO o.a.j.t.JMeterThread: Thread started: G1 1-124
2018-10-15 08:42:38,118 INFO o.a.j.c.LoopController: iterationStart called on Loop Controller with source org.apache.jmeter.control.LoopController@10426178 and iteration 1
2018-10-15 08:42:38,138 INFO o.a.j.t.JMeterThread: Thread started: G1 1-125
2018-10-15 08:42:38,138 INFO o.a.j.c.LoopController: iterationStart called on Loop Controller with source org.apache.jmeter.control.LoopController@b6ccf00 and iteration 1
2018-10-15 08:42:38,170 INFO o.a.j.t.JMeterThread: Thread started: G1 1-126
2018-10-15 08:42:38,170 INFO o.a.j.c.LoopController: iterationStart called on Loop Controller with source org.apache.jmeter.control.LoopController@6a38362a and iteration 1
2018-10-15 08:42:38,205 INFO o.a.j.t.JMeterThread: Thread started: G1 1-127
2018-10-15 08:42:38,217 INFO o.a.j.c.LoopController: iterationStart called on Loop Controller with source org.apache.jmeter.control.LoopController@3748a78d and iteration 1
2018-10-15 08:42:38,248 INFO o.a.j.t.JMeterThread: Thread started: G1 1-128
2018-10-15 08:42:38,248 INFO o.a.j.c.LoopController: iterationStart called on Loop Controller with source org.apache.jmeter.control.LoopController@7fd0ddb4 and iteration 1
2018-10-15 08:42:38,281 INFO o.a.j.t.JMeterThread: Thread started: G1 1-129
2018-10-15 08:42:38,281 INFO o.a.j.c.LoopController: iterationStart called on Loop Controller with source org.apache.jmeter.control.LoopController@e9fe00e and iteration 1
2018-10-15 08:42:38,315 INFO o.a.j.t.JMeterThread: Thread started: G1 1-130
2018-10-15 08:42:38,316 INFO o.a.j.c.LoopController: iterationStart called on Loop Controller with source org.apache.jmeter.control.LoopController@3ddc26bd and iteration 1
2018-10-15 08:42:38,349 INFO o.a.j.t.JMeterThread: Thread started: G1 1-131
2018-10-15 08:42:38,349 INFO o.a.j.c.LoopController: iterationStart called on Loop Controller with source org.apache.jmeter.control.LoopController@6aca8d78 and iteration 1
2018-10-15 08:42:38,383 INFO o.a.j.t.JMeterThread: Thread started: G1 1-132
2018-10-15 08:42:38,383 INFO o.a.j.c.LoopController: iterationStart called on Loop Controller with source org.apache.jmeter.control.LoopController@4518864c and iteration 1
2018-10-15 08:42:38,436 INFO o.a.j.t.JMeterThread: Thread started: G1 1-133
2018-10-15 08:42:38,437 INFO o.a.j.c.LoopController: iterationStart called on Loop Controller with source org.apache.jmeter.control.LoopController@577119cd and iteration 1
2018-10-15 08:42:38,450 INFO o.a.j.t.JMeterThread: Thread started: G1 1-134
2018-10-15 08:42:38,451 INFO o.a.j.c.LoopController: iterationStart called on Loop Controller with source org.apache.jmeter.control.LoopController@67bc7a6c and iteration 1
2018-10-15 08:42:38,502 INFO o.a.j.t.JMeterThread: Thread started: G1 1-135
2018-10-15 08:42:38,502 INFO o.a.j.c.LoopController: iterationStart called on Loop Controller with source org.apache.jmeter.control.LoopController@caf8d6 and iteration 1
2018-10-15 08:42:38,518 INFO o.a.j.t.JMeterThread: Thread started: G1 1-136
2018-10-15 08:42:38,518 INFO o.a.j.c.LoopController: iterationStart called on Loop Controller with source org.apache.jmeter.control.LoopController@1c8dd49b and iteration 1
2018-10-15 08:42:38,569 INFO o.a.j.t.JMeterThread: Thread started: G1 1-137
2018-10-15 08:42:38,569 INFO o.a.j.c.LoopController: iterationStart called on Loop Controller with source org.apache.jmeter.control.LoopController@72c62ba7 and iteration 1
2018-10-15 08:42:38,603 INFO o.a.j.t.JMeterThread: Thread started: G1 1-138
2018-10-15 08:42:38,604 INFO o.a.j.c.LoopController: iterationStart called on Loop Controller with source org.apache.jmeter.control.LoopController@7f56abd0 and iteration 1
2018-10-15 08:42:38,637 INFO o.a.j.t.JMeterThread: Thread started: G1 1-139
2018-10-15 08:42:38,637 INFO o.a.j.c.LoopController: iterationStart called on Loop Controller with source org.apache.jmeter.control.LoopController@6d608a55 and iteration 1
2018-10-15 08:42:38,672 INFO o.a.j.t.JMeterThread: Thread started: G1 1-140
2018-10-15 08:42:38,673 INFO o.a.j.c.LoopController: iterationStart called on Loop Controller with source org.apache.jmeter.control.LoopController@460d306f and iteration 1
2018-10-15 08:42:38,704 INFO o.a.j.t.JMeterThread: Thread started: G1 1-141
2018-10-15 08:42:38,704 INFO o.a.j.c.LoopController: iterationStart called on Loop Controller with source org.apache.jmeter.control.LoopController@6735f0d0 and iteration 1
2018-10-15 08:42:38,785 INFO o.a.j.t.JMeterThread: Thread started: G1 1-143
2018-10-15 08:42:38,785 INFO o.a.j.t.JMeterThread: Thread started: G1 1-142
2018-10-15 08:42:38,786 INFO o.a.j.c.LoopController: iterationStart called on Loop Controller with source org.apache.jmeter.control.LoopController@3a9d3f72 and iteration 1
2018-10-15 08:42:38,786 INFO o.a.j.c.LoopController: iterationStart called on Loop Controller with source org.apache.jmeter.control.LoopController@3df4da8f and iteration 1
2018-10-15 08:42:38,806 INFO o.a.j.t.JMeterThread: Thread started: G1 1-144
2018-10-15 08:42:38,808 INFO o.a.j.c.LoopController: iterationStart called on Loop Controller with source org.apache.jmeter.control.LoopController@6858e861 and iteration 1
2018-10-15 08:42:38,840 INFO o.a.j.t.JMeterThread: Thread started: G1 1-145
2018-10-15 08:42:38,840 INFO o.a.j.c.LoopController: iterationStart called on Loop Controller with source org.apache.jmeter.control.LoopController@435fa885 and iteration 1
2018-10-15 08:42:38,873 INFO o.a.j.t.JMeterThread: Thread started: G1 1-146
2018-10-15 08:42:38,874 INFO o.a.j.c.LoopController: iterationStart called on Loop Controller with source org.apache.jmeter.control.LoopController@75748395 and iteration 1
2018-10-15 08:42:38,908 INFO o.a.j.t.JMeterThread: Thread started: G1 1-147
2018-10-15 08:42:38,916 INFO o.a.j.c.LoopController: iterationStart called on Loop Controller with source org.apache.jmeter.control.LoopController@219eacf9 and iteration 1
2018-10-15 08:42:38,943 INFO o.a.j.t.JMeterThread: Thread started: G1 1-148
2018-10-15 08:42:38,943 INFO o.a.j.c.LoopController: iterationStart called on Loop Controller with source org.apache.jmeter.control.LoopController@7395eafb and iteration 1
2018-10-15 08:42:38,974 INFO o.a.j.t.JMeterThread: Thread started: G1 1-149
2018-10-15 08:42:38,974 INFO o.a.j.c.LoopController: iterationStart called on Loop Controller with source org.apache.jmeter.control.LoopController@46d5d30e and iteration 1
2018-10-15 08:42:39,007 INFO o.a.j.t.JMeterThread: Thread started: G1 1-150
2018-10-15 08:42:39,007 INFO o.a.j.c.LoopController: iterationStart called on Loop Controller with source org.apache.jmeter.control.LoopController@480faa1 and iteration 1
2018-10-15 08:43:00,001 INFO o.a.j.r.Summariser: Generate Summary Results + 153620 in 00:00:26 = 5942.3/s Avg:    21 Min:     0 Max:  1513 Err:     0 (0.00%) Active: 150 Started: 150 Finished: 0
2018-10-15 08:43:00,002 INFO o.a.j.r.Summariser: Generate Summary Results = 153621 in 00:00:26 = 5873.3/s Avg:    21 Min:     0 Max:  1513 Err:     0 (0.00%)
2018-10-15 08:43:00,030 INFO o.a.j.r.Summariser: summary + 153620 in 00:00:26 = 5942.3/s Avg:    21 Min:     0 Max:  1513 Err:     0 (0.00%) Active: 150 Started: 150 Finished: 0
2018-10-15 08:43:00,033 INFO o.a.j.r.Summariser: summary = 153621 in 00:00:26 = 5875.7/s Avg:    21 Min:     0 Max:  1513 Err:     0 (0.00%)
2018-10-15 08:43:30,002 INFO o.a.j.r.Summariser: Generate Summary Results + 197626 in 00:00:30 = 6587.5/s Avg:    22 Min:     0 Max:  3021 Err:     0 (0.00%) Active: 150 Started: 150 Finished: 0
2018-10-15 08:43:30,012 INFO o.a.j.r.Summariser: Generate Summary Results = 351247 in 00:00:56 = 6254.8/s Avg:    22 Min:     0 Max:  3021 Err:     0 (0.00%)
2018-10-15 08:43:30,013 INFO o.a.j.r.Summariser: summary + 197626 in 00:00:30 = 6587.1/s Avg:    22 Min:     0 Max:  3021 Err:     0 (0.00%) Active: 150 Started: 150 Finished: 0
2018-10-15 08:43:30,014 INFO o.a.j.r.Summariser: summary = 351247 in 00:00:56 = 6254.6/s Avg:    22 Min:     0 Max:  3021 Err:     0 (0.00%)
2018-10-15 08:44:00,006 INFO o.a.j.r.Summariser: summary + 200954 in 00:00:30 = 6700.5/s Avg:    21 Min:     1 Max:  1215 Err:     0 (0.00%) Active: 150 Started: 150 Finished: 0
2018-10-15 08:44:00,013 INFO o.a.j.r.Summariser: summary = 552201 in 00:01:26 = 6409.8/s Avg:    22 Min:     0 Max:  3021 Err:     0 (0.00%)
2018-10-15 08:44:00,017 INFO o.a.j.r.Summariser: Generate Summary Results + 200954 in 00:00:30 = 6698.5/s Avg:    21 Min:     1 Max:  1215 Err:     0 (0.00%) Active: 150 Started: 150 Finished: 0
2018-10-15 08:44:00,017 INFO o.a.j.r.Summariser: Generate Summary Results = 552201 in 00:01:26 = 6409.0/s Avg:    22 Min:     0 Max:  3021 Err:     0 (0.00%)
2018-10-15 08:44:30,003 INFO o.a.j.r.Summariser: Generate Summary Results + 196854 in 00:00:30 = 6562.7/s Avg:    22 Min:     0 Max:  7016 Err:     1 (0.00%) Active: 150 Started: 150 Finished: 0
2018-10-15 08:44:30,005 INFO o.a.j.r.Summariser: summary + 196854 in 00:00:30 = 6562.7/s Avg:    22 Min:     0 Max:  7016 Err:     1 (0.00%) Active: 150 Started: 150 Finished: 0
2018-10-15 08:44:30,007 INFO o.a.j.r.Summariser: summary = 749055 in 00:01:56 = 6449.1/s Avg:    22 Min:     0 Max:  7016 Err:     1 (0.00%)
2018-10-15 08:44:30,008 INFO o.a.j.r.Summariser: Generate Summary Results = 749055 in 00:01:56 = 6448.7/s Avg:    22 Min:     0 Max:  7016 Err:     1 (0.00%)
2018-10-15 08:45:00,000 INFO o.a.j.r.Summariser: summary + 196352 in 00:00:30 = 6545.9/s Avg:    22 Min:     1 Max:  7012 Err:     1 (0.00%) Active: 150 Started: 150 Finished: 0
2018-10-15 08:45:00,001 INFO o.a.j.r.Summariser: summary = 945407 in 00:02:26 = 6469.0/s Avg:    22 Min:     0 Max:  7016 Err:     2 (0.00%)
2018-10-15 08:45:00,004 INFO o.a.j.r.Summariser: Generate Summary Results + 196352 in 00:00:30 = 6545.1/s Avg:    22 Min:     1 Max:  7012 Err:     1 (0.00%) Active: 150 Started: 150 Finished: 0
2018-10-15 08:45:00,009 INFO o.a.j.r.Summariser: Generate Summary Results = 945407 in 00:02:26 = 6468.5/s Avg:    22 Min:     0 Max:  7016 Err:     2 (0.00%)
2018-10-15 08:45:30,000 INFO o.a.j.r.Summariser: Generate Summary Results + 194702 in 00:00:30 = 6490.1/s Avg:    22 Min:     1 Max:  3032 Err:     0 (0.00%) Active: 150 Started: 150 Finished: 0
2018-10-15 08:45:30,002 INFO o.a.j.r.Summariser: Generate Summary Results = 1140109 in 00:02:56 = 6472.2/s Avg:    22 Min:     0 Max:  7016 Err:     2 (0.00%)
2018-10-15 08:45:30,004 INFO o.a.j.r.Summariser: summary + 194702 in 00:00:30 = 6490.1/s Avg:    22 Min:     1 Max:  3032 Err:     0 (0.00%) Active: 150 Started: 150 Finished: 0
2018-10-15 08:45:30,009 INFO o.a.j.r.Summariser: summary = 1140109 in 00:02:56 = 6472.6/s Avg:    22 Min:     0 Max:  7016 Err:     2 (0.00%)
2018-10-15 08:46:00,001 INFO o.a.j.r.Summariser: Generate Summary Results + 198676 in 00:00:30 = 6622.5/s Avg:    22 Min:     0 Max:  7015 Err:     1 (0.00%) Active: 150 Started: 150 Finished: 0
2018-10-15 08:46:00,005 INFO o.a.j.r.Summariser: summary + 198673 in 00:00:30 = 6622.4/s Avg:    22 Min:     0 Max:  7015 Err:     1 (0.00%) Active: 150 Started: 150 Finished: 0
2018-10-15 08:46:00,007 INFO o.a.j.r.Summariser: summary = 1338782 in 00:03:26 = 6494.2/s Avg:    22 Min:     0 Max:  7016 Err:     3 (0.00%)
2018-10-15 08:46:00,024 INFO o.a.j.r.Summariser: Generate Summary Results = 1338785 in 00:03:26 = 6494.0/s Avg:    22 Min:     0 Max:  7016 Err:     3 (0.00%)
2018-10-15 08:46:08,535 INFO o.a.j.t.JMeterThread: Thread is done: G1 1-76
2018-10-15 08:46:08,536 INFO o.a.j.t.JMeterThread: Thread finished: G1 1-76
2018-10-15 08:46:09,727 INFO o.a.j.t.JMeterThread: Thread is done: G1 1-116
2018-10-15 08:46:09,728 INFO o.a.j.t.JMeterThread: Thread finished: G1 1-116
2018-10-15 08:46:10,064 INFO o.a.j.t.JMeterThread: Thread is done: G1 1-6
2018-10-15 08:46:10,065 INFO o.a.j.t.JMeterThread: Thread finished: G1 1-6
2018-10-15 08:46:11,154 INFO o.a.j.t.JMeterThread: Thread is done: G1 1-120
2018-10-15 08:46:11,155 INFO o.a.j.t.JMeterThread: Thread finished: G1 1-120
2018-10-15 08:46:12,134 INFO o.a.j.t.JMeterThread: Thread is done: G1 1-140
2018-10-15 08:46:12,134 INFO o.a.j.t.JMeterThread: Thread finished: G1 1-140
2018-10-15 08:46:12,185 INFO o.a.j.t.JMeterThread: Thread is done: G1 1-13
2018-10-15 08:46:12,185 INFO o.a.j.t.JMeterThread: Thread finished: G1 1-13
2018-10-15 08:46:12,891 INFO o.a.j.t.JMeterThread: Thread is done: G1 1-48
2018-10-15 08:46:12,891 INFO o.a.j.t.JMeterThread: Thread finished: G1 1-48
2018-10-15 08:46:13,216 INFO o.a.j.t.JMeterThread: Thread is done: G1 1-59
2018-10-15 08:46:13,216 INFO o.a.j.t.JMeterThread: Thread finished: G1 1-59
2018-10-15 08:46:13,587 INFO o.a.j.t.JMeterThread: Thread is done: G1 1-27
2018-10-15 08:46:13,587 INFO o.a.j.t.JMeterThread: Thread finished: G1 1-27
2018-10-15 08:46:13,606 INFO o.a.j.t.JMeterThread: Thread is done: G1 1-148
2018-10-15 08:46:13,606 INFO o.a.j.t.JMeterThread: Thread finished: G1 1-148
2018-10-15 08:46:14,076 INFO o.a.j.t.JMeterThread: Thread is done: G1 1-127
2018-10-15 08:46:14,076 INFO o.a.j.t.JMeterThread: Thread finished: G1 1-127
2018-10-15 08:46:14,209 INFO o.a.j.t.JMeterThread: Thread is done: G1 1-12
2018-10-15 08:46:14,209 INFO o.a.j.t.JMeterThread: Thread finished: G1 1-12
2018-10-15 08:46:14,603 INFO o.a.j.t.JMeterThread: Thread is done: G1 1-94
2018-10-15 08:46:14,603 INFO o.a.j.t.JMeterThread: Thread finished: G1 1-94
2018-10-15 08:46:14,662 INFO o.a.j.t.JMeterThread: Thread is done: G1 1-15
2018-10-15 08:46:14,663 INFO o.a.j.t.JMeterThread: Thread finished: G1 1-15
2018-10-15 08:46:15,465 INFO o.a.j.t.JMeterThread: Thread is done: G1 1-51
2018-10-15 08:46:15,465 INFO o.a.j.t.JMeterThread: Thread finished: G1 1-51
2018-10-15 08:46:15,466 INFO o.a.j.t.JMeterThread: Thread is done: G1 1-56
2018-10-15 08:46:15,466 INFO o.a.j.t.JMeterThread: Thread finished: G1 1-56
2018-10-15 08:46:15,553 INFO o.a.j.t.JMeterThread: Thread is done: G1 1-67
2018-10-15 08:46:15,554 INFO o.a.j.t.JMeterThread: Thread finished: G1 1-67
2018-10-15 08:46:16,261 INFO o.a.j.t.JMeterThread: Thread is done: G1 1-132
2018-10-15 08:46:16,261 INFO o.a.j.t.JMeterThread: Thread finished: G1 1-132
2018-10-15 08:46:16,572 INFO o.a.j.t.JMeterThread: Thread is done: G1 1-21
2018-10-15 08:46:16,572 INFO o.a.j.t.JMeterThread: Thread finished: G1 1-21
2018-10-15 08:46:16,609 INFO o.a.j.t.JMeterThread: Thread is done: G1 1-45
2018-10-15 08:46:16,609 INFO o.a.j.t.JMeterThread: Thread finished: G1 1-45
2018-10-15 08:46:17,147 INFO o.a.j.t.JMeterThread: Thread is done: G1 1-37
2018-10-15 08:46:17,147 INFO o.a.j.t.JMeterThread: Thread finished: G1 1-37
2018-10-15 08:46:18,020 INFO o.a.j.t.JMeterThread: Thread is done: G1 1-38
2018-10-15 08:46:18,020 INFO o.a.j.t.JMeterThread: Thread finished: G1 1-38
2018-10-15 08:46:18,359 INFO o.a.j.t.JMeterThread: Thread is done: G1 1-46
2018-10-15 08:46:18,360 INFO o.a.j.t.JMeterThread: Thread finished: G1 1-46
2018-10-15 08:46:18,421 INFO o.a.j.t.JMeterThread: Thread is done: G1 1-25
2018-10-15 08:46:18,421 INFO o.a.j.t.JMeterThread: Thread finished: G1 1-25
2018-10-15 08:46:18,504 INFO o.a.j.t.JMeterThread: Thread is done: G1 1-95
2018-10-15 08:46:18,506 INFO o.a.j.t.JMeterThread: Thread finished: G1 1-95
2018-10-15 08:46:18,555 INFO o.a.j.t.JMeterThread: Thread is done: G1 1-53
2018-10-15 08:46:18,555 INFO o.a.j.t.JMeterThread: Thread finished: G1 1-53
2018-10-15 08:46:18,572 INFO o.a.j.t.JMeterThread: Thread is done: G1 1-30
2018-10-15 08:46:18,572 INFO o.a.j.t.JMeterThread: Thread finished: G1 1-30
2018-10-15 08:46:18,676 INFO o.a.j.t.JMeterThread: Thread is done: G1 1-14
2018-10-15 08:46:18,676 INFO o.a.j.t.JMeterThread: Thread finished: G1 1-14
2018-10-15 08:46:18,807 INFO o.a.j.t.JMeterThread: Thread is done: G1 1-91
2018-10-15 08:46:18,807 INFO o.a.j.t.JMeterThread: Thread finished: G1 1-91
2018-10-15 08:46:18,840 INFO o.a.j.t.JMeterThread: Thread is done: G1 1-106
2018-10-15 08:46:18,841 INFO o.a.j.t.JMeterThread: Thread finished: G1 1-106
2018-10-15 08:46:19,060 INFO o.a.j.t.JMeterThread: Thread is done: G1 1-108
2018-10-15 08:46:19,060 INFO o.a.j.t.JMeterThread: Thread finished: G1 1-108
2018-10-15 08:46:19,156 INFO o.a.j.t.JMeterThread: Thread is done: G1 1-125
2018-10-15 08:46:19,157 INFO o.a.j.t.JMeterThread: Thread finished: G1 1-125
2018-10-15 08:46:19,192 INFO o.a.j.t.JMeterThread: Thread is done: G1 1-72
2018-10-15 08:46:19,192 INFO o.a.j.t.JMeterThread: Thread finished: G1 1-72
2018-10-15 08:46:19,232 INFO o.a.j.t.JMeterThread: Thread is done: G1 1-20
2018-10-15 08:46:19,232 INFO o.a.j.t.JMeterThread: Thread finished: G1 1-20
2018-10-15 08:46:19,428 INFO o.a.j.t.JMeterThread: Thread is done: G1 1-35
2018-10-15 08:46:19,429 INFO o.a.j.t.JMeterThread: Thread finished: G1 1-35
2018-10-15 08:46:19,517 INFO o.a.j.t.JMeterThread: Thread is done: G1 1-75
2018-10-15 08:46:19,518 INFO o.a.j.t.JMeterThread: Thread finished: G1 1-75
2018-10-15 08:46:19,519 INFO o.a.j.t.JMeterThread: Thread is done: G1 1-31
2018-10-15 08:46:19,519 INFO o.a.j.t.JMeterThread: Thread finished: G1 1-31
2018-10-15 08:46:19,587 INFO o.a.j.t.JMeterThread: Thread is done: G1 1-43
2018-10-15 08:46:19,587 INFO o.a.j.t.JMeterThread: Thread finished: G1 1-43
2018-10-15 08:46:19,841 INFO o.a.j.t.JMeterThread: Thread is done: G1 1-41
2018-10-15 08:46:19,841 INFO o.a.j.t.JMeterThread: Thread finished: G1 1-41
2018-10-15 08:46:19,891 INFO o.a.j.t.JMeterThread: Thread is done: G1 1-3
2018-10-15 08:46:19,891 INFO o.a.j.t.JMeterThread: Thread finished: G1 1-3
2018-10-15 08:46:19,947 INFO o.a.j.t.JMeterThread: Thread is done: G1 1-5
2018-10-15 08:46:19,947 INFO o.a.j.t.JMeterThread: Thread finished: G1 1-5
2018-10-15 08:46:19,949 INFO o.a.j.t.JMeterThread: Thread is done: G1 1-81
2018-10-15 08:46:19,949 INFO o.a.j.t.JMeterThread: Thread finished: G1 1-81
2018-10-15 08:46:19,952 INFO o.a.j.t.JMeterThread: Thread is done: G1 1-87
2018-10-15 08:46:19,952 INFO o.a.j.t.JMeterThread: Thread finished: G1 1-87
2018-10-15 08:46:20,159 INFO o.a.j.t.JMeterThread: Thread is done: G1 1-4
2018-10-15 08:46:20,159 INFO o.a.j.t.JMeterThread: Thread finished: G1 1-4
2018-10-15 08:46:20,173 INFO o.a.j.t.JMeterThread: Thread is done: G1 1-23
2018-10-15 08:46:20,173 INFO o.a.j.t.JMeterThread: Thread finished: G1 1-23
2018-10-15 08:46:20,238 INFO o.a.j.t.JMeterThread: Thread is done: G1 1-118
2018-10-15 08:46:20,239 INFO o.a.j.t.JMeterThread: Thread finished: G1 1-118
2018-10-15 08:46:20,283 INFO o.a.j.t.JMeterThread: Thread is done: G1 1-22
2018-10-15 08:46:20,283 INFO o.a.j.t.JMeterThread: Thread finished: G1 1-22
2018-10-15 08:46:20,329 INFO o.a.j.t.JMeterThread: Thread is done: G1 1-2
2018-10-15 08:46:20,329 INFO o.a.j.t.JMeterThread: Thread finished: G1 1-2
2018-10-15 08:46:20,341 INFO o.a.j.t.JMeterThread: Thread is done: G1 1-8
2018-10-15 08:46:20,341 INFO o.a.j.t.JMeterThread: Thread finished: G1 1-8
2018-10-15 08:46:20,563 INFO o.a.j.t.JMeterThread: Thread is done: G1 1-9
2018-10-15 08:46:20,564 INFO o.a.j.t.JMeterThread: Thread finished: G1 1-9
2018-10-15 08:46:20,683 INFO o.a.j.t.JMeterThread: Thread is done: G1 1-34
2018-10-15 08:46:20,684 INFO o.a.j.t.JMeterThread: Thread finished: G1 1-34
2018-10-15 08:46:20,723 INFO o.a.j.t.JMeterThread: Thread is done: G1 1-40
2018-10-15 08:46:20,723 INFO o.a.j.t.JMeterThread: Thread finished: G1 1-40
2018-10-15 08:46:20,743 INFO o.a.j.t.JMeterThread: Thread is done: G1 1-57
2018-10-15 08:46:20,747 INFO o.a.j.t.JMeterThread: Thread finished: G1 1-57
2018-10-15 08:46:20,819 INFO o.a.j.t.JMeterThread: Thread is done: G1 1-93
2018-10-15 08:46:20,820 INFO o.a.j.t.JMeterThread: Thread finished: G1 1-93
2018-10-15 08:46:20,829 INFO o.a.j.t.JMeterThread: Thread is done: G1 1-122
2018-10-15 08:46:20,829 INFO o.a.j.t.JMeterThread: Thread finished: G1 1-122
2018-10-15 08:46:20,891 INFO o.a.j.t.JMeterThread: Thread is done: G1 1-84
2018-10-15 08:46:20,891 INFO o.a.j.t.JMeterThread: Thread finished: G1 1-84
2018-10-15 08:46:20,949 INFO o.a.j.t.JMeterThread: Thread is done: G1 1-33
2018-10-15 08:46:20,949 INFO o.a.j.t.JMeterThread: Thread finished: G1 1-33
2018-10-15 08:46:21,000 INFO o.a.j.t.JMeterThread: Thread is done: G1 1-60
2018-10-15 08:46:21,000 INFO o.a.j.t.JMeterThread: Thread finished: G1 1-60
2018-10-15 08:46:21,020 INFO o.a.j.t.JMeterThread: Thread is done: G1 1-61
2018-10-15 08:46:21,020 INFO o.a.j.t.JMeterThread: Thread finished: G1 1-61
2018-10-15 08:46:21,045 INFO o.a.j.t.JMeterThread: Thread is done: G1 1-105
2018-10-15 08:46:21,045 INFO o.a.j.t.JMeterThread: Thread finished: G1 1-105
2018-10-15 08:46:21,058 INFO o.a.j.t.JMeterThread: Thread is done: G1 1-96
2018-10-15 08:46:21,058 INFO o.a.j.t.JMeterThread: Thread finished: G1 1-96
2018-10-15 08:46:21,195 INFO o.a.j.t.JMeterThread: Thread is done: G1 1-70
2018-10-15 08:46:21,195 INFO o.a.j.t.JMeterThread: Thread finished: G1 1-70
2018-10-15 08:46:21,199 INFO o.a.j.t.JMeterThread: Thread is done: G1 1-83
2018-10-15 08:46:21,199 INFO o.a.j.t.JMeterThread: Thread finished: G1 1-83
2018-10-15 08:46:21,410 INFO o.a.j.t.JMeterThread: Thread is done: G1 1-88
2018-10-15 08:46:21,410 INFO o.a.j.t.JMeterThread: Thread finished: G1 1-88
2018-10-15 08:46:21,534 INFO o.a.j.t.JMeterThread: Thread is done: G1 1-71
2018-10-15 08:46:21,534 INFO o.a.j.t.JMeterThread: Thread finished: G1 1-71
2018-10-15 08:46:21,552 INFO o.a.j.t.JMeterThread: Thread is done: G1 1-143
2018-10-15 08:46:21,554 INFO o.a.j.t.JMeterThread: Thread finished: G1 1-143
2018-10-15 08:46:21,638 INFO o.a.j.t.JMeterThread: Thread is done: G1 1-78
2018-10-15 08:46:21,638 INFO o.a.j.t.JMeterThread: Thread finished: G1 1-78
2018-10-15 08:46:21,718 INFO o.a.j.t.JMeterThread: Thread is done: G1 1-79
2018-10-15 08:46:21,725 INFO o.a.j.t.JMeterThread: Thread finished: G1 1-79
2018-10-15 08:46:21,764 INFO o.a.j.t.JMeterThread: Thread is done: G1 1-115
2018-10-15 08:46:21,764 INFO o.a.j.t.JMeterThread: Thread finished: G1 1-115
2018-10-15 08:46:21,784 INFO o.a.j.t.JMeterThread: Thread is done: G1 1-50
2018-10-15 08:46:21,784 INFO o.a.j.t.JMeterThread: Thread finished: G1 1-50
2018-10-15 08:46:21,850 INFO o.a.j.t.JMeterThread: Thread is done: G1 1-18
2018-10-15 08:46:21,850 INFO o.a.j.t.JMeterThread: Thread finished: G1 1-18
2018-10-15 08:46:21,855 INFO o.a.j.t.JMeterThread: Thread is done: G1 1-52
2018-10-15 08:46:21,855 INFO o.a.j.t.JMeterThread: Thread finished: G1 1-52
2018-10-15 08:46:21,978 INFO o.a.j.t.JMeterThread: Thread is done: G1 1-24
2018-10-15 08:46:21,978 INFO o.a.j.t.JMeterThread: Thread finished: G1 1-24
2018-10-15 08:46:21,980 INFO o.a.j.t.JMeterThread: Thread is done: G1 1-1
2018-10-15 08:46:21,980 INFO o.a.j.t.JMeterThread: Thread finished: G1 1-1
2018-10-15 08:46:21,989 INFO o.a.j.t.JMeterThread: Thread is done: G1 1-74
2018-10-15 08:46:21,990 INFO o.a.j.t.JMeterThread: Thread finished: G1 1-74
2018-10-15 08:46:22,078 INFO o.a.j.t.JMeterThread: Thread is done: G1 1-49
2018-10-15 08:46:22,078 INFO o.a.j.t.JMeterThread: Thread finished: G1 1-49
2018-10-15 08:46:22,113 INFO o.a.j.t.JMeterThread: Thread is done: G1 1-28
2018-10-15 08:46:22,115 INFO o.a.j.t.JMeterThread: Thread is done: G1 1-128
2018-10-15 08:46:22,116 INFO o.a.j.t.JMeterThread: Thread finished: G1 1-128
2018-10-15 08:46:22,114 INFO o.a.j.t.JMeterThread: Thread finished: G1 1-28
2018-10-15 08:46:22,150 INFO o.a.j.t.JMeterThread: Thread is done: G1 1-77
2018-10-15 08:46:22,150 INFO o.a.j.t.JMeterThread: Thread finished: G1 1-77
2018-10-15 08:46:22,229 INFO o.a.j.t.JMeterThread: Thread is done: G1 1-112
2018-10-15 08:46:22,229 INFO o.a.j.t.JMeterThread: Thread finished: G1 1-112
2018-10-15 08:46:22,301 INFO o.a.j.t.JMeterThread: Thread is done: G1 1-92
2018-10-15 08:46:22,302 INFO o.a.j.t.JMeterThread: Thread finished: G1 1-92
2018-10-15 08:46:22,341 INFO o.a.j.t.JMeterThread: Thread is done: G1 1-117
2018-10-15 08:46:22,345 INFO o.a.j.t.JMeterThread: Thread is done: G1 1-102
2018-10-15 08:46:22,345 INFO o.a.j.t.JMeterThread: Thread finished: G1 1-102
2018-10-15 08:46:22,345 INFO o.a.j.t.JMeterThread: Thread finished: G1 1-117
2018-10-15 08:46:22,559 INFO o.a.j.t.JMeterThread: Thread is done: G1 1-97
2018-10-15 08:46:22,559 INFO o.a.j.t.JMeterThread: Thread finished: G1 1-97
2018-10-15 08:46:22,562 INFO o.a.j.t.JMeterThread: Thread is done: G1 1-126
2018-10-15 08:46:22,563 INFO o.a.j.t.JMeterThread: Thread finished: G1 1-126
2018-10-15 08:46:22,712 INFO o.a.j.t.JMeterThread: Thread is done: G1 1-147
2018-10-15 08:46:22,712 INFO o.a.j.t.JMeterThread: Thread finished: G1 1-147
2018-10-15 08:46:22,745 INFO o.a.j.t.JMeterThread: Thread is done: G1 1-47
2018-10-15 08:46:22,746 INFO o.a.j.t.JMeterThread: Thread finished: G1 1-47
2018-10-15 08:46:22,779 INFO o.a.j.t.JMeterThread: Thread is done: G1 1-135
2018-10-15 08:46:22,779 INFO o.a.j.t.JMeterThread: Thread finished: G1 1-135
2018-10-15 08:46:22,795 INFO o.a.j.t.JMeterThread: Thread is done: G1 1-137
2018-10-15 08:46:22,795 INFO o.a.j.t.JMeterThread: Thread finished: G1 1-137
2018-10-15 08:46:22,805 INFO o.a.j.t.JMeterThread: Thread is done: G1 1-11
2018-10-15 08:46:22,805 INFO o.a.j.t.JMeterThread: Thread finished: G1 1-11
2018-10-15 08:46:22,808 INFO o.a.j.t.JMeterThread: Thread is done: G1 1-54
2018-10-15 08:46:22,808 INFO o.a.j.t.JMeterThread: Thread finished: G1 1-54
2018-10-15 08:46:22,881 INFO o.a.j.t.JMeterThread: Thread is done: G1 1-10
2018-10-15 08:46:22,881 INFO o.a.j.t.JMeterThread: Thread finished: G1 1-10
2018-10-15 08:46:22,887 INFO o.a.j.t.JMeterThread: Thread is done: G1 1-69
2018-10-15 08:46:22,887 INFO o.a.j.t.JMeterThread: Thread finished: G1 1-69
2018-10-15 08:46:22,946 INFO o.a.j.t.JMeterThread: Thread is done: G1 1-17
2018-10-15 08:46:22,949 INFO o.a.j.t.JMeterThread: Thread finished: G1 1-17
2018-10-15 08:46:23,120 INFO o.a.j.t.JMeterThread: Thread is done: G1 1-19
2018-10-15 08:46:23,120 INFO o.a.j.t.JMeterThread: Thread finished: G1 1-19
2018-10-15 08:46:23,144 INFO o.a.j.t.JMeterThread: Thread is done: G1 1-80
2018-10-15 08:46:23,144 INFO o.a.j.t.JMeterThread: Thread finished: G1 1-80
2018-10-15 08:46:23,149 INFO o.a.j.t.JMeterThread: Thread is done: G1 1-149
2018-10-15 08:46:23,149 INFO o.a.j.t.JMeterThread: Thread finished: G1 1-149
2018-10-15 08:46:23,156 INFO o.a.j.t.JMeterThread: Thread is done: G1 1-100
2018-10-15 08:46:23,156 INFO o.a.j.t.JMeterThread: Thread finished: G1 1-100
2018-10-15 08:46:23,231 INFO o.a.j.t.JMeterThread: Thread is done: G1 1-29
2018-10-15 08:46:23,231 INFO o.a.j.t.JMeterThread: Thread finished: G1 1-29
2018-10-15 08:46:23,300 INFO o.a.j.t.JMeterThread: Thread is done: G1 1-65
2018-10-15 08:46:23,300 INFO o.a.j.t.JMeterThread: Thread finished: G1 1-65
2018-10-15 08:46:23,316 INFO o.a.j.t.JMeterThread: Thread is done: G1 1-90
2018-10-15 08:46:23,316 INFO o.a.j.t.JMeterThread: Thread finished: G1 1-90
2018-10-15 08:46:23,333 INFO o.a.j.t.JMeterThread: Thread is done: G1 1-119
2018-10-15 08:46:23,333 INFO o.a.j.t.JMeterThread: Thread finished: G1 1-119
2018-10-15 08:46:23,335 INFO o.a.j.t.JMeterThread: Thread is done: G1 1-99
2018-10-15 08:46:23,335 INFO o.a.j.t.JMeterThread: Thread finished: G1 1-99
2018-10-15 08:46:23,347 INFO o.a.j.t.JMeterThread: Thread is done: G1 1-109
2018-10-15 08:46:23,347 INFO o.a.j.t.JMeterThread: Thread finished: G1 1-109
2018-10-15 08:46:23,450 INFO o.a.j.t.JMeterThread: Thread is done: G1 1-129
2018-10-15 08:46:23,450 INFO o.a.j.t.JMeterThread: Thread finished: G1 1-129
2018-10-15 08:46:23,457 INFO o.a.j.t.JMeterThread: Thread is done: G1 1-141
2018-10-15 08:46:23,457 INFO o.a.j.t.JMeterThread: Thread finished: G1 1-141
2018-10-15 08:46:23,540 INFO o.a.j.t.JMeterThread: Thread is done: G1 1-7
2018-10-15 08:46:23,540 INFO o.a.j.t.JMeterThread: Thread finished: G1 1-7
2018-10-15 08:46:23,542 INFO o.a.j.t.JMeterThread: Thread is done: G1 1-150
2018-10-15 08:46:23,542 INFO o.a.j.t.JMeterThread: Thread finished: G1 1-150
2018-10-15 08:46:23,560 INFO o.a.j.t.JMeterThread: Thread is done: G1 1-98
2018-10-15 08:46:23,560 INFO o.a.j.t.JMeterThread: Thread finished: G1 1-98
2018-10-15 08:46:23,563 INFO o.a.j.t.JMeterThread: Thread is done: G1 1-16
2018-10-15 08:46:23,563 INFO o.a.j.t.JMeterThread: Thread finished: G1 1-16
2018-10-15 08:46:23,667 INFO o.a.j.t.JMeterThread: Thread is done: G1 1-134
2018-10-15 08:46:23,667 INFO o.a.j.t.JMeterThread: Thread finished: G1 1-134
2018-10-15 08:46:23,725 INFO o.a.j.t.JMeterThread: Thread is done: G1 1-101
2018-10-15 08:46:23,725 INFO o.a.j.t.JMeterThread: Thread finished: G1 1-101
2018-10-15 08:46:23,732 INFO o.a.j.t.JMeterThread: Thread is done: G1 1-64
2018-10-15 08:46:23,732 INFO o.a.j.t.JMeterThread: Thread finished: G1 1-64
2018-10-15 08:46:23,778 INFO o.a.j.t.JMeterThread: Thread is done: G1 1-110
2018-10-15 08:46:23,778 INFO o.a.j.t.JMeterThread: Thread finished: G1 1-110
2018-10-15 08:46:23,790 INFO o.a.j.t.JMeterThread: Thread is done: G1 1-124
2018-10-15 08:46:23,790 INFO o.a.j.t.JMeterThread: Thread finished: G1 1-124
2018-10-15 08:46:23,812 INFO o.a.j.t.JMeterThread: Thread is done: G1 1-145
2018-10-15 08:46:23,814 INFO o.a.j.t.JMeterThread: Thread finished: G1 1-145
2018-10-15 08:46:23,820 INFO o.a.j.t.JMeterThread: Thread is done: G1 1-58
2018-10-15 08:46:23,830 INFO o.a.j.t.JMeterThread: Thread finished: G1 1-58
2018-10-15 08:46:23,965 INFO o.a.j.t.JMeterThread: Thread is done: G1 1-130
2018-10-15 08:46:23,966 INFO o.a.j.t.JMeterThread: Thread finished: G1 1-130
2018-10-15 08:46:24,060 INFO o.a.j.t.JMeterThread: Thread is done: G1 1-131
2018-10-15 08:46:24,060 INFO o.a.j.t.JMeterThread: Thread finished: G1 1-131
2018-10-15 08:46:24,169 INFO o.a.j.t.JMeterThread: Thread is done: G1 1-62
2018-10-15 08:46:24,169 INFO o.a.j.t.JMeterThread: Thread finished: G1 1-62
2018-10-15 08:46:24,182 INFO o.a.j.t.JMeterThread: Thread is done: G1 1-113
2018-10-15 08:46:24,182 INFO o.a.j.t.JMeterThread: Thread finished: G1 1-113
2018-10-15 08:46:24,233 INFO o.a.j.t.JMeterThread: Thread is done: G1 1-111
2018-10-15 08:46:24,233 INFO o.a.j.t.JMeterThread: Thread finished: G1 1-111
2018-10-15 08:46:24,241 INFO o.a.j.t.JMeterThread: Thread is done: G1 1-146
2018-10-15 08:46:24,241 INFO o.a.j.t.JMeterThread: Thread finished: G1 1-146
2018-10-15 08:46:24,286 INFO o.a.j.t.JMeterThread: Thread is done: G1 1-144
2018-10-15 08:46:24,286 INFO o.a.j.t.JMeterThread: Thread finished: G1 1-144
2018-10-15 08:46:24,338 INFO o.a.j.t.JMeterThread: Thread is done: G1 1-26
2018-10-15 08:46:24,338 INFO o.a.j.t.JMeterThread: Thread finished: G1 1-26
2018-10-15 08:46:24,348 INFO o.a.j.t.JMeterThread: Thread is done: G1 1-133
2018-10-15 08:46:24,348 INFO o.a.j.t.JMeterThread: Thread finished: G1 1-133
2018-10-15 08:46:24,348 INFO o.a.j.t.JMeterThread: Thread is done: G1 1-32
2018-10-15 08:46:24,348 INFO o.a.j.t.JMeterThread: Thread finished: G1 1-32
2018-10-15 08:46:24,408 INFO o.a.j.t.JMeterThread: Thread is done: G1 1-142
2018-10-15 08:46:24,408 INFO o.a.j.t.JMeterThread: Thread finished: G1 1-142
2018-10-15 08:46:24,487 INFO o.a.j.t.JMeterThread: Thread is done: G1 1-104
2018-10-15 08:46:24,487 INFO o.a.j.t.JMeterThread: Thread finished: G1 1-104
2018-10-15 08:46:24,497 INFO o.a.j.t.JMeterThread: Thread is done: G1 1-139
2018-10-15 08:46:24,498 INFO o.a.j.t.JMeterThread: Thread finished: G1 1-139
2018-10-15 08:46:24,551 INFO o.a.j.t.JMeterThread: Thread is done: G1 1-63
2018-10-15 08:46:24,552 INFO o.a.j.t.JMeterThread: Thread finished: G1 1-63
2018-10-15 08:46:24,591 INFO o.a.j.t.JMeterThread: Thread is done: G1 1-39
2018-10-15 08:46:24,591 INFO o.a.j.t.JMeterThread: Thread finished: G1 1-39
2018-10-15 08:46:24,609 INFO o.a.j.t.JMeterThread: Thread is done: G1 1-103
2018-10-15 08:46:24,610 INFO o.a.j.t.JMeterThread: Thread finished: G1 1-103
2018-10-15 08:46:24,642 INFO o.a.j.t.JMeterThread: Thread is done: G1 1-114
2018-10-15 08:46:24,642 INFO o.a.j.t.JMeterThread: Thread finished: G1 1-114
2018-10-15 08:46:24,655 INFO o.a.j.t.JMeterThread: Thread is done: G1 1-66
2018-10-15 08:46:24,655 INFO o.a.j.t.JMeterThread: Thread finished: G1 1-66
2018-10-15 08:46:24,861 INFO o.a.j.t.JMeterThread: Thread is done: G1 1-107
2018-10-15 08:46:24,862 INFO o.a.j.t.JMeterThread: Thread finished: G1 1-107
2018-10-15 08:46:24,940 INFO o.a.j.t.JMeterThread: Thread is done: G1 1-123
2018-10-15 08:46:24,940 INFO o.a.j.t.JMeterThread: Thread finished: G1 1-123
2018-10-15 08:46:24,959 INFO o.a.j.t.JMeterThread: Thread is done: G1 1-68
2018-10-15 08:46:24,960 INFO o.a.j.t.JMeterThread: Thread finished: G1 1-68
2018-10-15 08:46:24,969 INFO o.a.j.t.JMeterThread: Thread is done: G1 1-73
2018-10-15 08:46:24,969 INFO o.a.j.t.JMeterThread: Thread finished: G1 1-73
2018-10-15 08:46:24,981 INFO o.a.j.t.JMeterThread: Thread is done: G1 1-136
2018-10-15 08:46:24,981 INFO o.a.j.t.JMeterThread: Thread finished: G1 1-136
2018-10-15 08:46:24,991 INFO o.a.j.t.JMeterThread: Thread is done: G1 1-42
2018-10-15 08:46:24,991 INFO o.a.j.t.JMeterThread: Thread finished: G1 1-42
2018-10-15 08:46:25,016 INFO o.a.j.t.JMeterThread: Thread is done: G1 1-89
2018-10-15 08:46:25,016 INFO o.a.j.t.JMeterThread: Thread finished: G1 1-89
2018-10-15 08:46:25,055 INFO o.a.j.t.JMeterThread: Thread is done: G1 1-55
2018-10-15 08:46:25,055 INFO o.a.j.t.JMeterThread: Thread finished: G1 1-55
2018-10-15 08:46:25,065 INFO o.a.j.t.JMeterThread: Thread is done: G1 1-44
2018-10-15 08:46:25,065 INFO o.a.j.t.JMeterThread: Thread finished: G1 1-44
2018-10-15 08:46:25,117 INFO o.a.j.t.JMeterThread: Thread is done: G1 1-86
2018-10-15 08:46:25,117 INFO o.a.j.t.JMeterThread: Thread finished: G1 1-86
2018-10-15 08:46:25,128 INFO o.a.j.t.JMeterThread: Thread is done: G1 1-36
2018-10-15 08:46:25,128 INFO o.a.j.t.JMeterThread: Thread finished: G1 1-36
2018-10-15 08:46:25,249 INFO o.a.j.t.JMeterThread: Thread is done: G1 1-85
2018-10-15 08:46:25,250 INFO o.a.j.t.JMeterThread: Thread finished: G1 1-85
2018-10-15 08:46:25,258 INFO o.a.j.t.JMeterThread: Thread is done: G1 1-138
2018-10-15 08:46:25,258 INFO o.a.j.t.JMeterThread: Thread finished: G1 1-138
2018-10-15 08:46:25,383 INFO o.a.j.t.JMeterThread: Thread is done: G1 1-121
2018-10-15 08:46:25,383 INFO o.a.j.t.JMeterThread: Thread finished: G1 1-121
2018-10-15 08:46:25,428 INFO o.a.j.t.JMeterThread: Thread is done: G1 1-82
2018-10-15 08:46:25,428 INFO o.a.j.t.JMeterThread: Thread finished: G1 1-82
2018-10-15 08:46:25,429 INFO o.a.j.e.StandardJMeterEngine: Notifying test listeners of end of test
2018-10-15 08:46:25,430 INFO o.a.j.r.Summariser: summary + 161218 in 00:00:25 = 6340.7/s Avg:    19 Min:     0 Max:  3010 Err:     0 (0.00%) Active: 0 Started: 150 Finished: 150
2018-10-15 08:46:25,431 INFO o.a.j.r.Summariser: summary = 1500000 in 00:03:52 = 6477.4/s Avg:    21 Min:     0 Max:  7016 Err:     3 (0.00%)
2018-10-15 08:46:25,431 INFO o.a.j.r.Summariser: Generate Summary Results + 161215 in 00:00:25 = 6339.3/s Avg:    19 Min:     0 Max:  3010 Err:     0 (0.00%) Active: 0 Started: 150 Finished: 150
2018-10-15 08:46:25,431 INFO o.a.j.r.Summariser: Generate Summary Results = 1500000 in 00:03:52 = 6477.0/s Avg:    21 Min:     0 Max:  7016 Err:     3 (0.00%)
2018-10-15 08:46:25,432 INFO o.a.j.JMeter: Generating Dashboard
2018-10-15 08:46:25,432 INFO o.a.j.r.d.ReportGenerator: Flushing result collector before report Generation
2018-10-15 08:46:25,460 INFO o.a.j.r.p.NormalizerSampleConsumer: Using format, 'ms', to parse timeStamp field
2018-10-15 08:46:55,669 INFO o.a.j.r.p.AbstractSampleConsumer: class org.apache.jmeter.report.processor.AggregateConsumer#stopProducing(): beginDate produced 0 samples
2018-10-15 08:46:55,669 INFO o.a.j.r.p.AbstractSampleConsumer: class org.apache.jmeter.report.processor.AggregateConsumer#stopProducing(): endDate produced 0 samples
2018-10-15 08:46:55,672 INFO o.a.j.r.p.AbstractSampleConsumer: class org.apache.jmeter.report.processor.ApdexSummaryConsumer#stopProducing(): apdexSummary produced 0 samples
2018-10-15 08:46:55,672 INFO o.a.j.r.p.AbstractSampleConsumer: class org.apache.jmeter.report.processor.RequestsSummaryConsumer#stopProducing(): requestsSummary produced 0 samples
2018-10-15 08:46:55,693 INFO o.a.j.r.p.AbstractSampleConsumer: class org.apache.jmeter.report.processor.StatisticsSummaryConsumer#stopProducing(): statisticsSummary produced 0 samples
2018-10-15 08:46:55,702 INFO o.a.j.r.p.AbstractSampleConsumer: class org.apache.jmeter.report.processor.Top5ErrorsBySamplerConsumer#stopProducing(): top5ErrorsBySampler produced 0 samples
2018-10-15 08:46:55,703 INFO o.a.j.r.p.AbstractSampleConsumer: class org.apache.jmeter.report.processor.ErrorsSummaryConsumer#stopProducing(): errorsSummary produced 0 samples
2018-10-15 08:46:55,703 INFO o.a.j.r.p.AbstractSampleConsumer: class org.apache.jmeter.report.processor.graph.impl.HitsPerSecondGraphConsumer#stopProducing(): hitsPerSecond produced 0 samples
2018-10-15 08:47:00,467 INFO o.a.j.r.p.AbstractSampleConsumer: class org.apache.jmeter.report.processor.graph.impl.LatencyVSRequestGraphConsumer#stopProducing(): latencyVsRequest produced 0 samples
2018-10-15 08:47:00,484 INFO o.a.j.r.p.AbstractSampleConsumer: class org.apache.jmeter.report.processor.graph.impl.SyntheticResponseTimeDistributionGraphConsumer#stopProducing(): syntheticResponseTimeDistribution produced 0 samples
2018-10-15 08:47:00,485 INFO o.a.j.r.p.AbstractSampleConsumer: class org.apache.jmeter.report.processor.graph.impl.BytesThroughputGraphConsumer#stopProducing(): bytesThroughputOverTime produced 0 samples
2018-10-15 08:47:00,485 INFO o.a.j.r.p.AbstractSampleConsumer: class org.apache.jmeter.report.processor.graph.impl.CodesPerSecondGraphConsumer#stopProducing(): codesPerSecond produced 0 samples
2018-10-15 08:47:05,070 INFO o.a.j.r.p.AbstractSampleConsumer: class org.apache.jmeter.report.processor.graph.impl.ResponseTimeVSRequestGraphConsumer#stopProducing(): responseTimeVsRequest produced 0 samples
2018-10-15 08:47:05,081 INFO o.a.j.r.p.AbstractSampleConsumer: class org.apache.jmeter.report.processor.FilterConsumer#stopProducing(): startIntervalControlerFilter produced 10500000 samples
2018-10-15 08:47:05,081 INFO o.a.j.r.p.AbstractSampleConsumer: class org.apache.jmeter.report.processor.graph.impl.TotalTPSGraphConsumer#stopProducing(): totalTPS produced 0 samples
2018-10-15 08:47:05,081 INFO o.a.j.r.p.AbstractSampleConsumer: class org.apache.jmeter.report.processor.graph.impl.ActiveThreadsGraphConsumer#stopProducing(): activeThreadsOverTime produced 0 samples
2018-10-15 08:47:05,081 INFO o.a.j.r.p.AbstractSampleConsumer: class org.apache.jmeter.report.processor.graph.impl.TimeVSThreadGraphConsumer#stopProducing(): timeVsThreads produced 0 samples
2018-10-15 08:47:05,082 INFO o.a.j.r.p.AbstractSampleConsumer: class org.apache.jmeter.report.processor.graph.impl.ResponseTimeDistributionGraphConsumer#stopProducing(): responseTimeDistribution produced 0 samples
2018-10-15 08:47:05,082 INFO o.a.j.r.p.AbstractSampleConsumer: class org.apache.jmeter.report.processor.graph.impl.TransactionsPerSecondGraphConsumer#stopProducing(): transactionsPerSecond produced 0 samples
2018-10-15 08:47:05,082 INFO o.a.j.r.p.AbstractSampleConsumer: class org.apache.jmeter.report.processor.graph.impl.ResponseTimePercentilesGraphConsumer#stopProducing(): responseTimePercentiles produced 0 samples
2018-10-15 08:47:05,087 INFO o.a.j.r.p.AbstractSampleConsumer: class org.apache.jmeter.report.processor.graph.impl.ResponseTimePercentilesOverTimeGraphConsumer#stopProducing(): responseTimePercentilesOverTime produced 0 samples
2018-10-15 08:47:05,094 INFO o.a.j.r.p.AbstractSampleConsumer: class org.apache.jmeter.report.processor.graph.impl.ResponseTimeOverTimeGraphConsumer#stopProducing(): responseTimesOverTime produced 0 samples
2018-10-15 08:47:05,094 INFO o.a.j.r.p.AbstractSampleConsumer: class org.apache.jmeter.report.processor.graph.impl.ConnectTimeOverTimeGraphConsumer#stopProducing(): connectTimeOverTime produced 0 samples
2018-10-15 08:47:05,094 INFO o.a.j.r.p.AbstractSampleConsumer: class org.apache.jmeter.report.processor.graph.impl.LatencyOverTimeGraphConsumer#stopProducing(): latenciesOverTime produced 0 samples
2018-10-15 08:47:05,094 INFO o.a.j.r.p.AbstractSampleConsumer: class org.apache.jmeter.report.processor.FilterConsumer#stopProducing(): nameFilter produced 22500000 samples
2018-10-15 08:47:05,094 INFO o.a.j.r.p.AbstractSampleConsumer: class org.apache.jmeter.report.processor.FilterConsumer#stopProducing(): dateRangeFilter produced 4500000 samples
2018-10-15 08:47:05,094 INFO o.a.j.r.p.AbstractSampleConsumer: class org.apache.jmeter.report.processor.NormalizerSampleConsumer#stopProducing(): normalizer produced 1500000 samples
2018-10-15 08:47:05,095 INFO o.a.j.r.p.CsvFileSampleSource: produce(): 1500000 samples produced in 39s 593 ms on channel 0
2018-10-15 08:47:05,095 INFO o.a.j.r.d.ReportGenerator: Exporting data using exporter:'html' of className:'org.apache.jmeter.report.dashboard.HtmlTemplateExporter'
2018-10-15 08:47:05,099 INFO o.a.j.r.d.HtmlTemplateExporter: Will generate dashboard in folder: /usr/app/jmt_result/outputs/result150/./out_ssi
2018-10-15 08:47:05,200 INFO o.a.j.r.d.HtmlTemplateExporter: Report will be generated in: /usr/app/jmt_result/outputs/result150/./out_ssi, creating folder structure
2018-10-15 08:47:05,496 INFO o.a.j.JMeter: Dashboard generated
