2018-10-12 07:40:18,169 INFO o.a.j.u.JMeterUtils: Setting Locale to en_EN
2018-10-12 07:40:18,186 INFO o.a.j.JMeter: Loading user properties from: /jmeter/apache-jmeter-5.0/bin/user.properties
2018-10-12 07:40:18,186 INFO o.a.j.JMeter: Loading system properties from: /jmeter/apache-jmeter-5.0/bin/system.properties
2018-10-12 07:40:18,194 INFO o.a.j.JMeter: Copyright (c) 1998-2018 The Apache Software Foundation
2018-10-12 07:40:18,194 INFO o.a.j.JMeter: Version 5.0 r1840935
2018-10-12 07:40:18,194 INFO o.a.j.JMeter: java.version=1.8.0_171
2018-10-12 07:40:18,194 INFO o.a.j.JMeter: java.vm.name=OpenJDK 64-Bit Server VM
2018-10-12 07:40:18,194 INFO o.a.j.JMeter: os.name=Linux
2018-10-12 07:40:18,194 INFO o.a.j.JMeter: os.arch=amd64
2018-10-12 07:40:18,194 INFO o.a.j.JMeter: os.version=3.10.0-862.9.1.el7.x86_64
2018-10-12 07:40:18,194 INFO o.a.j.JMeter: file.encoding=UTF-8
2018-10-12 07:40:18,194 INFO o.a.j.JMeter: Max memory     =1073741824
2018-10-12 07:40:18,195 INFO o.a.j.JMeter: Available Processors =4
2018-10-12 07:40:18,200 INFO o.a.j.JMeter: Default Locale=English (EN)
2018-10-12 07:40:18,201 INFO o.a.j.JMeter: JMeter  Locale=English (EN)
2018-10-12 07:40:18,201 INFO o.a.j.JMeter: JMeterHome=/jmeter/apache-jmeter-5.0
2018-10-12 07:40:18,201 INFO o.a.j.JMeter: user.dir  =/usr/app/jmt_result/outputs/result100
2018-10-12 07:40:18,201 INFO o.a.j.JMeter: PWD       =/usr/app/jmt_result/outputs/result100
2018-10-12 07:40:18,201 INFO o.a.j.JMeter: IP: 10.42.6.150 Name: jmeter-75ff7c888b-m9ddj FullName: jmeter-75ff7c888b-m9ddj
2018-10-12 07:40:18,204 INFO o.a.j.JMeter: Setting property 'jmeter.reportgenerator.outputdir' to:'/usr/app/jmt_result/outputs/result100/./out'
2018-10-12 07:40:18,206 INFO o.a.j.s.FileServer: Default base='/usr/app/jmt_result/outputs/result100'
2018-10-12 07:40:18,216 INFO o.a.j.s.FileServer: Set new base='/usr/app/jmt_result/outputs/result100'
2018-10-12 07:40:18,434 INFO o.a.j.s.SaveService: Testplan (JMX) version: 2.2. Testlog (JTL) version: 2.2
2018-10-12 07:40:18,454 INFO o.a.j.s.SaveService: Using SaveService properties file encoding UTF-8
2018-10-12 07:40:18,460 INFO o.a.j.s.SaveService: Using SaveService properties version 5.0
2018-10-12 07:40:18,467 INFO o.a.j.s.SaveService: Loading file: load_jmeter_100.jmx
2018-10-12 07:40:18,529 INFO o.a.j.p.h.s.HTTPSamplerBase: Parser for text/html is org.apache.jmeter.protocol.http.parser.LagartoBasedHtmlParser
2018-10-12 07:40:18,529 INFO o.a.j.p.h.s.HTTPSamplerBase: Parser for application/xhtml+xml is org.apache.jmeter.protocol.http.parser.LagartoBasedHtmlParser
2018-10-12 07:40:18,529 INFO o.a.j.p.h.s.HTTPSamplerBase: Parser for application/xml is org.apache.jmeter.protocol.http.parser.LagartoBasedHtmlParser
2018-10-12 07:40:18,529 INFO o.a.j.p.h.s.HTTPSamplerBase: Parser for text/xml is org.apache.jmeter.protocol.http.parser.LagartoBasedHtmlParser
2018-10-12 07:40:18,529 INFO o.a.j.p.h.s.HTTPSamplerBase: Parser for text/vnd.wap.wml is org.apache.jmeter.protocol.http.parser.RegexpHTMLParser
2018-10-12 07:40:18,529 INFO o.a.j.p.h.s.HTTPSamplerBase: Parser for text/css is org.apache.jmeter.protocol.http.parser.CssParser
2018-10-12 07:40:18,563 INFO o.a.j.JMeter: Creating summariser <summary>
2018-10-12 07:40:18,568 INFO o.a.j.r.d.ReportGenerator: ReportGenerator will use for Parsing the separator: ','
2018-10-12 07:40:18,568 INFO o.a.j.r.d.ReportGenerator: Will generate report at end of test from  results file: result.jtl
2018-10-12 07:40:18,568 INFO o.a.j.r.d.ReportGenerator: Reading report generator properties from: /jmeter/apache-jmeter-5.0/bin/reportgenerator.properties
2018-10-12 07:40:18,569 INFO o.a.j.r.d.ReportGenerator: Merging with JMeter properties
2018-10-12 07:40:18,575 INFO o.a.j.r.c.ReportGeneratorConfiguration: Property 'jmeter.reportgenerator.temp_dir' not found, using default value 'temp' instead.
2018-10-12 07:40:18,578 INFO o.a.j.r.c.ReportGeneratorConfiguration: Property 'jmeter.reportgenerator.apdex_per_transaction' not found, using default value 'null' instead.
2018-10-12 07:40:18,578 INFO o.a.j.r.c.ReportGeneratorConfiguration: apdex_per_transaction : {} is empty, not APDEX per transaction customization
2018-10-12 07:40:18,578 INFO o.a.j.r.c.ReportGeneratorConfiguration: Property 'jmeter.reportgenerator.sample_filter' not found, using default value 'null' instead.
2018-10-12 07:40:18,578 INFO o.a.j.r.c.ReportGeneratorConfiguration: Property 'jmeter.reportgenerator.report_title' not found, using default value 'null' instead.
2018-10-12 07:40:18,579 INFO o.a.j.r.c.ReportGeneratorConfiguration: Property 'jmeter.reportgenerator.start_date' not found, using default value 'null' instead.
2018-10-12 07:40:18,579 INFO o.a.j.r.c.ReportGeneratorConfiguration: Property 'jmeter.reportgenerator.end_date' not found, using default value 'null' instead.
2018-10-12 07:40:18,579 INFO o.a.j.r.c.ReportGeneratorConfiguration: Property 'jmeter.reportgenerator.date_format' not found, using default value 'null' instead.
2018-10-12 07:40:18,580 INFO o.a.j.r.c.ReportGeneratorConfiguration: Will use date range start date: null, end date: null
2018-10-12 07:40:18,586 INFO o.a.j.r.c.ReportGeneratorConfiguration: Property 'jmeter.reportgenerator.graph.totalTPS.exclude_controllers' not found, using default value 'false' instead.
2018-10-12 07:40:18,586 INFO o.a.j.r.c.ReportGeneratorConfiguration: Property 'jmeter.reportgenerator.graph.activeThreadsOverTime.exclude_controllers' not found, using default value 'false' instead.
2018-10-12 07:40:18,586 INFO o.a.j.r.c.ReportGeneratorConfiguration: Property 'jmeter.reportgenerator.graph.timeVsThreads.exclude_controllers' not found, using default value 'false' instead.
2018-10-12 07:40:18,587 INFO o.a.j.r.c.ReportGeneratorConfiguration: Property 'jmeter.reportgenerator.graph.responseTimeDistribution.exclude_controllers' not found, using default value 'false' instead.
2018-10-12 07:40:18,587 INFO o.a.j.r.c.ReportGeneratorConfiguration: Property 'jmeter.reportgenerator.graph.transactionsPerSecond.exclude_controllers' not found, using default value 'false' instead.
2018-10-12 07:40:18,587 INFO o.a.j.r.c.ReportGeneratorConfiguration: Property 'jmeter.reportgenerator.graph.responseTimePercentiles.exclude_controllers' not found, using default value 'false' instead.
2018-10-12 07:40:18,587 INFO o.a.j.r.c.ReportGeneratorConfiguration: Property 'jmeter.reportgenerator.graph.responseTimePercentilesOverTime.exclude_controllers' not found, using default value 'false' instead.
2018-10-12 07:40:18,587 INFO o.a.j.r.c.ReportGeneratorConfiguration: Property 'jmeter.reportgenerator.graph.responseTimesOverTime.exclude_controllers' not found, using default value 'false' instead.
2018-10-12 07:40:18,587 INFO o.a.j.r.c.ReportGeneratorConfiguration: Property 'jmeter.reportgenerator.graph.connectTimeOverTime.exclude_controllers' not found, using default value 'false' instead.
2018-10-12 07:40:18,588 INFO o.a.j.r.c.ReportGeneratorConfiguration: Property 'jmeter.reportgenerator.graph.latenciesOverTime.exclude_controllers' not found, using default value 'false' instead.
2018-10-12 07:40:18,589 INFO o.a.j.r.c.ReportGeneratorConfiguration: Property 'jmeter.reportgenerator.exporter.html.filters_only_sample_series' not found, using default value 'true' instead.
2018-10-12 07:40:18,589 INFO o.a.j.r.c.ReportGeneratorConfiguration: Property 'jmeter.reportgenerator.exporter.html.series_filter' not found, using default value '' instead.
2018-10-12 07:40:18,589 INFO o.a.j.r.c.ReportGeneratorConfiguration: Property 'jmeter.reportgenerator.exporter.html.show_controllers_only' not found, using default value 'false' instead.
2018-10-12 07:40:18,594 INFO o.a.j.e.StandardJMeterEngine: Running the test!
2018-10-12 07:40:18,595 INFO o.a.j.s.SampleEvent: List of sample_variables: []
2018-10-12 07:40:18,595 INFO o.a.j.s.SampleEvent: List of sample_variables: []
2018-10-12 07:40:18,603 INFO o.a.j.e.u.CompoundVariable: Note: Function class names must contain the string: '.functions.'
2018-10-12 07:40:18,603 INFO o.a.j.e.u.CompoundVariable: Note: Function class names must not contain the string: '.gui.'
2018-10-12 07:40:19,080 INFO o.a.j.JMeter: Running test (1539330019080)
2018-10-12 07:40:19,130 INFO o.a.j.e.StandardJMeterEngine: Starting ThreadGroup: 1 : G1
2018-10-12 07:40:19,130 INFO o.a.j.e.StandardJMeterEngine: Starting 100 threads for group G1.
2018-10-12 07:40:19,131 INFO o.a.j.e.StandardJMeterEngine: Thread will continue on error
2018-10-12 07:40:19,131 INFO o.a.j.t.ThreadGroup: Starting thread group... number=1 threads=100 ramp-up=5 perThread=50.0 delayedStart=false
2018-10-12 07:40:19,142 INFO o.a.j.t.JMeterThread: Thread started: G1 1-1
2018-10-12 07:40:19,145 INFO o.a.j.c.LoopController: iterationStart called on Loop Controller with source org.apache.jmeter.control.LoopController@76b19cac and iteration 1
2018-10-12 07:40:19,192 INFO o.a.j.t.JMeterThread: Thread started: G1 1-2
2018-10-12 07:40:19,192 INFO o.a.j.c.LoopController: iterationStart called on Loop Controller with source org.apache.jmeter.control.LoopController@30933920 and iteration 1
2018-10-12 07:40:19,210 INFO o.a.j.p.h.s.HTTPHCAbstractImpl: Local host = jmeter-75ff7c888b-m9ddj
2018-10-12 07:40:19,244 INFO o.a.j.t.JMeterThread: Thread started: G1 1-3
2018-10-12 07:40:19,244 INFO o.a.j.c.LoopController: iterationStart called on Loop Controller with source org.apache.jmeter.control.LoopController@55ca1513 and iteration 1
2018-10-12 07:40:19,248 INFO o.a.j.t.ThreadGroup: Started thread group number 1
2018-10-12 07:40:19,249 INFO o.a.j.e.StandardJMeterEngine: All thread groups have been started
2018-10-12 07:40:19,255 INFO o.a.j.p.h.s.HTTPHC4Impl: HTTP request retry count = 0
2018-10-12 07:40:19,258 INFO o.a.j.s.SampleResult: Note: Sample TimeStamps are START times
2018-10-12 07:40:19,258 INFO o.a.j.s.SampleResult: sampleresult.default.encoding is set to ISO-8859-1
2018-10-12 07:40:19,258 INFO o.a.j.s.SampleResult: sampleresult.useNanoTime=true
2018-10-12 07:40:19,258 INFO o.a.j.s.SampleResult: sampleresult.nanoThreadSleep=5000
2018-10-12 07:40:19,299 INFO o.a.j.t.JMeterThread: Thread started: G1 1-4
2018-10-12 07:40:19,299 INFO o.a.j.c.LoopController: iterationStart called on Loop Controller with source org.apache.jmeter.control.LoopController@5e6f5e1e and iteration 1
2018-10-12 07:40:19,343 INFO o.a.j.t.JMeterThread: Thread started: G1 1-5
2018-10-12 07:40:19,343 INFO o.a.j.c.LoopController: iterationStart called on Loop Controller with source org.apache.jmeter.control.LoopController@396e569b and iteration 1
2018-10-12 07:40:19,399 INFO o.a.j.t.JMeterThread: Thread started: G1 1-6
2018-10-12 07:40:19,400 INFO o.a.j.c.LoopController: iterationStart called on Loop Controller with source org.apache.jmeter.control.LoopController@583094c1 and iteration 1
2018-10-12 07:40:19,449 INFO o.a.j.t.JMeterThread: Thread started: G1 1-7
2018-10-12 07:40:19,449 INFO o.a.j.c.LoopController: iterationStart called on Loop Controller with source org.apache.jmeter.control.LoopController@7a86e196 and iteration 1
2018-10-12 07:40:19,501 INFO o.a.j.t.JMeterThread: Thread started: G1 1-8
2018-10-12 07:40:19,502 INFO o.a.j.c.LoopController: iterationStart called on Loop Controller with source org.apache.jmeter.control.LoopController@72fe1f3f and iteration 1
2018-10-12 07:40:19,547 INFO o.a.j.t.JMeterThread: Thread started: G1 1-9
2018-10-12 07:40:19,548 INFO o.a.j.c.LoopController: iterationStart called on Loop Controller with source org.apache.jmeter.control.LoopController@62ae3e48 and iteration 1
2018-10-12 07:40:19,597 INFO o.a.j.t.JMeterThread: Thread started: G1 1-10
2018-10-12 07:40:19,598 INFO o.a.j.c.LoopController: iterationStart called on Loop Controller with source org.apache.jmeter.control.LoopController@3c4fea3c and iteration 1
2018-10-12 07:40:19,653 INFO o.a.j.t.JMeterThread: Thread started: G1 1-11
2018-10-12 07:40:19,654 INFO o.a.j.c.LoopController: iterationStart called on Loop Controller with source org.apache.jmeter.control.LoopController@5b1416d6 and iteration 1
2018-10-12 07:40:19,704 INFO o.a.j.t.JMeterThread: Thread started: G1 1-12
2018-10-12 07:40:19,705 INFO o.a.j.c.LoopController: iterationStart called on Loop Controller with source org.apache.jmeter.control.LoopController@5516ae20 and iteration 1
2018-10-12 07:40:19,754 INFO o.a.j.t.JMeterThread: Thread started: G1 1-13
2018-10-12 07:40:19,754 INFO o.a.j.c.LoopController: iterationStart called on Loop Controller with source org.apache.jmeter.control.LoopController@2fc87371 and iteration 1
2018-10-12 07:40:19,804 INFO o.a.j.t.JMeterThread: Thread started: G1 1-14
2018-10-12 07:40:19,805 INFO o.a.j.c.LoopController: iterationStart called on Loop Controller with source org.apache.jmeter.control.LoopController@1e1888c5 and iteration 1
2018-10-12 07:40:19,854 INFO o.a.j.t.JMeterThread: Thread started: G1 1-15
2018-10-12 07:40:19,855 INFO o.a.j.c.LoopController: iterationStart called on Loop Controller with source org.apache.jmeter.control.LoopController@29f08ea0 and iteration 1
2018-10-12 07:40:19,907 INFO o.a.j.t.JMeterThread: Thread started: G1 1-16
2018-10-12 07:40:19,907 INFO o.a.j.c.LoopController: iterationStart called on Loop Controller with source org.apache.jmeter.control.LoopController@468b9b07 and iteration 1
2018-10-12 07:40:19,960 INFO o.a.j.t.JMeterThread: Thread started: G1 1-17
2018-10-12 07:40:19,960 INFO o.a.j.c.LoopController: iterationStart called on Loop Controller with source org.apache.jmeter.control.LoopController@72cb9fc3 and iteration 1
2018-10-12 07:40:20,015 INFO o.a.j.t.JMeterThread: Thread started: G1 1-18
2018-10-12 07:40:20,016 INFO o.a.j.c.LoopController: iterationStart called on Loop Controller with source org.apache.jmeter.control.LoopController@1d780f1f and iteration 1
2018-10-12 07:40:20,068 INFO o.a.j.t.JMeterThread: Thread started: G1 1-19
2018-10-12 07:40:20,068 INFO o.a.j.c.LoopController: iterationStart called on Loop Controller with source org.apache.jmeter.control.LoopController@61c9d7d5 and iteration 1
2018-10-12 07:40:20,116 INFO o.a.j.t.JMeterThread: Thread started: G1 1-20
2018-10-12 07:40:20,116 INFO o.a.j.c.LoopController: iterationStart called on Loop Controller with source org.apache.jmeter.control.LoopController@179fb625 and iteration 1
2018-10-12 07:40:20,168 INFO o.a.j.t.JMeterThread: Thread started: G1 1-21
2018-10-12 07:40:20,169 INFO o.a.j.c.LoopController: iterationStart called on Loop Controller with source org.apache.jmeter.control.LoopController@2a9fe1ba and iteration 1
2018-10-12 07:40:20,219 INFO o.a.j.t.JMeterThread: Thread started: G1 1-22
2018-10-12 07:40:20,219 INFO o.a.j.c.LoopController: iterationStart called on Loop Controller with source org.apache.jmeter.control.LoopController@b85cf69 and iteration 1
2018-10-12 07:40:20,276 INFO o.a.j.t.JMeterThread: Thread started: G1 1-23
2018-10-12 07:40:20,277 INFO o.a.j.c.LoopController: iterationStart called on Loop Controller with source org.apache.jmeter.control.LoopController@4c014c0a and iteration 1
2018-10-12 07:40:20,326 INFO o.a.j.t.JMeterThread: Thread started: G1 1-24
2018-10-12 07:40:20,326 INFO o.a.j.c.LoopController: iterationStart called on Loop Controller with source org.apache.jmeter.control.LoopController@1e3c7f94 and iteration 1
2018-10-12 07:40:20,371 INFO o.a.j.t.JMeterThread: Thread started: G1 1-25
2018-10-12 07:40:20,377 INFO o.a.j.c.LoopController: iterationStart called on Loop Controller with source org.apache.jmeter.control.LoopController@67e164d0 and iteration 1
2018-10-12 07:40:20,426 INFO o.a.j.t.JMeterThread: Thread started: G1 1-26
2018-10-12 07:40:20,428 INFO o.a.j.c.LoopController: iterationStart called on Loop Controller with source org.apache.jmeter.control.LoopController@136c6849 and iteration 1
2018-10-12 07:40:20,477 INFO o.a.j.t.JMeterThread: Thread started: G1 1-27
2018-10-12 07:40:20,477 INFO o.a.j.c.LoopController: iterationStart called on Loop Controller with source org.apache.jmeter.control.LoopController@7e6b3a6a and iteration 1
2018-10-12 07:40:20,526 INFO o.a.j.t.JMeterThread: Thread started: G1 1-28
2018-10-12 07:40:20,527 INFO o.a.j.c.LoopController: iterationStart called on Loop Controller with source org.apache.jmeter.control.LoopController@4146e328 and iteration 1
2018-10-12 07:40:20,581 INFO o.a.j.t.JMeterThread: Thread started: G1 1-29
2018-10-12 07:40:20,582 INFO o.a.j.c.LoopController: iterationStart called on Loop Controller with source org.apache.jmeter.control.LoopController@373c2f9b and iteration 1
2018-10-12 07:40:20,633 INFO o.a.j.t.JMeterThread: Thread started: G1 1-30
2018-10-12 07:40:20,634 INFO o.a.j.c.LoopController: iterationStart called on Loop Controller with source org.apache.jmeter.control.LoopController@7ec05eed and iteration 1
2018-10-12 07:40:20,683 INFO o.a.j.t.JMeterThread: Thread started: G1 1-31
2018-10-12 07:40:20,684 INFO o.a.j.c.LoopController: iterationStart called on Loop Controller with source org.apache.jmeter.control.LoopController@62ef7cb1 and iteration 1
2018-10-12 07:40:20,732 INFO o.a.j.t.JMeterThread: Thread started: G1 1-32
2018-10-12 07:40:20,733 INFO o.a.j.c.LoopController: iterationStart called on Loop Controller with source org.apache.jmeter.control.LoopController@106d1d4d and iteration 1
2018-10-12 07:40:20,781 INFO o.a.j.t.JMeterThread: Thread started: G1 1-33
2018-10-12 07:40:20,782 INFO o.a.j.c.LoopController: iterationStart called on Loop Controller with source org.apache.jmeter.control.LoopController@6d031e6b and iteration 1
2018-10-12 07:40:20,835 INFO o.a.j.t.JMeterThread: Thread started: G1 1-34
2018-10-12 07:40:20,836 INFO o.a.j.c.LoopController: iterationStart called on Loop Controller with source org.apache.jmeter.control.LoopController@154e726d and iteration 1
2018-10-12 07:40:20,886 INFO o.a.j.t.JMeterThread: Thread started: G1 1-35
2018-10-12 07:40:20,887 INFO o.a.j.c.LoopController: iterationStart called on Loop Controller with source org.apache.jmeter.control.LoopController@bf73d15 and iteration 1
2018-10-12 07:40:20,944 INFO o.a.j.t.JMeterThread: Thread started: G1 1-36
2018-10-12 07:40:20,945 INFO o.a.j.c.LoopController: iterationStart called on Loop Controller with source org.apache.jmeter.control.LoopController@125b1477 and iteration 1
2018-10-12 07:40:20,989 INFO o.a.j.t.JMeterThread: Thread started: G1 1-37
2018-10-12 07:40:20,990 INFO o.a.j.c.LoopController: iterationStart called on Loop Controller with source org.apache.jmeter.control.LoopController@69f354f and iteration 1
2018-10-12 07:40:21,048 INFO o.a.j.t.JMeterThread: Thread started: G1 1-38
2018-10-12 07:40:21,048 INFO o.a.j.c.LoopController: iterationStart called on Loop Controller with source org.apache.jmeter.control.LoopController@4d48aa42 and iteration 1
2018-10-12 07:40:21,090 INFO o.a.j.t.JMeterThread: Thread started: G1 1-39
2018-10-12 07:40:21,094 INFO o.a.j.c.LoopController: iterationStart called on Loop Controller with source org.apache.jmeter.control.LoopController@4b10d2bd and iteration 1
2018-10-12 07:40:21,141 INFO o.a.j.t.JMeterThread: Thread started: G1 1-40
2018-10-12 07:40:21,142 INFO o.a.j.c.LoopController: iterationStart called on Loop Controller with source org.apache.jmeter.control.LoopController@33d77e16 and iteration 1
2018-10-12 07:40:21,192 INFO o.a.j.t.JMeterThread: Thread started: G1 1-41
2018-10-12 07:40:21,192 INFO o.a.j.c.LoopController: iterationStart called on Loop Controller with source org.apache.jmeter.control.LoopController@422f5928 and iteration 1
2018-10-12 07:40:21,241 INFO o.a.j.t.JMeterThread: Thread started: G1 1-42
2018-10-12 07:40:21,242 INFO o.a.j.c.LoopController: iterationStart called on Loop Controller with source org.apache.jmeter.control.LoopController@6ce78ee5 and iteration 1
2018-10-12 07:40:21,298 INFO o.a.j.t.JMeterThread: Thread started: G1 1-43
2018-10-12 07:40:21,299 INFO o.a.j.c.LoopController: iterationStart called on Loop Controller with source org.apache.jmeter.control.LoopController@32fe3bdb and iteration 1
2018-10-12 07:40:21,348 INFO o.a.j.t.JMeterThread: Thread started: G1 1-44
2018-10-12 07:40:21,349 INFO o.a.j.c.LoopController: iterationStart called on Loop Controller with source org.apache.jmeter.control.LoopController@6e97d3fc and iteration 1
2018-10-12 07:40:21,395 INFO o.a.j.t.JMeterThread: Thread started: G1 1-45
2018-10-12 07:40:21,396 INFO o.a.j.c.LoopController: iterationStart called on Loop Controller with source org.apache.jmeter.control.LoopController@58077c17 and iteration 1
2018-10-12 07:40:21,448 INFO o.a.j.t.JMeterThread: Thread started: G1 1-46
2018-10-12 07:40:21,449 INFO o.a.j.c.LoopController: iterationStart called on Loop Controller with source org.apache.jmeter.control.LoopController@270ba17b and iteration 1
2018-10-12 07:40:21,500 INFO o.a.j.t.JMeterThread: Thread started: G1 1-47
2018-10-12 07:40:21,502 INFO o.a.j.c.LoopController: iterationStart called on Loop Controller with source org.apache.jmeter.control.LoopController@52361d1d and iteration 1
2018-10-12 07:40:21,567 INFO o.a.j.t.JMeterThread: Thread started: G1 1-48
2018-10-12 07:40:21,567 INFO o.a.j.c.LoopController: iterationStart called on Loop Controller with source org.apache.jmeter.control.LoopController@1ced3393 and iteration 1
2018-10-12 07:40:21,604 INFO o.a.j.t.JMeterThread: Thread started: G1 1-49
2018-10-12 07:40:21,605 INFO o.a.j.c.LoopController: iterationStart called on Loop Controller with source org.apache.jmeter.control.LoopController@60b55573 and iteration 1
2018-10-12 07:40:21,655 INFO o.a.j.t.JMeterThread: Thread started: G1 1-50
2018-10-12 07:40:21,658 INFO o.a.j.c.LoopController: iterationStart called on Loop Controller with source org.apache.jmeter.control.LoopController@3eec8b26 and iteration 1
2018-10-12 07:40:21,703 INFO o.a.j.t.JMeterThread: Thread started: G1 1-51
2018-10-12 07:40:21,704 INFO o.a.j.c.LoopController: iterationStart called on Loop Controller with source org.apache.jmeter.control.LoopController@7c22b1b0 and iteration 1
2018-10-12 07:40:21,767 INFO o.a.j.t.JMeterThread: Thread started: G1 1-52
2018-10-12 07:40:21,768 INFO o.a.j.c.LoopController: iterationStart called on Loop Controller with source org.apache.jmeter.control.LoopController@7adaafd2 and iteration 1
2018-10-12 07:40:21,806 INFO o.a.j.t.JMeterThread: Thread started: G1 1-53
2018-10-12 07:40:21,807 INFO o.a.j.c.LoopController: iterationStart called on Loop Controller with source org.apache.jmeter.control.LoopController@3a700a83 and iteration 1
2018-10-12 07:40:21,867 INFO o.a.j.t.JMeterThread: Thread started: G1 1-54
2018-10-12 07:40:21,868 INFO o.a.j.c.LoopController: iterationStart called on Loop Controller with source org.apache.jmeter.control.LoopController@7c99a4fa and iteration 1
2018-10-12 07:40:21,918 INFO o.a.j.t.JMeterThread: Thread started: G1 1-55
2018-10-12 07:40:21,923 INFO o.a.j.c.LoopController: iterationStart called on Loop Controller with source org.apache.jmeter.control.LoopController@644a24f4 and iteration 1
2018-10-12 07:40:21,972 INFO o.a.j.t.JMeterThread: Thread started: G1 1-56
2018-10-12 07:40:21,973 INFO o.a.j.c.LoopController: iterationStart called on Loop Controller with source org.apache.jmeter.control.LoopController@53c4b342 and iteration 1
2018-10-12 07:40:22,012 INFO o.a.j.t.JMeterThread: Thread started: G1 1-57
2018-10-12 07:40:22,012 INFO o.a.j.c.LoopController: iterationStart called on Loop Controller with source org.apache.jmeter.control.LoopController@3775242 and iteration 1
2018-10-12 07:40:22,072 INFO o.a.j.t.JMeterThread: Thread started: G1 1-58
2018-10-12 07:40:22,073 INFO o.a.j.c.LoopController: iterationStart called on Loop Controller with source org.apache.jmeter.control.LoopController@7d51bfa6 and iteration 1
2018-10-12 07:40:22,122 INFO o.a.j.t.JMeterThread: Thread started: G1 1-59
2018-10-12 07:40:22,122 INFO o.a.j.c.LoopController: iterationStart called on Loop Controller with source org.apache.jmeter.control.LoopController@67b74ffb and iteration 1
2018-10-12 07:40:22,167 INFO o.a.j.t.JMeterThread: Thread started: G1 1-60
2018-10-12 07:40:22,168 INFO o.a.j.c.LoopController: iterationStart called on Loop Controller with source org.apache.jmeter.control.LoopController@cda2431 and iteration 1
2018-10-12 07:40:22,230 INFO o.a.j.t.JMeterThread: Thread started: G1 1-61
2018-10-12 07:40:22,243 INFO o.a.j.c.LoopController: iterationStart called on Loop Controller with source org.apache.jmeter.control.LoopController@2ea848d7 and iteration 1
2018-10-12 07:40:22,279 INFO o.a.j.t.JMeterThread: Thread started: G1 1-62
2018-10-12 07:40:22,281 INFO o.a.j.c.LoopController: iterationStart called on Loop Controller with source org.apache.jmeter.control.LoopController@c7b2691 and iteration 1
2018-10-12 07:40:22,318 INFO o.a.j.t.JMeterThread: Thread started: G1 1-63
2018-10-12 07:40:22,318 INFO o.a.j.c.LoopController: iterationStart called on Loop Controller with source org.apache.jmeter.control.LoopController@226051cb and iteration 1
2018-10-12 07:40:22,379 INFO o.a.j.t.JMeterThread: Thread started: G1 1-64
2018-10-12 07:40:22,379 INFO o.a.j.c.LoopController: iterationStart called on Loop Controller with source org.apache.jmeter.control.LoopController@37fd9f57 and iteration 1
2018-10-12 07:40:22,420 INFO o.a.j.t.JMeterThread: Thread started: G1 1-65
2018-10-12 07:40:22,421 INFO o.a.j.c.LoopController: iterationStart called on Loop Controller with source org.apache.jmeter.control.LoopController@4a2532a3 and iteration 1
2018-10-12 07:40:22,468 INFO o.a.j.t.JMeterThread: Thread started: G1 1-66
2018-10-12 07:40:22,468 INFO o.a.j.c.LoopController: iterationStart called on Loop Controller with source org.apache.jmeter.control.LoopController@1054ee49 and iteration 1
2018-10-12 07:40:22,533 INFO o.a.j.t.JMeterThread: Thread started: G1 1-67
2018-10-12 07:40:22,534 INFO o.a.j.c.LoopController: iterationStart called on Loop Controller with source org.apache.jmeter.control.LoopController@51963bf2 and iteration 1
2018-10-12 07:40:22,586 INFO o.a.j.t.JMeterThread: Thread started: G1 1-68
2018-10-12 07:40:22,587 INFO o.a.j.c.LoopController: iterationStart called on Loop Controller with source org.apache.jmeter.control.LoopController@21fe2b6e and iteration 1
2018-10-12 07:40:22,634 INFO o.a.j.t.JMeterThread: Thread started: G1 1-69
2018-10-12 07:40:22,636 INFO o.a.j.c.LoopController: iterationStart called on Loop Controller with source org.apache.jmeter.control.LoopController@42c6dcbb and iteration 1
2018-10-12 07:40:22,687 INFO o.a.j.t.JMeterThread: Thread started: G1 1-70
2018-10-12 07:40:22,689 INFO o.a.j.c.LoopController: iterationStart called on Loop Controller with source org.apache.jmeter.control.LoopController@75400945 and iteration 1
2018-10-12 07:40:22,741 INFO o.a.j.t.JMeterThread: Thread started: G1 1-71
2018-10-12 07:40:22,742 INFO o.a.j.c.LoopController: iterationStart called on Loop Controller with source org.apache.jmeter.control.LoopController@56df9024 and iteration 1
2018-10-12 07:40:22,796 INFO o.a.j.t.JMeterThread: Thread started: G1 1-72
2018-10-12 07:40:22,796 INFO o.a.j.c.LoopController: iterationStart called on Loop Controller with source org.apache.jmeter.control.LoopController@4e33370f and iteration 1
2018-10-12 07:40:22,843 INFO o.a.j.t.JMeterThread: Thread started: G1 1-73
2018-10-12 07:40:22,845 INFO o.a.j.c.LoopController: iterationStart called on Loop Controller with source org.apache.jmeter.control.LoopController@3a1380be and iteration 1
2018-10-12 07:40:22,894 INFO o.a.j.t.JMeterThread: Thread started: G1 1-74
2018-10-12 07:40:22,896 INFO o.a.j.c.LoopController: iterationStart called on Loop Controller with source org.apache.jmeter.control.LoopController@1d971a1a and iteration 1
2018-10-12 07:40:22,942 INFO o.a.j.t.JMeterThread: Thread started: G1 1-75
2018-10-12 07:40:22,944 INFO o.a.j.c.LoopController: iterationStart called on Loop Controller with source org.apache.jmeter.control.LoopController@74030949 and iteration 1
2018-10-12 07:40:22,991 INFO o.a.j.t.JMeterThread: Thread started: G1 1-76
2018-10-12 07:40:23,004 INFO o.a.j.c.LoopController: iterationStart called on Loop Controller with source org.apache.jmeter.control.LoopController@6e7f4039 and iteration 1
2018-10-12 07:40:23,046 INFO o.a.j.t.JMeterThread: Thread started: G1 1-77
2018-10-12 07:40:23,046 INFO o.a.j.c.LoopController: iterationStart called on Loop Controller with source org.apache.jmeter.control.LoopController@7182a5db and iteration 1
2018-10-12 07:40:23,105 INFO o.a.j.t.JMeterThread: Thread started: G1 1-78
2018-10-12 07:40:23,105 INFO o.a.j.c.LoopController: iterationStart called on Loop Controller with source org.apache.jmeter.control.LoopController@1dba921c and iteration 1
2018-10-12 07:40:23,143 INFO o.a.j.t.JMeterThread: Thread started: G1 1-79
2018-10-12 07:40:23,144 INFO o.a.j.c.LoopController: iterationStart called on Loop Controller with source org.apache.jmeter.control.LoopController@58931f6a and iteration 1
2018-10-12 07:40:23,193 INFO o.a.j.t.JMeterThread: Thread started: G1 1-80
2018-10-12 07:40:23,200 INFO o.a.j.c.LoopController: iterationStart called on Loop Controller with source org.apache.jmeter.control.LoopController@8267255 and iteration 1
2018-10-12 07:40:23,245 INFO o.a.j.t.JMeterThread: Thread started: G1 1-81
2018-10-12 07:40:23,264 INFO o.a.j.c.LoopController: iterationStart called on Loop Controller with source org.apache.jmeter.control.LoopController@4cdb9ee3 and iteration 1
2018-10-12 07:40:23,293 INFO o.a.j.t.JMeterThread: Thread started: G1 1-82
2018-10-12 07:40:23,302 INFO o.a.j.c.LoopController: iterationStart called on Loop Controller with source org.apache.jmeter.control.LoopController@7a4de808 and iteration 1
2018-10-12 07:40:23,343 INFO o.a.j.t.JMeterThread: Thread started: G1 1-83
2018-10-12 07:40:23,345 INFO o.a.j.c.LoopController: iterationStart called on Loop Controller with source org.apache.jmeter.control.LoopController@6b9f30df and iteration 1
2018-10-12 07:40:23,393 INFO o.a.j.t.JMeterThread: Thread started: G1 1-84
2018-10-12 07:40:23,398 INFO o.a.j.c.LoopController: iterationStart called on Loop Controller with source org.apache.jmeter.control.LoopController@28dc485a and iteration 1
2018-10-12 07:40:23,439 INFO o.a.j.t.JMeterThread: Thread started: G1 1-85
2018-10-12 07:40:23,439 INFO o.a.j.c.LoopController: iterationStart called on Loop Controller with source org.apache.jmeter.control.LoopController@e6ddf0 and iteration 1
2018-10-12 07:40:23,490 INFO o.a.j.t.JMeterThread: Thread started: G1 1-86
2018-10-12 07:40:23,495 INFO o.a.j.c.LoopController: iterationStart called on Loop Controller with source org.apache.jmeter.control.LoopController@4ce9d42d and iteration 1
2018-10-12 07:40:23,540 INFO o.a.j.t.JMeterThread: Thread started: G1 1-87
2018-10-12 07:40:23,540 INFO o.a.j.c.LoopController: iterationStart called on Loop Controller with source org.apache.jmeter.control.LoopController@6c8cb2f7 and iteration 1
2018-10-12 07:40:23,591 INFO o.a.j.t.JMeterThread: Thread started: G1 1-88
2018-10-12 07:40:23,592 INFO o.a.j.c.LoopController: iterationStart called on Loop Controller with source org.apache.jmeter.control.LoopController@12689533 and iteration 1
2018-10-12 07:40:23,642 INFO o.a.j.t.JMeterThread: Thread started: G1 1-89
2018-10-12 07:40:23,643 INFO o.a.j.c.LoopController: iterationStart called on Loop Controller with source org.apache.jmeter.control.LoopController@74415f5d and iteration 1
2018-10-12 07:40:23,695 INFO o.a.j.t.JMeterThread: Thread started: G1 1-90
2018-10-12 07:40:23,695 INFO o.a.j.c.LoopController: iterationStart called on Loop Controller with source org.apache.jmeter.control.LoopController@45d9ba1d and iteration 1
2018-10-12 07:40:23,746 INFO o.a.j.t.JMeterThread: Thread started: G1 1-91
2018-10-12 07:40:23,746 INFO o.a.j.c.LoopController: iterationStart called on Loop Controller with source org.apache.jmeter.control.LoopController@246f2547 and iteration 1
2018-10-12 07:40:23,795 INFO o.a.j.t.JMeterThread: Thread started: G1 1-92
2018-10-12 07:40:23,795 INFO o.a.j.c.LoopController: iterationStart called on Loop Controller with source org.apache.jmeter.control.LoopController@6c0e4729 and iteration 1
2018-10-12 07:40:23,847 INFO o.a.j.t.JMeterThread: Thread started: G1 1-93
2018-10-12 07:40:23,848 INFO o.a.j.c.LoopController: iterationStart called on Loop Controller with source org.apache.jmeter.control.LoopController@28d6022e and iteration 1
2018-10-12 07:40:23,898 INFO o.a.j.t.JMeterThread: Thread started: G1 1-94
2018-10-12 07:40:23,898 INFO o.a.j.c.LoopController: iterationStart called on Loop Controller with source org.apache.jmeter.control.LoopController@1fda6a76 and iteration 1
2018-10-12 07:40:23,948 INFO o.a.j.t.JMeterThread: Thread started: G1 1-95
2018-10-12 07:40:23,948 INFO o.a.j.c.LoopController: iterationStart called on Loop Controller with source org.apache.jmeter.control.LoopController@6e3fef24 and iteration 1
2018-10-12 07:40:23,997 INFO o.a.j.t.JMeterThread: Thread started: G1 1-96
2018-10-12 07:40:23,998 INFO o.a.j.c.LoopController: iterationStart called on Loop Controller with source org.apache.jmeter.control.LoopController@152501ec and iteration 1
2018-10-12 07:40:24,051 INFO o.a.j.t.JMeterThread: Thread started: G1 1-97
2018-10-12 07:40:24,051 INFO o.a.j.c.LoopController: iterationStart called on Loop Controller with source org.apache.jmeter.control.LoopController@787bdc16 and iteration 1
2018-10-12 07:40:24,100 INFO o.a.j.t.JMeterThread: Thread started: G1 1-98
2018-10-12 07:40:24,100 INFO o.a.j.c.LoopController: iterationStart called on Loop Controller with source org.apache.jmeter.control.LoopController@5113d39d and iteration 1
2018-10-12 07:40:24,150 INFO o.a.j.t.JMeterThread: Thread started: G1 1-99
2018-10-12 07:40:24,151 INFO o.a.j.c.LoopController: iterationStart called on Loop Controller with source org.apache.jmeter.control.LoopController@193fe4d2 and iteration 1
2018-10-12 07:40:24,200 INFO o.a.j.t.JMeterThread: Thread started: G1 1-100
2018-10-12 07:40:24,200 INFO o.a.j.c.LoopController: iterationStart called on Loop Controller with source org.apache.jmeter.control.LoopController@260c71f2 and iteration 1
2018-10-12 07:40:30,021 INFO o.a.j.r.Summariser: summary +  50784 in 00:00:11 = 4650.5/s Avg:    15 Min:     0 Max:  7028 Err:     3 (0.01%) Active: 100 Started: 100 Finished: 0
2018-10-12 07:40:30,013 INFO o.a.j.r.Summariser: Generate Summary Results +  50784 in 00:00:11 = 4645.9/s Avg:    15 Min:     0 Max:  7028 Err:     3 (0.01%) Active: 100 Started: 100 Finished: 0
2018-10-12 07:41:00,000 INFO o.a.j.r.Summariser: Generate Summary Results + 194547 in 00:00:30 = 6484.9/s Avg:    15 Min:     1 Max:  7019 Err:    14 (0.01%) Active: 100 Started: 100 Finished: 0
2018-10-12 07:41:00,001 INFO o.a.j.r.Summariser: summary + 194547 in 00:00:30 = 6485.1/s Avg:    15 Min:     1 Max:  7019 Err:    14 (0.01%) Active: 100 Started: 100 Finished: 0
2018-10-12 07:41:00,009 INFO o.a.j.r.Summariser: summary = 245331 in 00:00:41 = 5995.4/s Avg:    15 Min:     0 Max:  7028 Err:    17 (0.01%)
2018-10-12 07:41:00,013 INFO o.a.j.r.Summariser: Generate Summary Results = 245331 in 00:00:41 = 5993.8/s Avg:    15 Min:     0 Max:  7028 Err:    17 (0.01%)
2018-10-12 07:41:30,002 INFO o.a.j.r.Summariser: Generate Summary Results + 190681 in 00:00:30 = 6356.0/s Avg:    15 Min:     0 Max:  7020 Err:    12 (0.01%) Active: 100 Started: 100 Finished: 0
2018-10-12 07:41:30,002 INFO o.a.j.r.Summariser: summary + 190681 in 00:00:30 = 6356.0/s Avg:    15 Min:     0 Max:  7020 Err:    12 (0.01%) Active: 100 Started: 100 Finished: 0
2018-10-12 07:41:30,006 INFO o.a.j.r.Summariser: Generate Summary Results = 436012 in 00:01:11 = 6147.0/s Avg:    15 Min:     0 Max:  7028 Err:    29 (0.01%)
2018-10-12 07:41:30,009 INFO o.a.j.r.Summariser: summary = 436012 in 00:01:11 = 6147.9/s Avg:    15 Min:     0 Max:  7028 Err:    29 (0.01%)
2018-10-12 07:42:00,000 INFO o.a.j.r.Summariser: Generate Summary Results + 191840 in 00:00:30 = 6394.7/s Avg:    15 Min:     0 Max:  7018 Err:    15 (0.01%) Active: 100 Started: 100 Finished: 0
2018-10-12 07:42:00,003 INFO o.a.j.r.Summariser: Generate Summary Results = 627852 in 00:01:41 = 6220.6/s Avg:    15 Min:     0 Max:  7028 Err:    44 (0.01%)
2018-10-12 07:42:00,003 INFO o.a.j.r.Summariser: summary + 191834 in 00:00:30 = 6394.5/s Avg:    15 Min:     0 Max:  7018 Err:    15 (0.01%) Active: 100 Started: 100 Finished: 0
2018-10-12 07:42:00,007 INFO o.a.j.r.Summariser: summary = 627846 in 00:01:41 = 6221.2/s Avg:    15 Min:     0 Max:  7028 Err:    44 (0.01%)
2018-10-12 07:42:30,000 INFO o.a.j.r.Summariser: Generate Summary Results + 192530 in 00:00:30 = 6417.7/s Avg:    15 Min:     1 Max:  7081 Err:    13 (0.01%) Active: 100 Started: 100 Finished: 0
2018-10-12 07:42:30,001 INFO o.a.j.r.Summariser: summary + 192536 in 00:00:30 = 6418.1/s Avg:    15 Min:     1 Max:  7081 Err:    13 (0.01%) Active: 100 Started: 100 Finished: 0
2018-10-12 07:42:30,002 INFO o.a.j.r.Summariser: summary = 820382 in 00:02:11 = 6266.3/s Avg:    15 Min:     0 Max:  7081 Err:    57 (0.01%)
2018-10-12 07:42:30,003 INFO o.a.j.r.Summariser: Generate Summary Results = 820382 in 00:02:11 = 6265.8/s Avg:    15 Min:     0 Max:  7081 Err:    57 (0.01%)
2018-10-12 07:42:43,824 INFO o.a.j.t.JMeterThread: Thread is done: G1 1-21
2018-10-12 07:42:43,824 INFO o.a.j.t.JMeterThread: Thread finished: G1 1-21
2018-10-12 07:42:45,541 INFO o.a.j.t.JMeterThread: Thread is done: G1 1-2
2018-10-12 07:42:45,541 INFO o.a.j.t.JMeterThread: Thread finished: G1 1-2
2018-10-12 07:42:46,545 INFO o.a.j.t.JMeterThread: Thread is done: G1 1-6
2018-10-12 07:42:46,549 INFO o.a.j.t.JMeterThread: Thread finished: G1 1-6
2018-10-12 07:42:47,379 INFO o.a.j.t.JMeterThread: Thread is done: G1 1-5
2018-10-12 07:42:47,379 INFO o.a.j.t.JMeterThread: Thread finished: G1 1-5
2018-10-12 07:42:47,523 INFO o.a.j.t.JMeterThread: Thread is done: G1 1-23
2018-10-12 07:42:47,529 INFO o.a.j.t.JMeterThread: Thread finished: G1 1-23
2018-10-12 07:42:48,546 INFO o.a.j.t.JMeterThread: Thread is done: G1 1-15
2018-10-12 07:42:48,546 INFO o.a.j.t.JMeterThread: Thread finished: G1 1-15
2018-10-12 07:42:48,931 INFO o.a.j.t.JMeterThread: Thread is done: G1 1-9
2018-10-12 07:42:48,931 INFO o.a.j.t.JMeterThread: Thread finished: G1 1-9
2018-10-12 07:42:49,272 INFO o.a.j.t.JMeterThread: Thread is done: G1 1-76
2018-10-12 07:42:49,272 INFO o.a.j.t.JMeterThread: Thread finished: G1 1-76
2018-10-12 07:42:49,606 INFO o.a.j.t.JMeterThread: Thread is done: G1 1-43
2018-10-12 07:42:49,606 INFO o.a.j.t.JMeterThread: Thread finished: G1 1-43
2018-10-12 07:42:49,743 INFO o.a.j.t.JMeterThread: Thread is done: G1 1-41
2018-10-12 07:42:49,743 INFO o.a.j.t.JMeterThread: Thread finished: G1 1-41
2018-10-12 07:42:49,751 INFO o.a.j.t.JMeterThread: Thread is done: G1 1-18
2018-10-12 07:42:49,751 INFO o.a.j.t.JMeterThread: Thread finished: G1 1-18
2018-10-12 07:42:50,058 INFO o.a.j.t.JMeterThread: Thread is done: G1 1-13
2018-10-12 07:42:50,058 INFO o.a.j.t.JMeterThread: Thread finished: G1 1-13
2018-10-12 07:42:50,345 INFO o.a.j.t.JMeterThread: Thread is done: G1 1-29
2018-10-12 07:42:50,345 INFO o.a.j.t.JMeterThread: Thread is done: G1 1-8
2018-10-12 07:42:50,345 INFO o.a.j.t.JMeterThread: Thread finished: G1 1-8
2018-10-12 07:42:50,345 INFO o.a.j.t.JMeterThread: Thread finished: G1 1-29
2018-10-12 07:42:50,389 INFO o.a.j.t.JMeterThread: Thread is done: G1 1-45
2018-10-12 07:42:50,389 INFO o.a.j.t.JMeterThread: Thread finished: G1 1-45
2018-10-12 07:42:50,570 INFO o.a.j.t.JMeterThread: Thread is done: G1 1-7
2018-10-12 07:42:50,570 INFO o.a.j.t.JMeterThread: Thread finished: G1 1-7
2018-10-12 07:42:50,689 INFO o.a.j.t.JMeterThread: Thread is done: G1 1-52
2018-10-12 07:42:50,689 INFO o.a.j.t.JMeterThread: Thread finished: G1 1-52
2018-10-12 07:42:50,836 INFO o.a.j.t.JMeterThread: Thread is done: G1 1-4
2018-10-12 07:42:50,836 INFO o.a.j.t.JMeterThread: Thread finished: G1 1-4
2018-10-12 07:42:50,965 INFO o.a.j.t.JMeterThread: Thread is done: G1 1-12
2018-10-12 07:42:50,965 INFO o.a.j.t.JMeterThread: Thread finished: G1 1-12
2018-10-12 07:42:50,989 INFO o.a.j.t.JMeterThread: Thread is done: G1 1-59
2018-10-12 07:42:50,989 INFO o.a.j.t.JMeterThread: Thread finished: G1 1-59
2018-10-12 07:42:51,032 INFO o.a.j.t.JMeterThread: Thread is done: G1 1-3
2018-10-12 07:42:51,032 INFO o.a.j.t.JMeterThread: Thread finished: G1 1-3
2018-10-12 07:42:51,137 INFO o.a.j.t.JMeterThread: Thread is done: G1 1-10
2018-10-12 07:42:51,137 INFO o.a.j.t.JMeterThread: Thread finished: G1 1-10
2018-10-12 07:42:51,354 INFO o.a.j.t.JMeterThread: Thread is done: G1 1-14
2018-10-12 07:42:51,355 INFO o.a.j.t.JMeterThread: Thread finished: G1 1-14
2018-10-12 07:42:51,631 INFO o.a.j.t.JMeterThread: Thread is done: G1 1-97
2018-10-12 07:42:51,639 INFO o.a.j.t.JMeterThread: Thread finished: G1 1-97
2018-10-12 07:42:52,130 INFO o.a.j.t.JMeterThread: Thread is done: G1 1-48
2018-10-12 07:42:52,131 INFO o.a.j.t.JMeterThread: Thread finished: G1 1-48
2018-10-12 07:42:52,398 INFO o.a.j.t.JMeterThread: Thread is done: G1 1-42
2018-10-12 07:42:52,398 INFO o.a.j.t.JMeterThread: Thread finished: G1 1-42
2018-10-12 07:42:52,424 INFO o.a.j.t.JMeterThread: Thread is done: G1 1-81
2018-10-12 07:42:52,424 INFO o.a.j.t.JMeterThread: Thread finished: G1 1-81
2018-10-12 07:42:52,441 INFO o.a.j.t.JMeterThread: Thread is done: G1 1-38
2018-10-12 07:42:52,448 INFO o.a.j.t.JMeterThread: Thread finished: G1 1-38
2018-10-12 07:42:52,652 INFO o.a.j.t.JMeterThread: Thread is done: G1 1-82
2018-10-12 07:42:52,653 INFO o.a.j.t.JMeterThread: Thread finished: G1 1-82
2018-10-12 07:42:52,887 INFO o.a.j.t.JMeterThread: Thread is done: G1 1-85
2018-10-12 07:42:52,887 INFO o.a.j.t.JMeterThread: Thread finished: G1 1-85
2018-10-12 07:42:52,932 INFO o.a.j.t.JMeterThread: Thread is done: G1 1-30
2018-10-12 07:42:52,932 INFO o.a.j.t.JMeterThread: Thread finished: G1 1-30
2018-10-12 07:42:53,069 INFO o.a.j.t.JMeterThread: Thread is done: G1 1-31
2018-10-12 07:42:53,069 INFO o.a.j.t.JMeterThread: Thread finished: G1 1-31
2018-10-12 07:42:53,075 INFO o.a.j.t.JMeterThread: Thread is done: G1 1-63
2018-10-12 07:42:53,075 INFO o.a.j.t.JMeterThread: Thread finished: G1 1-63
2018-10-12 07:42:53,175 INFO o.a.j.t.JMeterThread: Thread is done: G1 1-50
2018-10-12 07:42:53,176 INFO o.a.j.t.JMeterThread: Thread finished: G1 1-50
2018-10-12 07:42:53,185 INFO o.a.j.t.JMeterThread: Thread is done: G1 1-72
2018-10-12 07:42:53,185 INFO o.a.j.t.JMeterThread: Thread finished: G1 1-72
2018-10-12 07:42:53,423 INFO o.a.j.t.JMeterThread: Thread is done: G1 1-25
2018-10-12 07:42:53,423 INFO o.a.j.t.JMeterThread: Thread finished: G1 1-25
2018-10-12 07:42:53,821 INFO o.a.j.t.JMeterThread: Thread is done: G1 1-66
2018-10-12 07:42:53,821 INFO o.a.j.t.JMeterThread: Thread finished: G1 1-66
2018-10-12 07:42:54,040 INFO o.a.j.t.JMeterThread: Thread is done: G1 1-62
2018-10-12 07:42:54,040 INFO o.a.j.t.JMeterThread: Thread finished: G1 1-62
2018-10-12 07:42:54,186 INFO o.a.j.t.JMeterThread: Thread is done: G1 1-19
2018-10-12 07:42:54,186 INFO o.a.j.t.JMeterThread: Thread finished: G1 1-19
2018-10-12 07:42:54,267 INFO o.a.j.t.JMeterThread: Thread is done: G1 1-91
2018-10-12 07:42:54,267 INFO o.a.j.t.JMeterThread: Thread finished: G1 1-91
2018-10-12 07:42:54,594 INFO o.a.j.t.JMeterThread: Thread is done: G1 1-94
2018-10-12 07:42:54,594 INFO o.a.j.t.JMeterThread: Thread finished: G1 1-94
2018-10-12 07:42:54,618 INFO o.a.j.t.JMeterThread: Thread is done: G1 1-92
2018-10-12 07:42:54,618 INFO o.a.j.t.JMeterThread: Thread finished: G1 1-92
2018-10-12 07:42:54,892 INFO o.a.j.t.JMeterThread: Thread is done: G1 1-99
2018-10-12 07:42:54,892 INFO o.a.j.t.JMeterThread: Thread finished: G1 1-99
2018-10-12 07:42:54,914 INFO o.a.j.t.JMeterThread: Thread is done: G1 1-26
2018-10-12 07:42:54,915 INFO o.a.j.t.JMeterThread: Thread finished: G1 1-26
2018-10-12 07:42:55,067 INFO o.a.j.t.JMeterThread: Thread is done: G1 1-90
2018-10-12 07:42:55,067 INFO o.a.j.t.JMeterThread: Thread finished: G1 1-90
2018-10-12 07:42:55,172 INFO o.a.j.t.JMeterThread: Thread is done: G1 1-70
2018-10-12 07:42:55,172 INFO o.a.j.t.JMeterThread: Thread finished: G1 1-70
2018-10-12 07:42:55,187 INFO o.a.j.t.JMeterThread: Thread is done: G1 1-57
2018-10-12 07:42:55,187 INFO o.a.j.t.JMeterThread: Thread finished: G1 1-57
2018-10-12 07:42:55,251 INFO o.a.j.t.JMeterThread: Thread is done: G1 1-71
2018-10-12 07:42:55,251 INFO o.a.j.t.JMeterThread: Thread finished: G1 1-71
2018-10-12 07:42:55,329 INFO o.a.j.t.JMeterThread: Thread is done: G1 1-73
2018-10-12 07:42:55,329 INFO o.a.j.t.JMeterThread: Thread finished: G1 1-73
2018-10-12 07:42:55,812 INFO o.a.j.t.JMeterThread: Thread is done: G1 1-33
2018-10-12 07:42:55,812 INFO o.a.j.t.JMeterThread: Thread finished: G1 1-33
2018-10-12 07:42:55,819 INFO o.a.j.t.JMeterThread: Thread is done: G1 1-88
2018-10-12 07:42:55,819 INFO o.a.j.t.JMeterThread: Thread finished: G1 1-88
2018-10-12 07:42:55,843 INFO o.a.j.t.JMeterThread: Thread is done: G1 1-53
2018-10-12 07:42:55,843 INFO o.a.j.t.JMeterThread: Thread finished: G1 1-53
2018-10-12 07:42:55,880 INFO o.a.j.t.JMeterThread: Thread is done: G1 1-46
2018-10-12 07:42:55,880 INFO o.a.j.t.JMeterThread: Thread finished: G1 1-46
2018-10-12 07:42:55,881 INFO o.a.j.t.JMeterThread: Thread is done: G1 1-34
2018-10-12 07:42:55,881 INFO o.a.j.t.JMeterThread: Thread finished: G1 1-34
2018-10-12 07:42:56,079 INFO o.a.j.t.JMeterThread: Thread is done: G1 1-22
2018-10-12 07:42:56,079 INFO o.a.j.t.JMeterThread: Thread finished: G1 1-22
2018-10-12 07:42:56,082 INFO o.a.j.t.JMeterThread: Thread is done: G1 1-55
2018-10-12 07:42:56,082 INFO o.a.j.t.JMeterThread: Thread finished: G1 1-55
2018-10-12 07:42:56,097 INFO o.a.j.t.JMeterThread: Thread is done: G1 1-47
2018-10-12 07:42:56,097 INFO o.a.j.t.JMeterThread: Thread finished: G1 1-47
2018-10-12 07:42:56,122 INFO o.a.j.t.JMeterThread: Thread is done: G1 1-89
2018-10-12 07:42:56,122 INFO o.a.j.t.JMeterThread: Thread finished: G1 1-89
2018-10-12 07:42:56,136 INFO o.a.j.t.JMeterThread: Thread is done: G1 1-17
2018-10-12 07:42:56,136 INFO o.a.j.t.JMeterThread: Thread finished: G1 1-17
2018-10-12 07:42:56,170 INFO o.a.j.t.JMeterThread: Thread is done: G1 1-49
2018-10-12 07:42:56,170 INFO o.a.j.t.JMeterThread: Thread finished: G1 1-49
2018-10-12 07:42:56,172 INFO o.a.j.t.JMeterThread: Thread is done: G1 1-95
2018-10-12 07:42:56,173 INFO o.a.j.t.JMeterThread: Thread finished: G1 1-95
2018-10-12 07:42:56,374 INFO o.a.j.t.JMeterThread: Thread is done: G1 1-37
2018-10-12 07:42:56,374 INFO o.a.j.t.JMeterThread: Thread finished: G1 1-37
2018-10-12 07:42:56,377 INFO o.a.j.t.JMeterThread: Thread is done: G1 1-74
2018-10-12 07:42:56,377 INFO o.a.j.t.JMeterThread: Thread finished: G1 1-74
2018-10-12 07:42:56,480 INFO o.a.j.t.JMeterThread: Thread is done: G1 1-51
2018-10-12 07:42:56,480 INFO o.a.j.t.JMeterThread: Thread finished: G1 1-51
2018-10-12 07:42:56,809 INFO o.a.j.t.JMeterThread: Thread is done: G1 1-84
2018-10-12 07:42:56,810 INFO o.a.j.t.JMeterThread: Thread finished: G1 1-84
2018-10-12 07:42:56,832 INFO o.a.j.t.JMeterThread: Thread is done: G1 1-44
2018-10-12 07:42:56,833 INFO o.a.j.t.JMeterThread: Thread finished: G1 1-44
2018-10-12 07:42:56,971 INFO o.a.j.t.JMeterThread: Thread is done: G1 1-68
2018-10-12 07:42:56,971 INFO o.a.j.t.JMeterThread: Thread finished: G1 1-68
2018-10-12 07:42:57,050 INFO o.a.j.t.JMeterThread: Thread is done: G1 1-80
2018-10-12 07:42:57,050 INFO o.a.j.t.JMeterThread: Thread finished: G1 1-80
2018-10-12 07:42:57,119 INFO o.a.j.t.JMeterThread: Thread is done: G1 1-93
2018-10-12 07:42:57,119 INFO o.a.j.t.JMeterThread: Thread finished: G1 1-93
2018-10-12 07:42:57,227 INFO o.a.j.t.JMeterThread: Thread is done: G1 1-69
2018-10-12 07:42:57,227 INFO o.a.j.t.JMeterThread: Thread finished: G1 1-69
2018-10-12 07:42:57,519 INFO o.a.j.t.JMeterThread: Thread is done: G1 1-86
2018-10-12 07:42:57,519 INFO o.a.j.t.JMeterThread: Thread finished: G1 1-86
2018-10-12 07:42:57,619 INFO o.a.j.t.JMeterThread: Thread is done: G1 1-61
2018-10-12 07:42:57,619 INFO o.a.j.t.JMeterThread: Thread finished: G1 1-61
2018-10-12 07:42:57,766 INFO o.a.j.t.JMeterThread: Thread is done: G1 1-78
2018-10-12 07:42:57,766 INFO o.a.j.t.JMeterThread: Thread finished: G1 1-78
2018-10-12 07:42:57,832 INFO o.a.j.t.JMeterThread: Thread is done: G1 1-75
2018-10-12 07:42:57,833 INFO o.a.j.t.JMeterThread: Thread finished: G1 1-75
2018-10-12 07:42:57,843 INFO o.a.j.t.JMeterThread: Thread is done: G1 1-83
2018-10-12 07:42:57,843 INFO o.a.j.t.JMeterThread: Thread finished: G1 1-83
2018-10-12 07:42:57,929 INFO o.a.j.t.JMeterThread: Thread is done: G1 1-79
2018-10-12 07:42:57,930 INFO o.a.j.t.JMeterThread: Thread finished: G1 1-79
2018-10-12 07:42:57,948 INFO o.a.j.t.JMeterThread: Thread is done: G1 1-67
2018-10-12 07:42:57,948 INFO o.a.j.t.JMeterThread: Thread finished: G1 1-67
2018-10-12 07:42:58,010 INFO o.a.j.t.JMeterThread: Thread is done: G1 1-36
2018-10-12 07:42:58,012 INFO o.a.j.t.JMeterThread: Thread finished: G1 1-36
2018-10-12 07:42:58,313 INFO o.a.j.t.JMeterThread: Thread is done: G1 1-1
2018-10-12 07:42:58,313 INFO o.a.j.t.JMeterThread: Thread finished: G1 1-1
2018-10-12 07:42:58,328 INFO o.a.j.t.JMeterThread: Thread is done: G1 1-39
2018-10-12 07:42:58,329 INFO o.a.j.t.JMeterThread: Thread finished: G1 1-39
2018-10-12 07:42:58,407 INFO o.a.j.t.JMeterThread: Thread is done: G1 1-96
2018-10-12 07:42:58,407 INFO o.a.j.t.JMeterThread: Thread finished: G1 1-96
2018-10-12 07:42:58,537 INFO o.a.j.t.JMeterThread: Thread is done: G1 1-11
2018-10-12 07:42:58,538 INFO o.a.j.t.JMeterThread: Thread finished: G1 1-11
2018-10-12 07:42:58,625 INFO o.a.j.t.JMeterThread: Thread is done: G1 1-32
2018-10-12 07:42:58,626 INFO o.a.j.t.JMeterThread: Thread finished: G1 1-32
2018-10-12 07:42:58,703 INFO o.a.j.t.JMeterThread: Thread is done: G1 1-87
2018-10-12 07:42:58,703 INFO o.a.j.t.JMeterThread: Thread finished: G1 1-87
2018-10-12 07:42:58,929 INFO o.a.j.t.JMeterThread: Thread is done: G1 1-35
2018-10-12 07:42:58,929 INFO o.a.j.t.JMeterThread: Thread finished: G1 1-35
2018-10-12 07:42:59,028 INFO o.a.j.t.JMeterThread: Thread is done: G1 1-100
2018-10-12 07:42:59,028 INFO o.a.j.t.JMeterThread: Thread finished: G1 1-100
2018-10-12 07:42:59,183 INFO o.a.j.t.JMeterThread: Thread is done: G1 1-56
2018-10-12 07:42:59,183 INFO o.a.j.t.JMeterThread: Thread finished: G1 1-56
2018-10-12 07:42:59,200 INFO o.a.j.t.JMeterThread: Thread is done: G1 1-40
2018-10-12 07:42:59,201 INFO o.a.j.t.JMeterThread: Thread finished: G1 1-40
2018-10-12 07:42:59,576 INFO o.a.j.t.JMeterThread: Thread is done: G1 1-77
2018-10-12 07:42:59,576 INFO o.a.j.t.JMeterThread: Thread finished: G1 1-77
2018-10-12 07:42:59,608 INFO o.a.j.t.JMeterThread: Thread is done: G1 1-16
2018-10-12 07:42:59,608 INFO o.a.j.t.JMeterThread: Thread finished: G1 1-16
2018-10-12 07:42:59,700 INFO o.a.j.t.JMeterThread: Thread is done: G1 1-20
2018-10-12 07:42:59,700 INFO o.a.j.t.JMeterThread: Thread finished: G1 1-20
2018-10-12 07:42:59,701 INFO o.a.j.t.JMeterThread: Thread is done: G1 1-65
2018-10-12 07:42:59,701 INFO o.a.j.t.JMeterThread: Thread finished: G1 1-65
2018-10-12 07:42:59,740 INFO o.a.j.t.JMeterThread: Thread is done: G1 1-24
2018-10-12 07:42:59,740 INFO o.a.j.t.JMeterThread: Thread finished: G1 1-24
2018-10-12 07:42:59,922 INFO o.a.j.t.JMeterThread: Thread is done: G1 1-27
2018-10-12 07:42:59,922 INFO o.a.j.t.JMeterThread: Thread finished: G1 1-27
2018-10-12 07:43:00,001 INFO o.a.j.r.Summariser: summary + 177894 in 00:00:30 = 5929.8/s Avg:    13 Min:     0 Max:  7022 Err:    16 (0.01%) Active: 6 Started: 100 Finished: 94
2018-10-12 07:43:00,002 INFO o.a.j.r.Summariser: summary = 998276 in 00:02:41 = 6203.6/s Avg:    14 Min:     0 Max:  7081 Err:    73 (0.01%)
2018-10-12 07:43:00,002 INFO o.a.j.r.Summariser: Generate Summary Results + 177894 in 00:00:30 = 5929.8/s Avg:    13 Min:     0 Max:  7022 Err:    16 (0.01%) Active: 6 Started: 100 Finished: 94
2018-10-12 07:43:00,004 INFO o.a.j.r.Summariser: Generate Summary Results = 998276 in 00:02:41 = 6203.1/s Avg:    14 Min:     0 Max:  7081 Err:    73 (0.01%)
2018-10-12 07:43:00,050 INFO o.a.j.t.JMeterThread: Thread is done: G1 1-60
2018-10-12 07:43:00,051 INFO o.a.j.t.JMeterThread: Thread finished: G1 1-60
2018-10-12 07:43:00,208 INFO o.a.j.t.JMeterThread: Thread is done: G1 1-98
2018-10-12 07:43:00,208 INFO o.a.j.t.JMeterThread: Thread finished: G1 1-98
2018-10-12 07:43:00,222 INFO o.a.j.t.JMeterThread: Thread is done: G1 1-54
2018-10-12 07:43:00,222 INFO o.a.j.t.JMeterThread: Thread finished: G1 1-54
2018-10-12 07:43:00,650 INFO o.a.j.t.JMeterThread: Thread is done: G1 1-28
2018-10-12 07:43:00,650 INFO o.a.j.t.JMeterThread: Thread finished: G1 1-28
2018-10-12 07:43:04,516 INFO o.a.j.t.JMeterThread: Thread is done: G1 1-58
2018-10-12 07:43:04,517 INFO o.a.j.t.JMeterThread: Thread finished: G1 1-58
2018-10-12 07:43:07,674 INFO o.a.j.t.JMeterThread: Thread is done: G1 1-64
2018-10-12 07:43:07,674 INFO o.a.j.t.JMeterThread: Thread finished: G1 1-64
2018-10-12 07:43:07,674 INFO o.a.j.e.StandardJMeterEngine: Notifying test listeners of end of test
2018-10-12 07:43:07,676 INFO o.a.j.r.Summariser: summary +   1724 in 00:00:08 =  224.6/s Avg:     9 Min:     0 Max:  7015 Err:     2 (0.12%) Active: 0 Started: 100 Finished: 100
2018-10-12 07:43:07,676 INFO o.a.j.r.Summariser: summary = 1000000 in 00:02:49 = 5931.3/s Avg:    14 Min:     0 Max:  7081 Err:    75 (0.01%)
2018-10-12 07:43:07,676 INFO o.a.j.r.Summariser: Generate Summary Results +   1724 in 00:00:08 =  224.6/s Avg:     9 Min:     0 Max:  7015 Err:     2 (0.12%) Active: 0 Started: 100 Finished: 100
2018-10-12 07:43:07,676 INFO o.a.j.r.Summariser: Generate Summary Results = 1000000 in 00:02:49 = 5931.0/s Avg:    14 Min:     0 Max:  7081 Err:    75 (0.01%)
2018-10-12 07:43:07,677 INFO o.a.j.JMeter: Generating Dashboard
2018-10-12 07:43:07,677 INFO o.a.j.r.d.ReportGenerator: Flushing result collector before report Generation
2018-10-12 07:43:07,701 INFO o.a.j.r.p.NormalizerSampleConsumer: Using format, 'ms', to parse timeStamp field
2018-10-12 07:43:29,216 INFO o.a.j.r.p.AbstractSampleConsumer: class org.apache.jmeter.report.processor.AggregateConsumer#stopProducing(): beginDate produced 0 samples
2018-10-12 07:43:29,217 INFO o.a.j.r.p.AbstractSampleConsumer: class org.apache.jmeter.report.processor.AggregateConsumer#stopProducing(): endDate produced 0 samples
2018-10-12 07:43:29,222 INFO o.a.j.r.p.AbstractSampleConsumer: class org.apache.jmeter.report.processor.ApdexSummaryConsumer#stopProducing(): apdexSummary produced 0 samples
2018-10-12 07:43:29,222 INFO o.a.j.r.p.AbstractSampleConsumer: class org.apache.jmeter.report.processor.RequestsSummaryConsumer#stopProducing(): requestsSummary produced 0 samples
2018-10-12 07:43:29,247 INFO o.a.j.r.p.AbstractSampleConsumer: class org.apache.jmeter.report.processor.StatisticsSummaryConsumer#stopProducing(): statisticsSummary produced 0 samples
2018-10-12 07:43:29,258 INFO o.a.j.r.p.AbstractSampleConsumer: class org.apache.jmeter.report.processor.Top5ErrorsBySamplerConsumer#stopProducing(): top5ErrorsBySampler produced 0 samples
2018-10-12 07:43:29,258 INFO o.a.j.r.p.AbstractSampleConsumer: class org.apache.jmeter.report.processor.ErrorsSummaryConsumer#stopProducing(): errorsSummary produced 0 samples
2018-10-12 07:43:29,258 INFO o.a.j.r.p.AbstractSampleConsumer: class org.apache.jmeter.report.processor.graph.impl.HitsPerSecondGraphConsumer#stopProducing(): hitsPerSecond produced 0 samples
2018-10-12 07:43:32,366 INFO o.a.j.r.p.AbstractSampleConsumer: class org.apache.jmeter.report.processor.graph.impl.LatencyVSRequestGraphConsumer#stopProducing(): latencyVsRequest produced 0 samples
2018-10-12 07:43:32,380 INFO o.a.j.r.p.AbstractSampleConsumer: class org.apache.jmeter.report.processor.graph.impl.SyntheticResponseTimeDistributionGraphConsumer#stopProducing(): syntheticResponseTimeDistribution produced 0 samples
2018-10-12 07:43:32,381 INFO o.a.j.r.p.AbstractSampleConsumer: class org.apache.jmeter.report.processor.graph.impl.BytesThroughputGraphConsumer#stopProducing(): bytesThroughputOverTime produced 0 samples
2018-10-12 07:43:32,381 INFO o.a.j.r.p.AbstractSampleConsumer: class org.apache.jmeter.report.processor.graph.impl.CodesPerSecondGraphConsumer#stopProducing(): codesPerSecond produced 0 samples
2018-10-12 07:43:35,364 INFO o.a.j.r.p.AbstractSampleConsumer: class org.apache.jmeter.report.processor.graph.impl.ResponseTimeVSRequestGraphConsumer#stopProducing(): responseTimeVsRequest produced 0 samples
2018-10-12 07:43:35,372 INFO o.a.j.r.p.AbstractSampleConsumer: class org.apache.jmeter.report.processor.FilterConsumer#stopProducing(): startIntervalControlerFilter produced 7000000 samples
2018-10-12 07:43:35,373 INFO o.a.j.r.p.AbstractSampleConsumer: class org.apache.jmeter.report.processor.graph.impl.TotalTPSGraphConsumer#stopProducing(): totalTPS produced 0 samples
2018-10-12 07:43:35,373 INFO o.a.j.r.p.AbstractSampleConsumer: class org.apache.jmeter.report.processor.graph.impl.ActiveThreadsGraphConsumer#stopProducing(): activeThreadsOverTime produced 0 samples
2018-10-12 07:43:35,373 INFO o.a.j.r.p.AbstractSampleConsumer: class org.apache.jmeter.report.processor.graph.impl.TimeVSThreadGraphConsumer#stopProducing(): timeVsThreads produced 0 samples
2018-10-12 07:43:35,373 INFO o.a.j.r.p.AbstractSampleConsumer: class org.apache.jmeter.report.processor.graph.impl.ResponseTimeDistributionGraphConsumer#stopProducing(): responseTimeDistribution produced 0 samples
2018-10-12 07:43:35,373 INFO o.a.j.r.p.AbstractSampleConsumer: class org.apache.jmeter.report.processor.graph.impl.TransactionsPerSecondGraphConsumer#stopProducing(): transactionsPerSecond produced 0 samples
2018-10-12 07:43:35,374 INFO o.a.j.r.p.AbstractSampleConsumer: class org.apache.jmeter.report.processor.graph.impl.ResponseTimePercentilesGraphConsumer#stopProducing(): responseTimePercentiles produced 0 samples
2018-10-12 07:43:35,376 INFO o.a.j.r.p.AbstractSampleConsumer: class org.apache.jmeter.report.processor.graph.impl.ResponseTimePercentilesOverTimeGraphConsumer#stopProducing(): responseTimePercentilesOverTime produced 0 samples
2018-10-12 07:43:35,381 INFO o.a.j.r.p.AbstractSampleConsumer: class org.apache.jmeter.report.processor.graph.impl.ResponseTimeOverTimeGraphConsumer#stopProducing(): responseTimesOverTime produced 0 samples
2018-10-12 07:43:35,381 INFO o.a.j.r.p.AbstractSampleConsumer: class org.apache.jmeter.report.processor.graph.impl.ConnectTimeOverTimeGraphConsumer#stopProducing(): connectTimeOverTime produced 0 samples
2018-10-12 07:43:35,382 INFO o.a.j.r.p.AbstractSampleConsumer: class org.apache.jmeter.report.processor.graph.impl.LatencyOverTimeGraphConsumer#stopProducing(): latenciesOverTime produced 0 samples
2018-10-12 07:43:35,382 INFO o.a.j.r.p.AbstractSampleConsumer: class org.apache.jmeter.report.processor.FilterConsumer#stopProducing(): nameFilter produced 15000000 samples
2018-10-12 07:43:35,382 INFO o.a.j.r.p.AbstractSampleConsumer: class org.apache.jmeter.report.processor.FilterConsumer#stopProducing(): dateRangeFilter produced 3000000 samples
2018-10-12 07:43:35,382 INFO o.a.j.r.p.AbstractSampleConsumer: class org.apache.jmeter.report.processor.NormalizerSampleConsumer#stopProducing(): normalizer produced 1000000 samples
2018-10-12 07:43:35,383 INFO o.a.j.r.p.CsvFileSampleSource: produce(): 1000000 samples produced in 27s 647 ms on channel 0
2018-10-12 07:43:35,383 INFO o.a.j.r.d.ReportGenerator: Exporting data using exporter:'html' of className:'org.apache.jmeter.report.dashboard.HtmlTemplateExporter'
2018-10-12 07:43:35,386 INFO o.a.j.r.d.HtmlTemplateExporter: Will generate dashboard in folder: /usr/app/jmt_result/outputs/result100/./out
2018-10-12 07:43:35,488 INFO o.a.j.r.d.HtmlTemplateExporter: Report will be generated in: /usr/app/jmt_result/outputs/result100/./out, creating folder structure
2018-10-12 07:43:35,798 INFO o.a.j.JMeter: Dashboard generated
