2018-10-15 08:36:34,176 INFO o.a.j.u.JMeterUtils: Setting Locale to en_EN
2018-10-15 08:36:34,201 INFO o.a.j.JMeter: Loading user properties from: /jmeter/apache-jmeter-5.0/bin/user.properties
2018-10-15 08:36:34,202 INFO o.a.j.JMeter: Loading system properties from: /jmeter/apache-jmeter-5.0/bin/system.properties
2018-10-15 08:36:34,210 INFO o.a.j.JMeter: Copyright (c) 1998-2018 The Apache Software Foundation
2018-10-15 08:36:34,210 INFO o.a.j.JMeter: Version 5.0 r1840935
2018-10-15 08:36:34,210 INFO o.a.j.JMeter: java.version=1.8.0_171
2018-10-15 08:36:34,211 INFO o.a.j.JMeter: java.vm.name=OpenJDK 64-Bit Server VM
2018-10-15 08:36:34,211 INFO o.a.j.JMeter: os.name=Linux
2018-10-15 08:36:34,211 INFO o.a.j.JMeter: os.arch=amd64
2018-10-15 08:36:34,211 INFO o.a.j.JMeter: os.version=3.10.0-862.9.1.el7.x86_64
2018-10-15 08:36:34,211 INFO o.a.j.JMeter: file.encoding=UTF-8
2018-10-15 08:36:34,211 INFO o.a.j.JMeter: Max memory     =1073741824
2018-10-15 08:36:34,211 INFO o.a.j.JMeter: Available Processors =4
2018-10-15 08:36:34,219 INFO o.a.j.JMeter: Default Locale=English (EN)
2018-10-15 08:36:34,219 INFO o.a.j.JMeter: JMeter  Locale=English (EN)
2018-10-15 08:36:34,219 INFO o.a.j.JMeter: JMeterHome=/jmeter/apache-jmeter-5.0
2018-10-15 08:36:34,219 INFO o.a.j.JMeter: user.dir  =/usr/app/jmt_result/outputs/result50
2018-10-15 08:36:34,220 INFO o.a.j.JMeter: PWD       =/usr/app/jmt_result/outputs/result50
2018-10-15 08:36:34,220 INFO o.a.j.JMeter: IP: 10.42.5.59 Name: jmeter-58cb58fc89-j48sl FullName: jmeter-58cb58fc89-j48sl
2018-10-15 08:36:34,222 INFO o.a.j.JMeter: Setting property 'jmeter.reportgenerator.outputdir' to:'/usr/app/jmt_result/outputs/result50/./out_ssi'
2018-10-15 08:36:34,225 INFO o.a.j.s.FileServer: Default base='/usr/app/jmt_result/outputs/result50'
2018-10-15 08:36:34,233 INFO o.a.j.s.FileServer: Set new base='/usr/app/jmt_result/outputs/result50'
2018-10-15 08:36:34,459 INFO o.a.j.s.SaveService: Testplan (JMX) version: 2.2. Testlog (JTL) version: 2.2
2018-10-15 08:36:34,477 INFO o.a.j.s.SaveService: Using SaveService properties file encoding UTF-8
2018-10-15 08:36:34,483 INFO o.a.j.s.SaveService: Using SaveService properties version 5.0
2018-10-15 08:36:34,490 INFO o.a.j.s.SaveService: Loading file: load_jmeter_50.jmx
2018-10-15 08:36:34,550 INFO o.a.j.p.h.s.HTTPSamplerBase: Parser for text/html is org.apache.jmeter.protocol.http.parser.LagartoBasedHtmlParser
2018-10-15 08:36:34,551 INFO o.a.j.p.h.s.HTTPSamplerBase: Parser for application/xhtml+xml is org.apache.jmeter.protocol.http.parser.LagartoBasedHtmlParser
2018-10-15 08:36:34,551 INFO o.a.j.p.h.s.HTTPSamplerBase: Parser for application/xml is org.apache.jmeter.protocol.http.parser.LagartoBasedHtmlParser
2018-10-15 08:36:34,551 INFO o.a.j.p.h.s.HTTPSamplerBase: Parser for text/xml is org.apache.jmeter.protocol.http.parser.LagartoBasedHtmlParser
2018-10-15 08:36:34,551 INFO o.a.j.p.h.s.HTTPSamplerBase: Parser for text/vnd.wap.wml is org.apache.jmeter.protocol.http.parser.RegexpHTMLParser
2018-10-15 08:36:34,551 INFO o.a.j.p.h.s.HTTPSamplerBase: Parser for text/css is org.apache.jmeter.protocol.http.parser.CssParser
2018-10-15 08:36:34,589 INFO o.a.j.JMeter: Creating summariser <summary>
2018-10-15 08:36:34,594 INFO o.a.j.r.d.ReportGenerator: ReportGenerator will use for Parsing the separator: ','
2018-10-15 08:36:34,595 INFO o.a.j.r.d.ReportGenerator: Will generate report at end of test from  results file: result.jtl
2018-10-15 08:36:34,595 INFO o.a.j.r.d.ReportGenerator: Reading report generator properties from: /jmeter/apache-jmeter-5.0/bin/reportgenerator.properties
2018-10-15 08:36:34,595 INFO o.a.j.r.d.ReportGenerator: Merging with JMeter properties
2018-10-15 08:36:34,601 INFO o.a.j.r.c.ReportGeneratorConfiguration: Property 'jmeter.reportgenerator.temp_dir' not found, using default value 'temp' instead.
2018-10-15 08:36:34,604 INFO o.a.j.r.c.ReportGeneratorConfiguration: Property 'jmeter.reportgenerator.apdex_per_transaction' not found, using default value 'null' instead.
2018-10-15 08:36:34,604 INFO o.a.j.r.c.ReportGeneratorConfiguration: apdex_per_transaction : {} is empty, not APDEX per transaction customization
2018-10-15 08:36:34,604 INFO o.a.j.r.c.ReportGeneratorConfiguration: Property 'jmeter.reportgenerator.sample_filter' not found, using default value 'null' instead.
2018-10-15 08:36:34,604 INFO o.a.j.r.c.ReportGeneratorConfiguration: Property 'jmeter.reportgenerator.report_title' not found, using default value 'null' instead.
2018-10-15 08:36:34,605 INFO o.a.j.r.c.ReportGeneratorConfiguration: Property 'jmeter.reportgenerator.start_date' not found, using default value 'null' instead.
2018-10-15 08:36:34,605 INFO o.a.j.r.c.ReportGeneratorConfiguration: Property 'jmeter.reportgenerator.end_date' not found, using default value 'null' instead.
2018-10-15 08:36:34,605 INFO o.a.j.r.c.ReportGeneratorConfiguration: Property 'jmeter.reportgenerator.date_format' not found, using default value 'null' instead.
2018-10-15 08:36:34,606 INFO o.a.j.r.c.ReportGeneratorConfiguration: Will use date range start date: null, end date: null
2018-10-15 08:36:34,612 INFO o.a.j.r.c.ReportGeneratorConfiguration: Property 'jmeter.reportgenerator.graph.totalTPS.exclude_controllers' not found, using default value 'false' instead.
2018-10-15 08:36:34,612 INFO o.a.j.r.c.ReportGeneratorConfiguration: Property 'jmeter.reportgenerator.graph.activeThreadsOverTime.exclude_controllers' not found, using default value 'false' instead.
2018-10-15 08:36:34,612 INFO o.a.j.r.c.ReportGeneratorConfiguration: Property 'jmeter.reportgenerator.graph.timeVsThreads.exclude_controllers' not found, using default value 'false' instead.
2018-10-15 08:36:34,612 INFO o.a.j.r.c.ReportGeneratorConfiguration: Property 'jmeter.reportgenerator.graph.responseTimeDistribution.exclude_controllers' not found, using default value 'false' instead.
2018-10-15 08:36:34,612 INFO o.a.j.r.c.ReportGeneratorConfiguration: Property 'jmeter.reportgenerator.graph.transactionsPerSecond.exclude_controllers' not found, using default value 'false' instead.
2018-10-15 08:36:34,613 INFO o.a.j.r.c.ReportGeneratorConfiguration: Property 'jmeter.reportgenerator.graph.responseTimePercentiles.exclude_controllers' not found, using default value 'false' instead.
2018-10-15 08:36:34,613 INFO o.a.j.r.c.ReportGeneratorConfiguration: Property 'jmeter.reportgenerator.graph.responseTimePercentilesOverTime.exclude_controllers' not found, using default value 'false' instead.
2018-10-15 08:36:34,614 INFO o.a.j.r.c.ReportGeneratorConfiguration: Property 'jmeter.reportgenerator.graph.responseTimesOverTime.exclude_controllers' not found, using default value 'false' instead.
2018-10-15 08:36:34,614 INFO o.a.j.r.c.ReportGeneratorConfiguration: Property 'jmeter.reportgenerator.graph.connectTimeOverTime.exclude_controllers' not found, using default value 'false' instead.
2018-10-15 08:36:34,614 INFO o.a.j.r.c.ReportGeneratorConfiguration: Property 'jmeter.reportgenerator.graph.latenciesOverTime.exclude_controllers' not found, using default value 'false' instead.
2018-10-15 08:36:34,615 INFO o.a.j.r.c.ReportGeneratorConfiguration: Property 'jmeter.reportgenerator.exporter.html.filters_only_sample_series' not found, using default value 'true' instead.
2018-10-15 08:36:34,615 INFO o.a.j.r.c.ReportGeneratorConfiguration: Property 'jmeter.reportgenerator.exporter.html.series_filter' not found, using default value '' instead.
2018-10-15 08:36:34,616 INFO o.a.j.r.c.ReportGeneratorConfiguration: Property 'jmeter.reportgenerator.exporter.html.show_controllers_only' not found, using default value 'false' instead.
2018-10-15 08:36:34,621 INFO o.a.j.e.StandardJMeterEngine: Running the test!
2018-10-15 08:36:34,622 INFO o.a.j.s.SampleEvent: List of sample_variables: []
2018-10-15 08:36:34,622 INFO o.a.j.s.SampleEvent: List of sample_variables: []
2018-10-15 08:36:34,628 INFO o.a.j.e.u.CompoundVariable: Note: Function class names must contain the string: '.functions.'
2018-10-15 08:36:34,628 INFO o.a.j.e.u.CompoundVariable: Note: Function class names must not contain the string: '.gui.'
2018-10-15 08:36:35,097 INFO o.a.j.r.ResultCollector: Folder at /Users/pathai/workspaces/java-workspace/app-jmeter was created
2018-10-15 08:36:35,109 INFO o.a.j.JMeter: Running test (1539592595109)
2018-10-15 08:36:35,165 INFO o.a.j.e.StandardJMeterEngine: Starting ThreadGroup: 1 : G1
2018-10-15 08:36:35,165 INFO o.a.j.e.StandardJMeterEngine: Starting 50 threads for group G1.
2018-10-15 08:36:35,165 INFO o.a.j.e.StandardJMeterEngine: Thread will continue on error
2018-10-15 08:36:35,165 INFO o.a.j.t.ThreadGroup: Starting thread group... number=1 threads=50 ramp-up=5 perThread=100.0 delayedStart=false
2018-10-15 08:36:35,180 INFO o.a.j.t.JMeterThread: Thread started: G1 1-1
2018-10-15 08:36:35,181 INFO o.a.j.c.LoopController: iterationStart called on Loop Controller with source org.apache.jmeter.control.LoopController@2278479f and iteration 1
2018-10-15 08:36:35,231 INFO o.a.j.t.ThreadGroup: Started thread group number 1
2018-10-15 08:36:35,231 INFO o.a.j.e.StandardJMeterEngine: All thread groups have been started
2018-10-15 08:36:35,241 INFO o.a.j.p.h.s.HTTPHCAbstractImpl: Local host = jmeter-58cb58fc89-j48sl
2018-10-15 08:36:35,250 INFO o.a.j.p.h.s.HTTPHC4Impl: HTTP request retry count = 0
2018-10-15 08:36:35,252 INFO o.a.j.s.SampleResult: Note: Sample TimeStamps are START times
2018-10-15 08:36:35,252 INFO o.a.j.s.SampleResult: sampleresult.default.encoding is set to ISO-8859-1
2018-10-15 08:36:35,253 INFO o.a.j.s.SampleResult: sampleresult.useNanoTime=true
2018-10-15 08:36:35,253 INFO o.a.j.s.SampleResult: sampleresult.nanoThreadSleep=5000
2018-10-15 08:36:35,277 INFO o.a.j.t.JMeterThread: Thread started: G1 1-2
2018-10-15 08:36:35,278 INFO o.a.j.c.LoopController: iterationStart called on Loop Controller with source org.apache.jmeter.control.LoopController@5a29431a and iteration 1
2018-10-15 08:36:35,379 INFO o.a.j.t.JMeterThread: Thread started: G1 1-3
2018-10-15 08:36:35,380 INFO o.a.j.c.LoopController: iterationStart called on Loop Controller with source org.apache.jmeter.control.LoopController@24481f3c and iteration 1
2018-10-15 08:36:35,401 INFO o.a.j.r.Summariser: summary +      1 in 00:00:00 =    3.4/s Avg:    18 Min:    18 Max:    18 Err:     0 (0.00%) Active: 3 Started: 3 Finished: 0
2018-10-15 08:36:35,401 INFO o.a.j.r.Summariser: Generate Summary Results +      1 in 00:00:00 =    3.4/s Avg:    64 Min:    64 Max:    64 Err:     0 (0.00%) Active: 3 Started: 3 Finished: 0
2018-10-15 08:36:35,483 INFO o.a.j.t.JMeterThread: Thread started: G1 1-4
2018-10-15 08:36:35,483 INFO o.a.j.c.LoopController: iterationStart called on Loop Controller with source org.apache.jmeter.control.LoopController@3b382731 and iteration 1
2018-10-15 08:36:35,579 INFO o.a.j.t.JMeterThread: Thread started: G1 1-5
2018-10-15 08:36:35,580 INFO o.a.j.c.LoopController: iterationStart called on Loop Controller with source org.apache.jmeter.control.LoopController@36127a50 and iteration 1
2018-10-15 08:36:35,679 INFO o.a.j.t.JMeterThread: Thread started: G1 1-6
2018-10-15 08:36:35,680 INFO o.a.j.c.LoopController: iterationStart called on Loop Controller with source org.apache.jmeter.control.LoopController@208c48c6 and iteration 1
2018-10-15 08:36:35,780 INFO o.a.j.t.JMeterThread: Thread started: G1 1-7
2018-10-15 08:36:35,781 INFO o.a.j.c.LoopController: iterationStart called on Loop Controller with source org.apache.jmeter.control.LoopController@4b6a4e3a and iteration 1
2018-10-15 08:36:35,880 INFO o.a.j.t.JMeterThread: Thread started: G1 1-8
2018-10-15 08:36:35,881 INFO o.a.j.c.LoopController: iterationStart called on Loop Controller with source org.apache.jmeter.control.LoopController@1cc780b7 and iteration 1
2018-10-15 08:36:35,981 INFO o.a.j.t.JMeterThread: Thread started: G1 1-9
2018-10-15 08:36:35,982 INFO o.a.j.c.LoopController: iterationStart called on Loop Controller with source org.apache.jmeter.control.LoopController@35e72091 and iteration 1
2018-10-15 08:36:36,082 INFO o.a.j.t.JMeterThread: Thread started: G1 1-10
2018-10-15 08:36:36,082 INFO o.a.j.c.LoopController: iterationStart called on Loop Controller with source org.apache.jmeter.control.LoopController@5cebc87c and iteration 1
2018-10-15 08:36:36,190 INFO o.a.j.t.JMeterThread: Thread started: G1 1-11
2018-10-15 08:36:36,190 INFO o.a.j.c.LoopController: iterationStart called on Loop Controller with source org.apache.jmeter.control.LoopController@4bd6728d and iteration 1
2018-10-15 08:36:36,284 INFO o.a.j.t.JMeterThread: Thread started: G1 1-12
2018-10-15 08:36:36,285 INFO o.a.j.c.LoopController: iterationStart called on Loop Controller with source org.apache.jmeter.control.LoopController@5a86d28 and iteration 1
2018-10-15 08:36:36,385 INFO o.a.j.t.JMeterThread: Thread started: G1 1-13
2018-10-15 08:36:36,385 INFO o.a.j.c.LoopController: iterationStart called on Loop Controller with source org.apache.jmeter.control.LoopController@26e6abf1 and iteration 1
2018-10-15 08:36:36,486 INFO o.a.j.t.JMeterThread: Thread started: G1 1-14
2018-10-15 08:36:36,486 INFO o.a.j.c.LoopController: iterationStart called on Loop Controller with source org.apache.jmeter.control.LoopController@57e96fcc and iteration 1
2018-10-15 08:36:36,587 INFO o.a.j.t.JMeterThread: Thread started: G1 1-15
2018-10-15 08:36:36,588 INFO o.a.j.c.LoopController: iterationStart called on Loop Controller with source org.apache.jmeter.control.LoopController@79c4b22a and iteration 1
2018-10-15 08:36:36,688 INFO o.a.j.t.JMeterThread: Thread started: G1 1-16
2018-10-15 08:36:36,688 INFO o.a.j.c.LoopController: iterationStart called on Loop Controller with source org.apache.jmeter.control.LoopController@7b39a41e and iteration 1
2018-10-15 08:36:36,788 INFO o.a.j.t.JMeterThread: Thread started: G1 1-17
2018-10-15 08:36:36,788 INFO o.a.j.c.LoopController: iterationStart called on Loop Controller with source org.apache.jmeter.control.LoopController@3e120eae and iteration 1
2018-10-15 08:36:36,890 INFO o.a.j.t.JMeterThread: Thread started: G1 1-18
2018-10-15 08:36:36,891 INFO o.a.j.c.LoopController: iterationStart called on Loop Controller with source org.apache.jmeter.control.LoopController@2f92aaf9 and iteration 1
2018-10-15 08:36:36,991 INFO o.a.j.t.JMeterThread: Thread started: G1 1-19
2018-10-15 08:36:36,992 INFO o.a.j.c.LoopController: iterationStart called on Loop Controller with source org.apache.jmeter.control.LoopController@24d57293 and iteration 1
2018-10-15 08:36:37,093 INFO o.a.j.t.JMeterThread: Thread started: G1 1-20
2018-10-15 08:36:37,094 INFO o.a.j.c.LoopController: iterationStart called on Loop Controller with source org.apache.jmeter.control.LoopController@7ab69853 and iteration 1
2018-10-15 08:36:37,194 INFO o.a.j.t.JMeterThread: Thread started: G1 1-21
2018-10-15 08:36:37,194 INFO o.a.j.c.LoopController: iterationStart called on Loop Controller with source org.apache.jmeter.control.LoopController@35db4d34 and iteration 1
2018-10-15 08:36:37,298 INFO o.a.j.t.JMeterThread: Thread started: G1 1-22
2018-10-15 08:36:37,299 INFO o.a.j.c.LoopController: iterationStart called on Loop Controller with source org.apache.jmeter.control.LoopController@89bcdea and iteration 1
2018-10-15 08:36:37,395 INFO o.a.j.t.JMeterThread: Thread started: G1 1-23
2018-10-15 08:36:37,395 INFO o.a.j.c.LoopController: iterationStart called on Loop Controller with source org.apache.jmeter.control.LoopController@e05c62d and iteration 1
2018-10-15 08:36:37,503 INFO o.a.j.t.JMeterThread: Thread started: G1 1-24
2018-10-15 08:36:37,503 INFO o.a.j.c.LoopController: iterationStart called on Loop Controller with source org.apache.jmeter.control.LoopController@2c87b096 and iteration 1
2018-10-15 08:36:37,595 INFO o.a.j.t.JMeterThread: Thread started: G1 1-25
2018-10-15 08:36:37,597 INFO o.a.j.c.LoopController: iterationStart called on Loop Controller with source org.apache.jmeter.control.LoopController@3a2547b8 and iteration 1
2018-10-15 08:36:37,700 INFO o.a.j.t.JMeterThread: Thread started: G1 1-26
2018-10-15 08:36:37,700 INFO o.a.j.c.LoopController: iterationStart called on Loop Controller with source org.apache.jmeter.control.LoopController@627c9b7e and iteration 1
2018-10-15 08:36:37,797 INFO o.a.j.t.JMeterThread: Thread started: G1 1-27
2018-10-15 08:36:37,797 INFO o.a.j.c.LoopController: iterationStart called on Loop Controller with source org.apache.jmeter.control.LoopController@3953c818 and iteration 1
2018-10-15 08:36:37,900 INFO o.a.j.t.JMeterThread: Thread started: G1 1-28
2018-10-15 08:36:37,900 INFO o.a.j.c.LoopController: iterationStart called on Loop Controller with source org.apache.jmeter.control.LoopController@af13e40 and iteration 1
2018-10-15 08:36:37,997 INFO o.a.j.t.JMeterThread: Thread started: G1 1-29
2018-10-15 08:36:37,998 INFO o.a.j.c.LoopController: iterationStart called on Loop Controller with source org.apache.jmeter.control.LoopController@8d24588 and iteration 1
2018-10-15 08:36:38,122 INFO o.a.j.t.JMeterThread: Thread started: G1 1-30
2018-10-15 08:36:38,123 INFO o.a.j.c.LoopController: iterationStart called on Loop Controller with source org.apache.jmeter.control.LoopController@7aa6f3d5 and iteration 1
2018-10-15 08:36:38,199 INFO o.a.j.t.JMeterThread: Thread started: G1 1-31
2018-10-15 08:36:38,200 INFO o.a.j.c.LoopController: iterationStart called on Loop Controller with source org.apache.jmeter.control.LoopController@60bb06b9 and iteration 1
2018-10-15 08:36:38,305 INFO o.a.j.t.JMeterThread: Thread started: G1 1-32
2018-10-15 08:36:38,306 INFO o.a.j.c.LoopController: iterationStart called on Loop Controller with source org.apache.jmeter.control.LoopController@796afd98 and iteration 1
2018-10-15 08:36:38,400 INFO o.a.j.t.JMeterThread: Thread started: G1 1-33
2018-10-15 08:36:38,401 INFO o.a.j.c.LoopController: iterationStart called on Loop Controller with source org.apache.jmeter.control.LoopController@79012b6 and iteration 1
2018-10-15 08:36:38,527 INFO o.a.j.t.JMeterThread: Thread started: G1 1-34
2018-10-15 08:36:38,527 INFO o.a.j.c.LoopController: iterationStart called on Loop Controller with source org.apache.jmeter.control.LoopController@52cda00d and iteration 1
2018-10-15 08:36:38,626 INFO o.a.j.t.JMeterThread: Thread started: G1 1-35
2018-10-15 08:36:38,626 INFO o.a.j.c.LoopController: iterationStart called on Loop Controller with source org.apache.jmeter.control.LoopController@3534fd87 and iteration 1
2018-10-15 08:36:38,723 INFO o.a.j.t.JMeterThread: Thread started: G1 1-36
2018-10-15 08:36:38,723 INFO o.a.j.c.LoopController: iterationStart called on Loop Controller with source org.apache.jmeter.control.LoopController@cb4346a and iteration 1
2018-10-15 08:36:38,832 INFO o.a.j.t.JMeterThread: Thread started: G1 1-37
2018-10-15 08:36:38,832 INFO o.a.j.c.LoopController: iterationStart called on Loop Controller with source org.apache.jmeter.control.LoopController@7dae2b40 and iteration 1
2018-10-15 08:36:38,906 INFO o.a.j.t.JMeterThread: Thread started: G1 1-38
2018-10-15 08:36:38,907 INFO o.a.j.c.LoopController: iterationStart called on Loop Controller with source org.apache.jmeter.control.LoopController@f56434 and iteration 1
2018-10-15 08:36:39,023 INFO o.a.j.t.JMeterThread: Thread started: G1 1-39
2018-10-15 08:36:39,023 INFO o.a.j.c.LoopController: iterationStart called on Loop Controller with source org.apache.jmeter.control.LoopController@677e7de1 and iteration 1
2018-10-15 08:36:39,122 INFO o.a.j.t.JMeterThread: Thread started: G1 1-40
2018-10-15 08:36:39,122 INFO o.a.j.c.LoopController: iterationStart called on Loop Controller with source org.apache.jmeter.control.LoopController@105fa99b and iteration 1
2018-10-15 08:36:39,232 INFO o.a.j.t.JMeterThread: Thread started: G1 1-41
2018-10-15 08:36:39,237 INFO o.a.j.c.LoopController: iterationStart called on Loop Controller with source org.apache.jmeter.control.LoopController@6cfda449 and iteration 1
2018-10-15 08:36:39,325 INFO o.a.j.t.JMeterThread: Thread started: G1 1-42
2018-10-15 08:36:39,325 INFO o.a.j.c.LoopController: iterationStart called on Loop Controller with source org.apache.jmeter.control.LoopController@16596a5d and iteration 1
2018-10-15 08:36:39,426 INFO o.a.j.t.JMeterThread: Thread started: G1 1-43
2018-10-15 08:36:39,427 INFO o.a.j.c.LoopController: iterationStart called on Loop Controller with source org.apache.jmeter.control.LoopController@a0dea45 and iteration 1
2018-10-15 08:36:39,526 INFO o.a.j.t.JMeterThread: Thread started: G1 1-44
2018-10-15 08:36:39,526 INFO o.a.j.c.LoopController: iterationStart called on Loop Controller with source org.apache.jmeter.control.LoopController@2d2a16c2 and iteration 1
2018-10-15 08:36:39,627 INFO o.a.j.t.JMeterThread: Thread started: G1 1-45
2018-10-15 08:36:39,628 INFO o.a.j.c.LoopController: iterationStart called on Loop Controller with source org.apache.jmeter.control.LoopController@496f9f61 and iteration 1
2018-10-15 08:36:39,770 INFO o.a.j.t.JMeterThread: Thread started: G1 1-46
2018-10-15 08:36:39,770 INFO o.a.j.c.LoopController: iterationStart called on Loop Controller with source org.apache.jmeter.control.LoopController@522fc494 and iteration 1
2018-10-15 08:36:39,827 INFO o.a.j.t.JMeterThread: Thread started: G1 1-47
2018-10-15 08:36:39,828 INFO o.a.j.c.LoopController: iterationStart called on Loop Controller with source org.apache.jmeter.control.LoopController@966528d and iteration 1
2018-10-15 08:36:39,928 INFO o.a.j.t.JMeterThread: Thread started: G1 1-48
2018-10-15 08:36:39,928 INFO o.a.j.c.LoopController: iterationStart called on Loop Controller with source org.apache.jmeter.control.LoopController@5c45d9c6 and iteration 1
2018-10-15 08:36:40,031 INFO o.a.j.t.JMeterThread: Thread started: G1 1-49
2018-10-15 08:36:40,032 INFO o.a.j.c.LoopController: iterationStart called on Loop Controller with source org.apache.jmeter.control.LoopController@1ef41df7 and iteration 1
2018-10-15 08:36:40,137 INFO o.a.j.t.JMeterThread: Thread started: G1 1-50
2018-10-15 08:36:40,138 INFO o.a.j.c.LoopController: iterationStart called on Loop Controller with source org.apache.jmeter.control.LoopController@794b5336 and iteration 1
2018-10-15 08:37:00,000 INFO o.a.j.r.Summariser: Generate Summary Results + 122046 in 00:00:25 = 4961.4/s Avg:     8 Min:     0 Max:   314 Err:     0 (0.00%) Active: 50 Started: 50 Finished: 0
2018-10-15 08:37:00,000 INFO o.a.j.r.Summariser: summary + 122046 in 00:00:25 = 4961.4/s Avg:     8 Min:     0 Max:   314 Err:     0 (0.00%) Active: 50 Started: 50 Finished: 0
2018-10-15 08:37:00,001 INFO o.a.j.r.Summariser: Generate Summary Results = 122047 in 00:00:25 = 4903.3/s Avg:     8 Min:     0 Max:   314 Err:     0 (0.00%)
2018-10-15 08:37:00,001 INFO o.a.j.r.Summariser: summary = 122047 in 00:00:25 = 4903.3/s Avg:     8 Min:     0 Max:   314 Err:     0 (0.00%)
2018-10-15 08:37:30,005 INFO o.a.j.r.Summariser: Generate Summary Results + 166246 in 00:00:30 = 5541.5/s Avg:     8 Min:     0 Max:  1017 Err:     0 (0.00%) Active: 50 Started: 50 Finished: 0
2018-10-15 08:37:30,005 INFO o.a.j.r.Summariser: summary + 166246 in 00:00:30 = 5541.0/s Avg:     8 Min:     0 Max:  1017 Err:     0 (0.00%) Active: 50 Started: 50 Finished: 0
2018-10-15 08:37:30,009 INFO o.a.j.r.Summariser: Generate Summary Results = 288293 in 00:00:55 = 5251.8/s Avg:     8 Min:     0 Max:  1017 Err:     0 (0.00%)
2018-10-15 08:37:30,009 INFO o.a.j.r.Summariser: summary = 288293 in 00:00:55 = 5251.6/s Avg:     8 Min:     0 Max:  1017 Err:     0 (0.00%)
2018-10-15 08:38:00,001 INFO o.a.j.r.Summariser: Generate Summary Results + 164205 in 00:00:30 = 5474.0/s Avg:     8 Min:     0 Max:  1008 Err:     0 (0.00%) Active: 50 Started: 50 Finished: 0
2018-10-15 08:38:00,003 INFO o.a.j.r.Summariser: summary + 164205 in 00:00:30 = 5474.4/s Avg:     8 Min:     0 Max:  1008 Err:     0 (0.00%) Active: 50 Started: 50 Finished: 0
2018-10-15 08:38:00,005 INFO o.a.j.r.Summariser: summary = 452498 in 00:01:25 = 5330.3/s Avg:     8 Min:     0 Max:  1017 Err:     0 (0.00%)
2018-10-15 08:38:00,012 INFO o.a.j.r.Summariser: Generate Summary Results = 452498 in 00:01:25 = 5330.3/s Avg:     8 Min:     0 Max:  1017 Err:     0 (0.00%)
2018-10-15 08:38:02,220 INFO o.a.j.t.JMeterThread: Thread is done: G1 1-6
2018-10-15 08:38:02,220 INFO o.a.j.t.JMeterThread: Thread finished: G1 1-6
2018-10-15 08:38:02,871 INFO o.a.j.t.JMeterThread: Thread is done: G1 1-15
2018-10-15 08:38:02,872 INFO o.a.j.t.JMeterThread: Thread finished: G1 1-15
2018-10-15 08:38:03,041 INFO o.a.j.t.JMeterThread: Thread is done: G1 1-17
2018-10-15 08:38:03,041 INFO o.a.j.t.JMeterThread: Thread finished: G1 1-17
2018-10-15 08:38:03,520 INFO o.a.j.t.JMeterThread: Thread is done: G1 1-11
2018-10-15 08:38:03,521 INFO o.a.j.t.JMeterThread: Thread finished: G1 1-11
2018-10-15 08:38:03,923 INFO o.a.j.t.JMeterThread: Thread is done: G1 1-13
2018-10-15 08:38:03,924 INFO o.a.j.t.JMeterThread: Thread finished: G1 1-13
2018-10-15 08:38:04,417 INFO o.a.j.t.JMeterThread: Thread is done: G1 1-25
2018-10-15 08:38:04,418 INFO o.a.j.t.JMeterThread: Thread finished: G1 1-25
2018-10-15 08:38:04,714 INFO o.a.j.t.JMeterThread: Thread is done: G1 1-1
2018-10-15 08:38:04,714 INFO o.a.j.t.JMeterThread: Thread finished: G1 1-1
2018-10-15 08:38:05,228 INFO o.a.j.t.JMeterThread: Thread is done: G1 1-16
2018-10-15 08:38:05,228 INFO o.a.j.t.JMeterThread: Thread finished: G1 1-16
2018-10-15 08:38:05,377 INFO o.a.j.t.JMeterThread: Thread is done: G1 1-24
2018-10-15 08:38:05,377 INFO o.a.j.t.JMeterThread: Thread finished: G1 1-24
2018-10-15 08:38:05,672 INFO o.a.j.t.JMeterThread: Thread is done: G1 1-45
2018-10-15 08:38:05,673 INFO o.a.j.t.JMeterThread: Thread finished: G1 1-45
2018-10-15 08:38:05,916 INFO o.a.j.t.JMeterThread: Thread is done: G1 1-3
2018-10-15 08:38:05,916 INFO o.a.j.t.JMeterThread: Thread finished: G1 1-3
2018-10-15 08:38:06,294 INFO o.a.j.t.JMeterThread: Thread is done: G1 1-34
2018-10-15 08:38:06,295 INFO o.a.j.t.JMeterThread: Thread finished: G1 1-34
2018-10-15 08:38:06,473 INFO o.a.j.t.JMeterThread: Thread is done: G1 1-12
2018-10-15 08:38:06,473 INFO o.a.j.t.JMeterThread: Thread finished: G1 1-12
2018-10-15 08:38:06,555 INFO o.a.j.t.JMeterThread: Thread is done: G1 1-8
2018-10-15 08:38:06,556 INFO o.a.j.t.JMeterThread: Thread finished: G1 1-8
2018-10-15 08:38:06,565 INFO o.a.j.t.JMeterThread: Thread is done: G1 1-35
2018-10-15 08:38:06,566 INFO o.a.j.t.JMeterThread: Thread finished: G1 1-35
2018-10-15 08:38:06,617 INFO o.a.j.t.JMeterThread: Thread is done: G1 1-22
2018-10-15 08:38:06,617 INFO o.a.j.t.JMeterThread: Thread finished: G1 1-22
2018-10-15 08:38:06,750 INFO o.a.j.t.JMeterThread: Thread is done: G1 1-4
2018-10-15 08:38:06,750 INFO o.a.j.t.JMeterThread: Thread finished: G1 1-4
2018-10-15 08:38:06,850 INFO o.a.j.t.JMeterThread: Thread is done: G1 1-32
2018-10-15 08:38:06,850 INFO o.a.j.t.JMeterThread: Thread finished: G1 1-32
2018-10-15 08:38:06,934 INFO o.a.j.t.JMeterThread: Thread is done: G1 1-7
2018-10-15 08:38:06,935 INFO o.a.j.t.JMeterThread: Thread finished: G1 1-7
2018-10-15 08:38:07,069 INFO o.a.j.t.JMeterThread: Thread is done: G1 1-44
2018-10-15 08:38:07,069 INFO o.a.j.t.JMeterThread: Thread finished: G1 1-44
2018-10-15 08:38:07,267 INFO o.a.j.t.JMeterThread: Thread is done: G1 1-23
2018-10-15 08:38:07,267 INFO o.a.j.t.JMeterThread: Thread finished: G1 1-23
2018-10-15 08:38:07,282 INFO o.a.j.t.JMeterThread: Thread is done: G1 1-10
2018-10-15 08:38:07,282 INFO o.a.j.t.JMeterThread: Thread finished: G1 1-10
2018-10-15 08:38:07,339 INFO o.a.j.t.JMeterThread: Thread is done: G1 1-21
2018-10-15 08:38:07,339 INFO o.a.j.t.JMeterThread: Thread finished: G1 1-21
2018-10-15 08:38:07,386 INFO o.a.j.t.JMeterThread: Thread is done: G1 1-5
2018-10-15 08:38:07,387 INFO o.a.j.t.JMeterThread: Thread finished: G1 1-5
2018-10-15 08:38:07,438 INFO o.a.j.t.JMeterThread: Thread is done: G1 1-26
2018-10-15 08:38:07,441 INFO o.a.j.t.JMeterThread: Thread finished: G1 1-26
2018-10-15 08:38:07,446 INFO o.a.j.t.JMeterThread: Thread is done: G1 1-50
2018-10-15 08:38:07,447 INFO o.a.j.t.JMeterThread: Thread finished: G1 1-50
2018-10-15 08:38:07,496 INFO o.a.j.t.JMeterThread: Thread is done: G1 1-46
2018-10-15 08:38:07,497 INFO o.a.j.t.JMeterThread: Thread finished: G1 1-46
2018-10-15 08:38:07,794 INFO o.a.j.t.JMeterThread: Thread is done: G1 1-43
2018-10-15 08:38:07,794 INFO o.a.j.t.JMeterThread: Thread finished: G1 1-43
2018-10-15 08:38:08,005 INFO o.a.j.t.JMeterThread: Thread is done: G1 1-14
2018-10-15 08:38:08,006 INFO o.a.j.t.JMeterThread: Thread finished: G1 1-14
2018-10-15 08:38:08,090 INFO o.a.j.t.JMeterThread: Thread is done: G1 1-9
2018-10-15 08:38:08,090 INFO o.a.j.t.JMeterThread: Thread finished: G1 1-9
2018-10-15 08:38:08,152 INFO o.a.j.t.JMeterThread: Thread is done: G1 1-33
2018-10-15 08:38:08,153 INFO o.a.j.t.JMeterThread: Thread finished: G1 1-33
2018-10-15 08:38:08,182 INFO o.a.j.t.JMeterThread: Thread is done: G1 1-2
2018-10-15 08:38:08,182 INFO o.a.j.t.JMeterThread: Thread finished: G1 1-2
2018-10-15 08:38:08,216 INFO o.a.j.t.JMeterThread: Thread is done: G1 1-36
2018-10-15 08:38:08,217 INFO o.a.j.t.JMeterThread: Thread finished: G1 1-36
2018-10-15 08:38:08,596 INFO o.a.j.t.JMeterThread: Thread is done: G1 1-41
2018-10-15 08:38:08,596 INFO o.a.j.t.JMeterThread: Thread finished: G1 1-41
2018-10-15 08:38:08,679 INFO o.a.j.t.JMeterThread: Thread is done: G1 1-18
2018-10-15 08:38:08,679 INFO o.a.j.t.JMeterThread: Thread finished: G1 1-18
2018-10-15 08:38:08,768 INFO o.a.j.t.JMeterThread: Thread is done: G1 1-42
2018-10-15 08:38:08,768 INFO o.a.j.t.JMeterThread: Thread finished: G1 1-42
2018-10-15 08:38:08,801 INFO o.a.j.t.JMeterThread: Thread is done: G1 1-20
2018-10-15 08:38:08,801 INFO o.a.j.t.JMeterThread: Thread finished: G1 1-20
2018-10-15 08:38:09,144 INFO o.a.j.t.JMeterThread: Thread is done: G1 1-39
2018-10-15 08:38:09,144 INFO o.a.j.t.JMeterThread: Thread finished: G1 1-39
2018-10-15 08:38:09,316 INFO o.a.j.t.JMeterThread: Thread is done: G1 1-47
2018-10-15 08:38:09,317 INFO o.a.j.t.JMeterThread: Thread finished: G1 1-47
2018-10-15 08:38:09,336 INFO o.a.j.t.JMeterThread: Thread is done: G1 1-31
2018-10-15 08:38:09,337 INFO o.a.j.t.JMeterThread: Thread finished: G1 1-31
2018-10-15 08:38:09,412 INFO o.a.j.t.JMeterThread: Thread is done: G1 1-29
2018-10-15 08:38:09,412 INFO o.a.j.t.JMeterThread: Thread finished: G1 1-29
2018-10-15 08:38:09,680 INFO o.a.j.t.JMeterThread: Thread is done: G1 1-38
2018-10-15 08:38:09,680 INFO o.a.j.t.JMeterThread: Thread finished: G1 1-38
2018-10-15 08:38:09,749 INFO o.a.j.t.JMeterThread: Thread is done: G1 1-40
2018-10-15 08:38:09,749 INFO o.a.j.t.JMeterThread: Thread finished: G1 1-40
2018-10-15 08:38:09,801 INFO o.a.j.t.JMeterThread: Thread is done: G1 1-30
2018-10-15 08:38:09,801 INFO o.a.j.t.JMeterThread: Thread finished: G1 1-30
2018-10-15 08:38:09,804 INFO o.a.j.t.JMeterThread: Thread is done: G1 1-48
2018-10-15 08:38:09,804 INFO o.a.j.t.JMeterThread: Thread finished: G1 1-48
2018-10-15 08:38:09,892 INFO o.a.j.t.JMeterThread: Thread is done: G1 1-37
2018-10-15 08:38:09,892 INFO o.a.j.t.JMeterThread: Thread finished: G1 1-37
2018-10-15 08:38:09,892 INFO o.a.j.t.JMeterThread: Thread is done: G1 1-28
2018-10-15 08:38:09,893 INFO o.a.j.t.JMeterThread: Thread finished: G1 1-28
2018-10-15 08:38:09,998 INFO o.a.j.t.JMeterThread: Thread is done: G1 1-19
2018-10-15 08:38:09,998 INFO o.a.j.t.JMeterThread: Thread finished: G1 1-19
2018-10-15 08:38:10,023 INFO o.a.j.t.JMeterThread: Thread is done: G1 1-27
2018-10-15 08:38:10,024 INFO o.a.j.t.JMeterThread: Thread finished: G1 1-27
2018-10-15 08:38:10,111 INFO o.a.j.t.JMeterThread: Thread is done: G1 1-49
2018-10-15 08:38:10,111 INFO o.a.j.t.JMeterThread: Thread finished: G1 1-49
2018-10-15 08:38:10,111 INFO o.a.j.e.StandardJMeterEngine: Notifying test listeners of end of test
2018-10-15 08:38:10,112 INFO o.a.j.r.Summariser: summary +  47502 in 00:00:10 = 4698.1/s Avg:     7 Min:     0 Max:  1011 Err:     0 (0.00%) Active: 0 Started: 50 Finished: 50
2018-10-15 08:38:10,112 INFO o.a.j.r.Summariser: summary = 500000 in 00:01:35 = 5263.0/s Avg:     8 Min:     0 Max:  1017 Err:     0 (0.00%)
2018-10-15 08:38:10,113 INFO o.a.j.r.Summariser: Generate Summary Results +  47502 in 00:00:10 = 4697.6/s Avg:     7 Min:     0 Max:  1011 Err:     0 (0.00%) Active: 0 Started: 50 Finished: 50
2018-10-15 08:38:10,113 INFO o.a.j.r.Summariser: Generate Summary Results = 500000 in 00:01:35 = 5262.9/s Avg:     8 Min:     0 Max:  1017 Err:     0 (0.00%)
2018-10-15 08:38:10,113 INFO o.a.j.JMeter: Generating Dashboard
2018-10-15 08:38:10,114 INFO o.a.j.r.d.ReportGenerator: Flushing result collector before report Generation
2018-10-15 08:38:10,281 INFO o.a.j.r.p.NormalizerSampleConsumer: Using format, 'ms', to parse timeStamp field
2018-10-15 08:38:20,649 INFO o.a.j.r.p.AbstractSampleConsumer: class org.apache.jmeter.report.processor.AggregateConsumer#stopProducing(): beginDate produced 0 samples
2018-10-15 08:38:20,649 INFO o.a.j.r.p.AbstractSampleConsumer: class org.apache.jmeter.report.processor.AggregateConsumer#stopProducing(): endDate produced 0 samples
2018-10-15 08:38:20,651 INFO o.a.j.r.p.AbstractSampleConsumer: class org.apache.jmeter.report.processor.ApdexSummaryConsumer#stopProducing(): apdexSummary produced 0 samples
2018-10-15 08:38:20,651 INFO o.a.j.r.p.AbstractSampleConsumer: class org.apache.jmeter.report.processor.RequestsSummaryConsumer#stopProducing(): requestsSummary produced 0 samples
2018-10-15 08:38:20,667 INFO o.a.j.r.p.AbstractSampleConsumer: class org.apache.jmeter.report.processor.StatisticsSummaryConsumer#stopProducing(): statisticsSummary produced 0 samples
2018-10-15 08:38:20,675 INFO o.a.j.r.p.AbstractSampleConsumer: class org.apache.jmeter.report.processor.Top5ErrorsBySamplerConsumer#stopProducing(): top5ErrorsBySampler produced 0 samples
2018-10-15 08:38:20,675 INFO o.a.j.r.p.AbstractSampleConsumer: class org.apache.jmeter.report.processor.ErrorsSummaryConsumer#stopProducing(): errorsSummary produced 0 samples
2018-10-15 08:38:20,675 INFO o.a.j.r.p.AbstractSampleConsumer: class org.apache.jmeter.report.processor.graph.impl.HitsPerSecondGraphConsumer#stopProducing(): hitsPerSecond produced 0 samples
2018-10-15 08:38:22,241 INFO o.a.j.r.p.AbstractSampleConsumer: class org.apache.jmeter.report.processor.graph.impl.LatencyVSRequestGraphConsumer#stopProducing(): latencyVsRequest produced 0 samples
2018-10-15 08:38:22,258 INFO o.a.j.r.p.AbstractSampleConsumer: class org.apache.jmeter.report.processor.graph.impl.SyntheticResponseTimeDistributionGraphConsumer#stopProducing(): syntheticResponseTimeDistribution produced 0 samples
2018-10-15 08:38:22,258 INFO o.a.j.r.p.AbstractSampleConsumer: class org.apache.jmeter.report.processor.graph.impl.BytesThroughputGraphConsumer#stopProducing(): bytesThroughputOverTime produced 0 samples
2018-10-15 08:38:22,259 INFO o.a.j.r.p.AbstractSampleConsumer: class org.apache.jmeter.report.processor.graph.impl.CodesPerSecondGraphConsumer#stopProducing(): codesPerSecond produced 0 samples
2018-10-15 08:38:23,738 INFO o.a.j.r.p.AbstractSampleConsumer: class org.apache.jmeter.report.processor.graph.impl.ResponseTimeVSRequestGraphConsumer#stopProducing(): responseTimeVsRequest produced 0 samples
2018-10-15 08:38:23,747 INFO o.a.j.r.p.AbstractSampleConsumer: class org.apache.jmeter.report.processor.FilterConsumer#stopProducing(): startIntervalControlerFilter produced 3500000 samples
2018-10-15 08:38:23,748 INFO o.a.j.r.p.AbstractSampleConsumer: class org.apache.jmeter.report.processor.graph.impl.TotalTPSGraphConsumer#stopProducing(): totalTPS produced 0 samples
2018-10-15 08:38:23,748 INFO o.a.j.r.p.AbstractSampleConsumer: class org.apache.jmeter.report.processor.graph.impl.ActiveThreadsGraphConsumer#stopProducing(): activeThreadsOverTime produced 0 samples
2018-10-15 08:38:23,748 INFO o.a.j.r.p.AbstractSampleConsumer: class org.apache.jmeter.report.processor.graph.impl.TimeVSThreadGraphConsumer#stopProducing(): timeVsThreads produced 0 samples
2018-10-15 08:38:23,749 INFO o.a.j.r.p.AbstractSampleConsumer: class org.apache.jmeter.report.processor.graph.impl.ResponseTimeDistributionGraphConsumer#stopProducing(): responseTimeDistribution produced 0 samples
2018-10-15 08:38:23,749 INFO o.a.j.r.p.AbstractSampleConsumer: class org.apache.jmeter.report.processor.graph.impl.TransactionsPerSecondGraphConsumer#stopProducing(): transactionsPerSecond produced 0 samples
2018-10-15 08:38:23,750 INFO o.a.j.r.p.AbstractSampleConsumer: class org.apache.jmeter.report.processor.graph.impl.ResponseTimePercentilesGraphConsumer#stopProducing(): responseTimePercentiles produced 0 samples
2018-10-15 08:38:23,754 INFO o.a.j.r.p.AbstractSampleConsumer: class org.apache.jmeter.report.processor.graph.impl.ResponseTimePercentilesOverTimeGraphConsumer#stopProducing(): responseTimePercentilesOverTime produced 0 samples
2018-10-15 08:38:23,759 INFO o.a.j.r.p.AbstractSampleConsumer: class org.apache.jmeter.report.processor.graph.impl.ResponseTimeOverTimeGraphConsumer#stopProducing(): responseTimesOverTime produced 0 samples
2018-10-15 08:38:23,760 INFO o.a.j.r.p.AbstractSampleConsumer: class org.apache.jmeter.report.processor.graph.impl.ConnectTimeOverTimeGraphConsumer#stopProducing(): connectTimeOverTime produced 0 samples
2018-10-15 08:38:23,760 INFO o.a.j.r.p.AbstractSampleConsumer: class org.apache.jmeter.report.processor.graph.impl.LatencyOverTimeGraphConsumer#stopProducing(): latenciesOverTime produced 0 samples
2018-10-15 08:38:23,760 INFO o.a.j.r.p.AbstractSampleConsumer: class org.apache.jmeter.report.processor.FilterConsumer#stopProducing(): nameFilter produced 7500000 samples
2018-10-15 08:38:23,760 INFO o.a.j.r.p.AbstractSampleConsumer: class org.apache.jmeter.report.processor.FilterConsumer#stopProducing(): dateRangeFilter produced 1500000 samples
2018-10-15 08:38:23,760 INFO o.a.j.r.p.AbstractSampleConsumer: class org.apache.jmeter.report.processor.NormalizerSampleConsumer#stopProducing(): normalizer produced 500000 samples
2018-10-15 08:38:23,761 INFO o.a.j.r.p.CsvFileSampleSource: produce(): 500000 samples produced in 13s 449 ms on channel 0
2018-10-15 08:38:23,761 INFO o.a.j.r.d.ReportGenerator: Exporting data using exporter:'html' of className:'org.apache.jmeter.report.dashboard.HtmlTemplateExporter'
2018-10-15 08:38:23,766 INFO o.a.j.r.d.HtmlTemplateExporter: Will generate dashboard in folder: /usr/app/jmt_result/outputs/result50/./out_ssi
2018-10-15 08:38:23,879 INFO o.a.j.r.d.HtmlTemplateExporter: Report will be generated in: /usr/app/jmt_result/outputs/result50/./out_ssi, creating folder structure
2018-10-15 08:38:24,171 INFO o.a.j.JMeter: Dashboard generated
