2018-10-16 06:55:30,820 INFO o.a.j.u.JMeterUtils: Setting Locale to en_EN
2018-10-16 06:55:30,839 INFO o.a.j.JMeter: Loading user properties from: /jmeter/apache-jmeter-5.0/bin/user.properties
2018-10-16 06:55:30,839 INFO o.a.j.JMeter: Loading system properties from: /jmeter/apache-jmeter-5.0/bin/system.properties
2018-10-16 06:55:30,846 INFO o.a.j.JMeter: Copyright (c) 1998-2018 The Apache Software Foundation
2018-10-16 06:55:30,846 INFO o.a.j.JMeter: Version 5.0 r1840935
2018-10-16 06:55:30,846 INFO o.a.j.JMeter: java.version=1.8.0_171
2018-10-16 06:55:30,846 INFO o.a.j.JMeter: java.vm.name=OpenJDK 64-Bit Server VM
2018-10-16 06:55:30,846 INFO o.a.j.JMeter: os.name=Linux
2018-10-16 06:55:30,846 INFO o.a.j.JMeter: os.arch=amd64
2018-10-16 06:55:30,846 INFO o.a.j.JMeter: os.version=3.10.0-862.9.1.el7.x86_64
2018-10-16 06:55:30,846 INFO o.a.j.JMeter: file.encoding=UTF-8
2018-10-16 06:55:30,847 INFO o.a.j.JMeter: Max memory     =1073741824
2018-10-16 06:55:30,847 INFO o.a.j.JMeter: Available Processors =4
2018-10-16 06:55:30,853 INFO o.a.j.JMeter: Default Locale=English (EN)
2018-10-16 06:55:30,854 INFO o.a.j.JMeter: JMeter  Locale=English (EN)
2018-10-16 06:55:30,854 INFO o.a.j.JMeter: JMeterHome=/jmeter/apache-jmeter-5.0
2018-10-16 06:55:30,854 INFO o.a.j.JMeter: user.dir  =/usr/app/jmt_result/outputs/result300
2018-10-16 06:55:30,854 INFO o.a.j.JMeter: PWD       =/usr/app/jmt_result/outputs/result300
2018-10-16 06:55:30,854 INFO o.a.j.JMeter: IP: 10.42.3.36 Name: jmeter-8cf6b6f5d-rcqhk FullName: jmeter-8cf6b6f5d-rcqhk
2018-10-16 06:55:30,858 INFO o.a.j.JMeter: Setting property 'jmeter.reportgenerator.outputdir' to:'/usr/app/jmt_result/outputs/result300/./out_tailor_static_ls'
2018-10-16 06:55:30,865 INFO o.a.j.r.d.ReportGenerator: ReportGenerator will use for Parsing the separator: ','
2018-10-16 06:55:30,865 INFO o.a.j.r.d.ReportGenerator: Will only generate report from results file: result.jtl
2018-10-16 06:55:30,865 INFO o.a.j.r.d.ReportGenerator: Reading report generator properties from: /jmeter/apache-jmeter-5.0/bin/reportgenerator.properties
2018-10-16 06:55:30,866 INFO o.a.j.r.d.ReportGenerator: Merging with JMeter properties
2018-10-16 06:55:30,871 INFO o.a.j.r.c.ReportGeneratorConfiguration: Property 'jmeter.reportgenerator.temp_dir' not found, using default value 'temp' instead.
2018-10-16 06:55:30,874 INFO o.a.j.r.c.ReportGeneratorConfiguration: Property 'jmeter.reportgenerator.apdex_per_transaction' not found, using default value 'null' instead.
2018-10-16 06:55:30,879 INFO o.a.j.r.c.ReportGeneratorConfiguration: apdex_per_transaction : {} is empty, not APDEX per transaction customization
2018-10-16 06:55:30,879 INFO o.a.j.r.c.ReportGeneratorConfiguration: Property 'jmeter.reportgenerator.sample_filter' not found, using default value 'null' instead.
2018-10-16 06:55:30,879 INFO o.a.j.r.c.ReportGeneratorConfiguration: Property 'jmeter.reportgenerator.report_title' not found, using default value 'null' instead.
2018-10-16 06:55:30,879 INFO o.a.j.r.c.ReportGeneratorConfiguration: Property 'jmeter.reportgenerator.start_date' not found, using default value 'null' instead.
2018-10-16 06:55:30,879 INFO o.a.j.r.c.ReportGeneratorConfiguration: Property 'jmeter.reportgenerator.end_date' not found, using default value 'null' instead.
2018-10-16 06:55:30,879 INFO o.a.j.r.c.ReportGeneratorConfiguration: Property 'jmeter.reportgenerator.date_format' not found, using default value 'null' instead.
2018-10-16 06:55:30,880 INFO o.a.j.r.c.ReportGeneratorConfiguration: Will use date range start date: null, end date: null
2018-10-16 06:55:30,886 INFO o.a.j.r.c.ReportGeneratorConfiguration: Property 'jmeter.reportgenerator.graph.totalTPS.exclude_controllers' not found, using default value 'false' instead.
2018-10-16 06:55:30,886 INFO o.a.j.r.c.ReportGeneratorConfiguration: Property 'jmeter.reportgenerator.graph.activeThreadsOverTime.exclude_controllers' not found, using default value 'false' instead.
2018-10-16 06:55:30,887 INFO o.a.j.r.c.ReportGeneratorConfiguration: Property 'jmeter.reportgenerator.graph.timeVsThreads.exclude_controllers' not found, using default value 'false' instead.
2018-10-16 06:55:30,887 INFO o.a.j.r.c.ReportGeneratorConfiguration: Property 'jmeter.reportgenerator.graph.responseTimeDistribution.exclude_controllers' not found, using default value 'false' instead.
2018-10-16 06:55:30,887 INFO o.a.j.r.c.ReportGeneratorConfiguration: Property 'jmeter.reportgenerator.graph.transactionsPerSecond.exclude_controllers' not found, using default value 'false' instead.
2018-10-16 06:55:30,887 INFO o.a.j.r.c.ReportGeneratorConfiguration: Property 'jmeter.reportgenerator.graph.responseTimePercentiles.exclude_controllers' not found, using default value 'false' instead.
2018-10-16 06:55:30,887 INFO o.a.j.r.c.ReportGeneratorConfiguration: Property 'jmeter.reportgenerator.graph.responseTimePercentilesOverTime.exclude_controllers' not found, using default value 'false' instead.
2018-10-16 06:55:30,887 INFO o.a.j.r.c.ReportGeneratorConfiguration: Property 'jmeter.reportgenerator.graph.responseTimesOverTime.exclude_controllers' not found, using default value 'false' instead.
2018-10-16 06:55:30,888 INFO o.a.j.r.c.ReportGeneratorConfiguration: Property 'jmeter.reportgenerator.graph.connectTimeOverTime.exclude_controllers' not found, using default value 'false' instead.
2018-10-16 06:55:30,888 INFO o.a.j.r.c.ReportGeneratorConfiguration: Property 'jmeter.reportgenerator.graph.latenciesOverTime.exclude_controllers' not found, using default value 'false' instead.
2018-10-16 06:55:30,889 INFO o.a.j.r.c.ReportGeneratorConfiguration: Property 'jmeter.reportgenerator.exporter.html.filters_only_sample_series' not found, using default value 'true' instead.
2018-10-16 06:55:30,889 INFO o.a.j.r.c.ReportGeneratorConfiguration: Property 'jmeter.reportgenerator.exporter.html.series_filter' not found, using default value '' instead.
2018-10-16 06:55:30,890 INFO o.a.j.r.c.ReportGeneratorConfiguration: Property 'jmeter.reportgenerator.exporter.html.show_controllers_only' not found, using default value 'false' instead.
2018-10-16 06:55:31,083 INFO o.a.j.s.SaveService: Testplan (JMX) version: 2.2. Testlog (JTL) version: 2.2
2018-10-16 06:55:31,102 INFO o.a.j.s.SaveService: Using SaveService properties file encoding UTF-8
2018-10-16 06:55:31,107 INFO o.a.j.s.SaveService: Using SaveService properties version 5.0
2018-10-16 06:55:31,155 INFO o.a.j.r.p.NormalizerSampleConsumer: Using format, 'ms', to parse timeStamp field
2018-10-16 06:56:00,932 INFO o.a.j.r.p.AbstractSampleConsumer: class org.apache.jmeter.report.processor.AggregateConsumer#stopProducing(): beginDate produced 0 samples
2018-10-16 06:56:00,932 INFO o.a.j.r.p.AbstractSampleConsumer: class org.apache.jmeter.report.processor.AggregateConsumer#stopProducing(): endDate produced 0 samples
2018-10-16 06:56:00,935 INFO o.a.j.r.p.AbstractSampleConsumer: class org.apache.jmeter.report.processor.ApdexSummaryConsumer#stopProducing(): apdexSummary produced 0 samples
2018-10-16 06:56:00,935 INFO o.a.j.r.p.AbstractSampleConsumer: class org.apache.jmeter.report.processor.RequestsSummaryConsumer#stopProducing(): requestsSummary produced 0 samples
2018-10-16 06:56:00,951 INFO o.a.j.r.p.AbstractSampleConsumer: class org.apache.jmeter.report.processor.StatisticsSummaryConsumer#stopProducing(): statisticsSummary produced 0 samples
2018-10-16 06:56:00,965 INFO o.a.j.r.p.AbstractSampleConsumer: class org.apache.jmeter.report.processor.Top5ErrorsBySamplerConsumer#stopProducing(): top5ErrorsBySampler produced 0 samples
2018-10-16 06:56:00,965 INFO o.a.j.r.p.AbstractSampleConsumer: class org.apache.jmeter.report.processor.ErrorsSummaryConsumer#stopProducing(): errorsSummary produced 0 samples
2018-10-16 06:56:00,965 INFO o.a.j.r.p.AbstractSampleConsumer: class org.apache.jmeter.report.processor.graph.impl.HitsPerSecondGraphConsumer#stopProducing(): hitsPerSecond produced 0 samples
2018-10-16 06:56:05,003 INFO o.a.j.r.p.AbstractSampleConsumer: class org.apache.jmeter.report.processor.graph.impl.LatencyVSRequestGraphConsumer#stopProducing(): latencyVsRequest produced 0 samples
2018-10-16 06:56:05,014 INFO o.a.j.r.p.AbstractSampleConsumer: class org.apache.jmeter.report.processor.graph.impl.SyntheticResponseTimeDistributionGraphConsumer#stopProducing(): syntheticResponseTimeDistribution produced 0 samples
2018-10-16 06:56:05,014 INFO o.a.j.r.p.AbstractSampleConsumer: class org.apache.jmeter.report.processor.graph.impl.BytesThroughputGraphConsumer#stopProducing(): bytesThroughputOverTime produced 0 samples
2018-10-16 06:56:05,015 INFO o.a.j.r.p.AbstractSampleConsumer: class org.apache.jmeter.report.processor.graph.impl.CodesPerSecondGraphConsumer#stopProducing(): codesPerSecond produced 0 samples
2018-10-16 06:56:08,862 INFO o.a.j.r.p.AbstractSampleConsumer: class org.apache.jmeter.report.processor.graph.impl.ResponseTimeVSRequestGraphConsumer#stopProducing(): responseTimeVsRequest produced 0 samples
2018-10-16 06:56:08,866 INFO o.a.j.r.p.AbstractSampleConsumer: class org.apache.jmeter.report.processor.FilterConsumer#stopProducing(): startIntervalControlerFilter produced 8683052 samples
2018-10-16 06:56:08,866 INFO o.a.j.r.p.AbstractSampleConsumer: class org.apache.jmeter.report.processor.graph.impl.TotalTPSGraphConsumer#stopProducing(): totalTPS produced 0 samples
2018-10-16 06:56:08,866 INFO o.a.j.r.p.AbstractSampleConsumer: class org.apache.jmeter.report.processor.graph.impl.ActiveThreadsGraphConsumer#stopProducing(): activeThreadsOverTime produced 0 samples
2018-10-16 06:56:08,866 INFO o.a.j.r.p.AbstractSampleConsumer: class org.apache.jmeter.report.processor.graph.impl.TimeVSThreadGraphConsumer#stopProducing(): timeVsThreads produced 0 samples
2018-10-16 06:56:08,867 INFO o.a.j.r.p.AbstractSampleConsumer: class org.apache.jmeter.report.processor.graph.impl.ResponseTimeDistributionGraphConsumer#stopProducing(): responseTimeDistribution produced 0 samples
2018-10-16 06:56:08,867 INFO o.a.j.r.p.AbstractSampleConsumer: class org.apache.jmeter.report.processor.graph.impl.TransactionsPerSecondGraphConsumer#stopProducing(): transactionsPerSecond produced 0 samples
2018-10-16 06:56:08,867 INFO o.a.j.r.p.AbstractSampleConsumer: class org.apache.jmeter.report.processor.graph.impl.ResponseTimePercentilesGraphConsumer#stopProducing(): responseTimePercentiles produced 0 samples
2018-10-16 06:56:08,872 INFO o.a.j.r.p.AbstractSampleConsumer: class org.apache.jmeter.report.processor.graph.impl.ResponseTimePercentilesOverTimeGraphConsumer#stopProducing(): responseTimePercentilesOverTime produced 0 samples
2018-10-16 06:56:08,923 INFO o.a.j.r.p.AbstractSampleConsumer: class org.apache.jmeter.report.processor.graph.impl.ResponseTimeOverTimeGraphConsumer#stopProducing(): responseTimesOverTime produced 0 samples
2018-10-16 06:56:08,924 INFO o.a.j.r.p.AbstractSampleConsumer: class org.apache.jmeter.report.processor.graph.impl.ConnectTimeOverTimeGraphConsumer#stopProducing(): connectTimeOverTime produced 0 samples
2018-10-16 06:56:08,924 INFO o.a.j.r.p.AbstractSampleConsumer: class org.apache.jmeter.report.processor.graph.impl.LatencyOverTimeGraphConsumer#stopProducing(): latenciesOverTime produced 0 samples
2018-10-16 06:56:08,924 INFO o.a.j.r.p.AbstractSampleConsumer: class org.apache.jmeter.report.processor.FilterConsumer#stopProducing(): nameFilter produced 18606540 samples
2018-10-16 06:56:08,924 INFO o.a.j.r.p.AbstractSampleConsumer: class org.apache.jmeter.report.processor.FilterConsumer#stopProducing(): dateRangeFilter produced 3721308 samples
2018-10-16 06:56:08,924 INFO o.a.j.r.p.AbstractSampleConsumer: class org.apache.jmeter.report.processor.NormalizerSampleConsumer#stopProducing(): normalizer produced 1240436 samples
2018-10-16 06:56:08,925 INFO o.a.j.r.p.CsvFileSampleSource: produce(): 1240436 samples produced in 37s 735 ms on channel 0
2018-10-16 06:56:08,925 INFO o.a.j.r.d.ReportGenerator: Exporting data using exporter:'html' of className:'org.apache.jmeter.report.dashboard.HtmlTemplateExporter'
2018-10-16 06:56:08,929 INFO o.a.j.r.d.HtmlTemplateExporter: Will generate dashboard in folder: /usr/app/jmt_result/outputs/result300/./out_tailor_static_ls
2018-10-16 06:56:09,033 INFO o.a.j.r.d.HtmlTemplateExporter: Report will be generated in: /usr/app/jmt_result/outputs/result300/./out_tailor_static_ls, creating folder structure
